19-Jan-2024 20:52:25.627 INFO [main] org.apache.catalina.startup.VersionLoggerListener.log Server version name:   Apache Tomcat/9.0.70
19-Jan-2024 20:52:25.629 INFO [main] org.apache.catalina.startup.VersionLoggerListener.log Server built:          Dec 1 2022 14:05:47 UTC
19-Jan-2024 20:52:25.629 INFO [main] org.apache.catalina.startup.VersionLoggerListener.log Server version number: 9.0.70.0
19-Jan-2024 20:52:25.629 INFO [main] org.apache.catalina.startup.VersionLoggerListener.log OS Name:               Windows 8.1
19-Jan-2024 20:52:25.629 INFO [main] org.apache.catalina.startup.VersionLoggerListener.log OS Version:            6.3
19-Jan-2024 20:52:25.629 INFO [main] org.apache.catalina.startup.VersionLoggerListener.log Architecture:          amd64
19-Jan-2024 20:52:25.629 INFO [main] org.apache.catalina.startup.VersionLoggerListener.log Java Home:             C:\Program Files\Java\jdk1.8.0_45\jre
19-Jan-2024 20:52:25.629 INFO [main] org.apache.catalina.startup.VersionLoggerListener.log JVM Version:           1.8.0_45-b15
19-Jan-2024 20:52:25.629 INFO [main] org.apache.catalina.startup.VersionLoggerListener.log JVM Vendor:            Oracle Corporation
19-Jan-2024 20:52:25.629 INFO [main] org.apache.catalina.startup.VersionLoggerListener.log CATALINA_BASE:         C:\Users\ADMIN\apache-tomcat-9.0.70
19-Jan-2024 20:52:25.629 INFO [main] org.apache.catalina.startup.VersionLoggerListener.log CATALINA_HOME:         C:\Users\ADMIN\apache-tomcat-9.0.70
19-Jan-2024 20:52:25.630 INFO [main] org.apache.catalina.startup.VersionLoggerListener.log Command line argument: -Djava.util.logging.config.file=C:\Users\ADMIN\apache-tomcat-9.0.70\conf\logging.properties
19-Jan-2024 20:52:25.630 INFO [main] org.apache.catalina.startup.VersionLoggerListener.log Command line argument: -Djava.util.logging.manager=org.apache.juli.ClassLoaderLogManager
19-Jan-2024 20:52:25.630 INFO [main] org.apache.catalina.startup.VersionLoggerListener.log Command line argument: -Dhttp.nonProxyHosts=localhost|127.0.0.1|MSI
19-Jan-2024 20:52:25.630 INFO [main] org.apache.catalina.startup.VersionLoggerListener.log Command line argument: -Djdk.tls.ephemeralDHKeySize=2048
19-Jan-2024 20:52:25.630 INFO [main] org.apache.catalina.startup.VersionLoggerListener.log Command line argument: -Djava.protocol.handler.pkgs=org.apache.catalina.webresources
19-Jan-2024 20:52:25.631 INFO [main] org.apache.catalina.startup.VersionLoggerListener.log Command line argument: -Dignore.endorsed.dirs=
19-Jan-2024 20:52:25.631 INFO [main] org.apache.catalina.startup.VersionLoggerListener.log Command line argument: -Dcatalina.base=C:\Users\ADMIN\apache-tomcat-9.0.70
19-Jan-2024 20:52:25.631 INFO [main] org.apache.catalina.startup.VersionLoggerListener.log Command line argument: -Dcatalina.home=C:\Users\ADMIN\apache-tomcat-9.0.70
19-Jan-2024 20:52:25.631 INFO [main] org.apache.catalina.startup.VersionLoggerListener.log Command line argument: -Djava.io.tmpdir=C:\Users\ADMIN\apache-tomcat-9.0.70\temp
19-Jan-2024 20:52:25.636 INFO [main] org.apache.catalina.core.AprLifecycleListener.lifecycleEvent Loaded Apache Tomcat Native library [1.2.35] using APR version [1.7.0].
19-Jan-2024 20:52:25.636 INFO [main] org.apache.catalina.core.AprLifecycleListener.lifecycleEvent APR capabilities: IPv6 [true], sendfile [true], accept filters [false], random [true], UDS [true].
19-Jan-2024 20:52:25.636 INFO [main] org.apache.catalina.core.AprLifecycleListener.lifecycleEvent APR/OpenSSL configuration: useAprConnector [false], useOpenSSL [true]
19-Jan-2024 20:52:25.647 INFO [main] org.apache.catalina.core.AprLifecycleListener.initializeSSL OpenSSL successfully initialized [OpenSSL 1.1.1q  5 Jul 2022]
19-Jan-2024 20:52:25.864 INFO [main] org.apache.coyote.AbstractProtocol.init Initializing ProtocolHandler ["http-nio-8080"]
19-Jan-2024 20:52:25.883 INFO [main] org.apache.catalina.startup.Catalina.load Server initialization in [391] milliseconds
19-Jan-2024 20:52:25.910 INFO [main] org.apache.catalina.core.StandardService.startInternal Starting service [Catalina]
19-Jan-2024 20:52:25.910 INFO [main] org.apache.catalina.core.StandardEngine.startInternal Starting Servlet engine: [Apache Tomcat/9.0.70]
19-Jan-2024 20:52:25.919 INFO [main] org.apache.catalina.startup.HostConfig.deployDescriptor Deploying deployment descriptor [C:\Users\ADMIN\apache-tomcat-9.0.70\conf\Catalina\localhost\02-demo02.xml]
19-Jan-2024 20:52:25.934 WARNING [main] org.apache.catalina.startup.HostConfig.deployDescriptor The path attribute with value [/02-demo02] in deployment descriptor [C:\Users\ADMIN\apache-tomcat-9.0.70\conf\Catalina\localhost\02-demo02.xml] has been ignored
19-Jan-2024 20:52:26.222 INFO [main] org.apache.jasper.servlet.TldScanner.scanJars At least one JAR was scanned for TLDs yet contained no TLDs. Enable debug logging for this logger for a complete list of JARs that were scanned but no TLDs were found in them. Skipping unneeded JARs during scanning can improve startup time and JSP compilation time.
19-Jan-2024 20:52:26.351 INFO [main] org.apache.catalina.startup.HostConfig.deployDescriptor Deployment of deployment descriptor [C:\Users\ADMIN\apache-tomcat-9.0.70\conf\Catalina\localhost\02-demo02.xml] has finished in [431] ms
19-Jan-2024 20:52:26.351 INFO [main] org.apache.catalina.startup.HostConfig.deployDescriptor Deploying deployment descriptor [C:\Users\ADMIN\apache-tomcat-9.0.70\conf\Catalina\localhost\Airplane.xml]
19-Jan-2024 20:52:26.352 WARNING [main] org.apache.catalina.startup.HostConfig.deployDescriptor The path attribute with value [/Airplane] in deployment descriptor [C:\Users\ADMIN\apache-tomcat-9.0.70\conf\Catalina\localhost\Airplane.xml] has been ignored
19-Jan-2024 20:52:26.545 INFO [main] org.apache.jasper.servlet.TldScanner.scanJars At least one JAR was scanned for TLDs yet contained no TLDs. Enable debug logging for this logger for a complete list of JARs that were scanned but no TLDs were found in them. Skipping unneeded JARs during scanning can improve startup time and JSP compilation time.
19-Jan-2024 20:52:26.547 INFO [main] org.apache.catalina.startup.HostConfig.deployDescriptor Deployment of deployment descriptor [C:\Users\ADMIN\apache-tomcat-9.0.70\conf\Catalina\localhost\Airplane.xml] has finished in [195] ms
19-Jan-2024 20:52:26.547 INFO [main] org.apache.catalina.startup.HostConfig.deployDescriptor Deploying deployment descriptor [C:\Users\ADMIN\apache-tomcat-9.0.70\conf\Catalina\localhost\AirplanePE.xml]
19-Jan-2024 20:52:26.547 WARNING [main] org.apache.catalina.startup.HostConfig.deployDescriptor The path attribute with value [/AirplanePE] in deployment descriptor [C:\Users\ADMIN\apache-tomcat-9.0.70\conf\Catalina\localhost\AirplanePE.xml] has been ignored
19-Jan-2024 20:52:26.824 INFO [main] org.apache.jasper.servlet.TldScanner.scanJars At least one JAR was scanned for TLDs yet contained no TLDs. Enable debug logging for this logger for a complete list of JARs that were scanned but no TLDs were found in them. Skipping unneeded JARs during scanning can improve startup time and JSP compilation time.
19-Jan-2024 20:52:26.835 INFO [main] org.apache.catalina.startup.HostConfig.deployDescriptor Deployment of deployment descriptor [C:\Users\ADMIN\apache-tomcat-9.0.70\conf\Catalina\localhost\AirplanePE.xml] has finished in [287] ms
19-Jan-2024 20:52:26.835 INFO [main] org.apache.catalina.startup.HostConfig.deployDescriptor Deploying deployment descriptor [C:\Users\ADMIN\apache-tomcat-9.0.70\conf\Catalina\localhost\ASSIGNMENT.xml]
19-Jan-2024 20:52:26.836 WARNING [main] org.apache.catalina.startup.HostConfig.deployDescriptor The path attribute with value [/ASSIGNMENT] in deployment descriptor [C:\Users\ADMIN\apache-tomcat-9.0.70\conf\Catalina\localhost\ASSIGNMENT.xml] has been ignored
19-Jan-2024 20:52:27.038 INFO [main] org.apache.jasper.servlet.TldScanner.scanJars At least one JAR was scanned for TLDs yet contained no TLDs. Enable debug logging for this logger for a complete list of JARs that were scanned but no TLDs were found in them. Skipping unneeded JARs during scanning can improve startup time and JSP compilation time.
19-Jan-2024 20:52:27.046 INFO [main] org.apache.catalina.startup.HostConfig.deployDescriptor Deployment of deployment descriptor [C:\Users\ADMIN\apache-tomcat-9.0.70\conf\Catalina\localhost\ASSIGNMENT.xml] has finished in [211] ms
19-Jan-2024 20:52:27.046 INFO [main] org.apache.catalina.startup.HostConfig.deployDescriptor Deploying deployment descriptor [C:\Users\ADMIN\apache-tomcat-9.0.70\conf\Catalina\localhost\BookLibrary.xml]
19-Jan-2024 20:52:27.047 WARNING [main] org.apache.catalina.startup.HostConfig.deployDescriptor The path attribute with value [/BookLibrary] in deployment descriptor [C:\Users\ADMIN\apache-tomcat-9.0.70\conf\Catalina\localhost\BookLibrary.xml] has been ignored
19-Jan-2024 20:52:27.301 INFO [main] org.apache.jasper.servlet.TldScanner.scanJars At least one JAR was scanned for TLDs yet contained no TLDs. Enable debug logging for this logger for a complete list of JARs that were scanned but no TLDs were found in them. Skipping unneeded JARs during scanning can improve startup time and JSP compilation time.
19-Jan-2024 20:52:27.306 INFO [main] org.apache.catalina.startup.HostConfig.deployDescriptor Deployment of deployment descriptor [C:\Users\ADMIN\apache-tomcat-9.0.70\conf\Catalina\localhost\BookLibrary.xml] has finished in [260] ms
19-Jan-2024 20:52:27.306 INFO [main] org.apache.catalina.startup.HostConfig.deployDescriptor Deploying deployment descriptor [C:\Users\ADMIN\apache-tomcat-9.0.70\conf\Catalina\localhost\CakeCart.xml]
19-Jan-2024 20:52:27.307 WARNING [main] org.apache.catalina.startup.HostConfig.deployDescriptor The path attribute with value [/CakeCart] in deployment descriptor [C:\Users\ADMIN\apache-tomcat-9.0.70\conf\Catalina\localhost\CakeCart.xml] has been ignored
19-Jan-2024 20:52:27.567 INFO [main] org.apache.jasper.servlet.TldScanner.scanJars At least one JAR was scanned for TLDs yet contained no TLDs. Enable debug logging for this logger for a complete list of JARs that were scanned but no TLDs were found in them. Skipping unneeded JARs during scanning can improve startup time and JSP compilation time.
19-Jan-2024 20:52:27.573 INFO [main] org.apache.catalina.startup.HostConfig.deployDescriptor Deployment of deployment descriptor [C:\Users\ADMIN\apache-tomcat-9.0.70\conf\Catalina\localhost\CakeCart.xml] has finished in [266] ms
19-Jan-2024 20:52:27.573 INFO [main] org.apache.catalina.startup.HostConfig.deployDescriptor Deploying deployment descriptor [C:\Users\ADMIN\apache-tomcat-9.0.70\conf\Catalina\localhost\CakePE.xml]
19-Jan-2024 20:52:27.574 WARNING [main] org.apache.catalina.startup.HostConfig.deployDescriptor The path attribute with value [/CakePE] in deployment descriptor [C:\Users\ADMIN\apache-tomcat-9.0.70\conf\Catalina\localhost\CakePE.xml] has been ignored
19-Jan-2024 20:52:27.799 INFO [main] org.apache.jasper.servlet.TldScanner.scanJars At least one JAR was scanned for TLDs yet contained no TLDs. Enable debug logging for this logger for a complete list of JARs that were scanned but no TLDs were found in them. Skipping unneeded JARs during scanning can improve startup time and JSP compilation time.
19-Jan-2024 20:52:27.805 INFO [main] org.apache.catalina.startup.HostConfig.deployDescriptor Deployment of deployment descriptor [C:\Users\ADMIN\apache-tomcat-9.0.70\conf\Catalina\localhost\CakePE.xml] has finished in [232] ms
19-Jan-2024 20:52:27.805 INFO [main] org.apache.catalina.startup.HostConfig.deployDescriptor Deploying deployment descriptor [C:\Users\ADMIN\apache-tomcat-9.0.70\conf\Catalina\localhost\CakeShop.xml]
19-Jan-2024 20:52:27.806 WARNING [main] org.apache.catalina.startup.HostConfig.deployDescriptor The path attribute with value [/CakeShop] in deployment descriptor [C:\Users\ADMIN\apache-tomcat-9.0.70\conf\Catalina\localhost\CakeShop.xml] has been ignored
19-Jan-2024 20:52:28.039 INFO [main] org.apache.jasper.servlet.TldScanner.scanJars At least one JAR was scanned for TLDs yet contained no TLDs. Enable debug logging for this logger for a complete list of JARs that were scanned but no TLDs were found in them. Skipping unneeded JARs during scanning can improve startup time and JSP compilation time.
19-Jan-2024 20:52:28.044 INFO [main] org.apache.catalina.startup.HostConfig.deployDescriptor Deployment of deployment descriptor [C:\Users\ADMIN\apache-tomcat-9.0.70\conf\Catalina\localhost\CakeShop.xml] has finished in [239] ms
19-Jan-2024 20:52:28.044 INFO [main] org.apache.catalina.startup.HostConfig.deployDescriptor Deploying deployment descriptor [C:\Users\ADMIN\apache-tomcat-9.0.70\conf\Catalina\localhost\CompanyPE.xml]
19-Jan-2024 20:52:28.045 WARNING [main] org.apache.catalina.startup.HostConfig.deployDescriptor The path attribute with value [/CompanyPE] in deployment descriptor [C:\Users\ADMIN\apache-tomcat-9.0.70\conf\Catalina\localhost\CompanyPE.xml] has been ignored
19-Jan-2024 20:52:28.277 INFO [main] org.apache.jasper.servlet.TldScanner.scanJars At least one JAR was scanned for TLDs yet contained no TLDs. Enable debug logging for this logger for a complete list of JARs that were scanned but no TLDs were found in them. Skipping unneeded JARs during scanning can improve startup time and JSP compilation time.
19-Jan-2024 20:52:28.281 INFO [main] org.apache.catalina.startup.HostConfig.deployDescriptor Deployment of deployment descriptor [C:\Users\ADMIN\apache-tomcat-9.0.70\conf\Catalina\localhost\CompanyPE.xml] has finished in [237] ms
19-Jan-2024 20:52:28.281 INFO [main] org.apache.catalina.startup.HostConfig.deployDescriptor Deploying deployment descriptor [C:\Users\ADMIN\apache-tomcat-9.0.70\conf\Catalina\localhost\Demo1.xml]
19-Jan-2024 20:52:28.282 WARNING [main] org.apache.catalina.startup.HostConfig.deployDescriptor The path attribute with value [/Demo1] in deployment descriptor [C:\Users\ADMIN\apache-tomcat-9.0.70\conf\Catalina\localhost\Demo1.xml] has been ignored
19-Jan-2024 20:52:28.304 INFO [main] org.apache.catalina.startup.HostConfig.deployDescriptor Deployment of deployment descriptor [C:\Users\ADMIN\apache-tomcat-9.0.70\conf\Catalina\localhost\Demo1.xml] has finished in [23] ms
19-Jan-2024 20:52:28.305 INFO [main] org.apache.catalina.startup.HostConfig.deployDescriptor Deploying deployment descriptor [C:\Users\ADMIN\apache-tomcat-9.0.70\conf\Catalina\localhost\Demo2.xml]
19-Jan-2024 20:52:28.305 WARNING [main] org.apache.catalina.startup.HostConfig.deployDescriptor The path attribute with value [/Demo2] in deployment descriptor [C:\Users\ADMIN\apache-tomcat-9.0.70\conf\Catalina\localhost\Demo2.xml] has been ignored
19-Jan-2024 20:52:28.400 INFO [main] org.apache.jasper.servlet.TldScanner.scanJars At least one JAR was scanned for TLDs yet contained no TLDs. Enable debug logging for this logger for a complete list of JARs that were scanned but no TLDs were found in them. Skipping unneeded JARs during scanning can improve startup time and JSP compilation time.
19-Jan-2024 20:52:28.401 INFO [main] org.apache.catalina.startup.HostConfig.deployDescriptor Deployment of deployment descriptor [C:\Users\ADMIN\apache-tomcat-9.0.70\conf\Catalina\localhost\Demo2.xml] has finished in [97] ms
19-Jan-2024 20:52:28.402 INFO [main] org.apache.catalina.startup.HostConfig.deployDescriptor Deploying deployment descriptor [C:\Users\ADMIN\apache-tomcat-9.0.70\conf\Catalina\localhost\Demo3.xml]
19-Jan-2024 20:52:28.402 WARNING [main] org.apache.catalina.startup.HostConfig.deployDescriptor The path attribute with value [/Demo3] in deployment descriptor [C:\Users\ADMIN\apache-tomcat-9.0.70\conf\Catalina\localhost\Demo3.xml] has been ignored
19-Jan-2024 20:52:28.419 SEVERE [main] org.apache.catalina.startup.HostConfig.deployDescriptor Error deploying deployment descriptor [C:\Users\ADMIN\apache-tomcat-9.0.70\conf\Catalina\localhost\Demo3.xml]
	java.lang.IllegalStateException: Error starting child
		at org.apache.catalina.core.ContainerBase.addChildInternal(ContainerBase.java:729)
		at org.apache.catalina.core.ContainerBase.addChild(ContainerBase.java:698)
		at org.apache.catalina.core.StandardHost.addChild(StandardHost.java:696)
		at org.apache.catalina.startup.HostConfig.deployDescriptor(HostConfig.java:689)
		at org.apache.catalina.startup.HostConfig$DeployDescriptor.run(HostConfig.java:1888)
		at java.util.concurrent.Executors$RunnableAdapter.call(Executors.java:511)
		at java.util.concurrent.FutureTask.run(FutureTask.java:266)
		at org.apache.tomcat.util.threads.InlineExecutorService.execute(InlineExecutorService.java:75)
		at java.util.concurrent.AbstractExecutorService.submit(AbstractExecutorService.java:112)
		at org.apache.catalina.startup.HostConfig.deployDescriptors(HostConfig.java:582)
		at org.apache.catalina.startup.HostConfig.deployApps(HostConfig.java:472)
		at org.apache.catalina.startup.HostConfig.start(HostConfig.java:1617)
		at org.apache.catalina.startup.HostConfig.lifecycleEvent(HostConfig.java:318)
		at org.apache.catalina.util.LifecycleBase.fireLifecycleEvent(LifecycleBase.java:123)
		at org.apache.catalina.util.LifecycleBase.setStateInternal(LifecycleBase.java:423)
		at org.apache.catalina.util.LifecycleBase.setState(LifecycleBase.java:366)
		at org.apache.catalina.core.ContainerBase.startInternal(ContainerBase.java:943)
		at org.apache.catalina.core.StandardHost.startInternal(StandardHost.java:835)
		at org.apache.catalina.util.LifecycleBase.start(LifecycleBase.java:183)
		at org.apache.catalina.core.ContainerBase$StartChild.call(ContainerBase.java:1393)
		at org.apache.catalina.core.ContainerBase$StartChild.call(ContainerBase.java:1383)
		at java.util.concurrent.FutureTask.run(FutureTask.java:266)
		at org.apache.tomcat.util.threads.InlineExecutorService.execute(InlineExecutorService.java:75)
		at java.util.concurrent.AbstractExecutorService.submit(AbstractExecutorService.java:134)
		at org.apache.catalina.core.ContainerBase.startInternal(ContainerBase.java:916)
		at org.apache.catalina.core.StandardEngine.startInternal(StandardEngine.java:265)
		at org.apache.catalina.util.LifecycleBase.start(LifecycleBase.java:183)
		at org.apache.catalina.core.StandardService.startInternal(StandardService.java:430)
		at org.apache.catalina.util.LifecycleBase.start(LifecycleBase.java:183)
		at org.apache.catalina.core.StandardServer.startInternal(StandardServer.java:930)
		at org.apache.catalina.util.LifecycleBase.start(LifecycleBase.java:183)
		at org.apache.catalina.startup.Catalina.start(Catalina.java:772)
		at sun.reflect.NativeMethodAccessorImpl.invoke0(Native Method)
		at sun.reflect.NativeMethodAccessorImpl.invoke(NativeMethodAccessorImpl.java:62)
		at sun.reflect.DelegatingMethodAccessorImpl.invoke(DelegatingMethodAccessorImpl.java:43)
		at java.lang.reflect.Method.invoke(Method.java:497)
		at org.apache.catalina.startup.Bootstrap.start(Bootstrap.java:347)
		at org.apache.catalina.startup.Bootstrap.main(Bootstrap.java:478)
	Caused by: org.apache.catalina.LifecycleException: Failed to start component [StandardEngine[Catalina].StandardHost[localhost].StandardContext[/Demo3]]
		at org.apache.catalina.util.LifecycleBase.handleSubClassException(LifecycleBase.java:440)
		at org.apache.catalina.util.LifecycleBase.start(LifecycleBase.java:198)
		at org.apache.catalina.core.ContainerBase.addChildInternal(ContainerBase.java:726)
		... 37 more
	Caused by: java.lang.IllegalArgumentException: Servlet mapping specifies an unknown servlet name [Servlet4]
		at org.apache.catalina.core.StandardContext.addServletMappingDecoded(StandardContext.java:3229)
		at org.apache.catalina.Context.addServletMappingDecoded(Context.java:905)
		at org.apache.catalina.startup.ContextConfig.configureContext(ContextConfig.java:1563)
		at org.apache.catalina.startup.ContextConfig.webConfig(ContextConfig.java:1330)
		at org.apache.catalina.startup.ContextConfig.configureStart(ContextConfig.java:987)
		at org.apache.catalina.startup.ContextConfig.lifecycleEvent(ContextConfig.java:304)
		at org.apache.catalina.util.LifecycleBase.fireLifecycleEvent(LifecycleBase.java:123)
		at org.apache.catalina.core.StandardContext.startInternal(StandardContext.java:5127)
		at org.apache.catalina.util.LifecycleBase.start(LifecycleBase.java:183)
		... 38 more
19-Jan-2024 20:52:28.460 INFO [main] org.apache.catalina.startup.HostConfig.deployDescriptor Deployment of deployment descriptor [C:\Users\ADMIN\apache-tomcat-9.0.70\conf\Catalina\localhost\Demo3.xml] has finished in [59] ms
19-Jan-2024 20:52:28.461 INFO [main] org.apache.catalina.startup.HostConfig.deployDescriptor Deploying deployment descriptor [C:\Users\ADMIN\apache-tomcat-9.0.70\conf\Catalina\localhost\Demo4.xml]
19-Jan-2024 20:52:28.462 WARNING [main] org.apache.catalina.startup.HostConfig.deployDescriptor The path attribute with value [/Demo4] in deployment descriptor [C:\Users\ADMIN\apache-tomcat-9.0.70\conf\Catalina\localhost\Demo4.xml] has been ignored
19-Jan-2024 20:52:28.478 INFO [main] org.apache.catalina.startup.HostConfig.deployDescriptor Deployment of deployment descriptor [C:\Users\ADMIN\apache-tomcat-9.0.70\conf\Catalina\localhost\Demo4.xml] has finished in [18] ms
19-Jan-2024 20:52:28.478 INFO [main] org.apache.catalina.startup.HostConfig.deployDescriptor Deploying deployment descriptor [C:\Users\ADMIN\apache-tomcat-9.0.70\conf\Catalina\localhost\DemoFilter.xml]
19-Jan-2024 20:52:28.479 WARNING [main] org.apache.catalina.startup.HostConfig.deployDescriptor The path attribute with value [/DemoFilter] in deployment descriptor [C:\Users\ADMIN\apache-tomcat-9.0.70\conf\Catalina\localhost\DemoFilter.xml] has been ignored
19-Jan-2024 20:52:28.515 INFO [main] org.apache.catalina.startup.HostConfig.deployDescriptor Deployment of deployment descriptor [C:\Users\ADMIN\apache-tomcat-9.0.70\conf\Catalina\localhost\DemoFilter.xml] has finished in [37] ms
19-Jan-2024 20:52:28.515 INFO [main] org.apache.catalina.startup.HostConfig.deployDescriptor Deploying deployment descriptor [C:\Users\ADMIN\apache-tomcat-9.0.70\conf\Catalina\localhost\DemoMVC2.xml]
19-Jan-2024 20:52:28.517 WARNING [main] org.apache.catalina.startup.HostConfig.deployDescriptor The path attribute with value [/DemoMVC2] in deployment descriptor [C:\Users\ADMIN\apache-tomcat-9.0.70\conf\Catalina\localhost\DemoMVC2.xml] has been ignored
19-Jan-2024 20:52:28.540 INFO [main] org.apache.catalina.startup.HostConfig.deployDescriptor Deployment of deployment descriptor [C:\Users\ADMIN\apache-tomcat-9.0.70\conf\Catalina\localhost\DemoMVC2.xml] has finished in [25] ms
19-Jan-2024 20:52:28.541 INFO [main] org.apache.catalina.startup.HostConfig.deployDescriptor Deploying deployment descriptor [C:\Users\ADMIN\apache-tomcat-9.0.70\conf\Catalina\localhost\DemoTag.xml]
19-Jan-2024 20:52:28.542 WARNING [main] org.apache.catalina.startup.HostConfig.deployDescriptor The path attribute with value [/DemoTag] in deployment descriptor [C:\Users\ADMIN\apache-tomcat-9.0.70\conf\Catalina\localhost\DemoTag.xml] has been ignored
19-Jan-2024 20:52:28.573 INFO [main] org.apache.catalina.startup.HostConfig.deployDescriptor Deployment of deployment descriptor [C:\Users\ADMIN\apache-tomcat-9.0.70\conf\Catalina\localhost\DemoTag.xml] has finished in [32] ms
19-Jan-2024 20:52:28.573 INFO [main] org.apache.catalina.startup.HostConfig.deployDescriptor Deploying deployment descriptor [C:\Users\ADMIN\apache-tomcat-9.0.70\conf\Catalina\localhost\DemoTruong.xml]
19-Jan-2024 20:52:28.574 WARNING [main] org.apache.catalina.startup.HostConfig.deployDescriptor The path attribute with value [/DemoTruong] in deployment descriptor [C:\Users\ADMIN\apache-tomcat-9.0.70\conf\Catalina\localhost\DemoTruong.xml] has been ignored
19-Jan-2024 20:52:28.669 INFO [main] org.apache.jasper.servlet.TldScanner.scanJars At least one JAR was scanned for TLDs yet contained no TLDs. Enable debug logging for this logger for a complete list of JARs that were scanned but no TLDs were found in them. Skipping unneeded JARs during scanning can improve startup time and JSP compilation time.
19-Jan-2024 20:52:28.672 INFO [main] org.apache.catalina.startup.HostConfig.deployDescriptor Deployment of deployment descriptor [C:\Users\ADMIN\apache-tomcat-9.0.70\conf\Catalina\localhost\DemoTruong.xml] has finished in [99] ms
19-Jan-2024 20:52:28.672 INFO [main] org.apache.catalina.startup.HostConfig.deployDescriptor Deploying deployment descriptor [C:\Users\ADMIN\apache-tomcat-9.0.70\conf\Catalina\localhost\FlowerShop.xml]
19-Jan-2024 20:52:28.679 WARNING [main] org.apache.catalina.startup.HostConfig.deployDescriptor The path attribute with value [/FlowerShop] in deployment descriptor [C:\Users\ADMIN\apache-tomcat-9.0.70\conf\Catalina\localhost\FlowerShop.xml] has been ignored
19-Jan-2024 20:52:28.984 INFO [main] org.apache.jasper.servlet.TldScanner.scanJars At least one JAR was scanned for TLDs yet contained no TLDs. Enable debug logging for this logger for a complete list of JARs that were scanned but no TLDs were found in them. Skipping unneeded JARs during scanning can improve startup time and JSP compilation time.
19-Jan-2024 20:52:28.989 INFO [main] org.apache.catalina.startup.HostConfig.deployDescriptor Deployment of deployment descriptor [C:\Users\ADMIN\apache-tomcat-9.0.70\conf\Catalina\localhost\FlowerShop.xml] has finished in [317] ms
19-Jan-2024 20:52:28.989 INFO [main] org.apache.catalina.startup.HostConfig.deployDescriptor Deploying deployment descriptor [C:\Users\ADMIN\apache-tomcat-9.0.70\conf\Catalina\localhost\LearnCSS.xml]
19-Jan-2024 20:52:28.990 WARNING [main] org.apache.catalina.startup.HostConfig.deployDescriptor The path attribute with value [/LearnCSS] in deployment descriptor [C:\Users\ADMIN\apache-tomcat-9.0.70\conf\Catalina\localhost\LearnCSS.xml] has been ignored
19-Jan-2024 20:52:29.014 INFO [main] org.apache.catalina.startup.HostConfig.deployDescriptor Deployment of deployment descriptor [C:\Users\ADMIN\apache-tomcat-9.0.70\conf\Catalina\localhost\LearnCSS.xml] has finished in [24] ms
19-Jan-2024 20:52:29.014 INFO [main] org.apache.catalina.startup.HostConfig.deployDescriptor Deploying deployment descriptor [C:\Users\ADMIN\apache-tomcat-9.0.70\conf\Catalina\localhost\MusicManagement.xml]
19-Jan-2024 20:52:29.015 WARNING [main] org.apache.catalina.startup.HostConfig.deployDescriptor The path attribute with value [/MusicManagement] in deployment descriptor [C:\Users\ADMIN\apache-tomcat-9.0.70\conf\Catalina\localhost\MusicManagement.xml] has been ignored
19-Jan-2024 20:52:29.264 INFO [main] org.apache.jasper.servlet.TldScanner.scanJars At least one JAR was scanned for TLDs yet contained no TLDs. Enable debug logging for this logger for a complete list of JARs that were scanned but no TLDs were found in them. Skipping unneeded JARs during scanning can improve startup time and JSP compilation time.
19-Jan-2024 20:52:29.269 INFO [main] org.apache.catalina.startup.HostConfig.deployDescriptor Deployment of deployment descriptor [C:\Users\ADMIN\apache-tomcat-9.0.70\conf\Catalina\localhost\MusicManagement.xml] has finished in [254] ms
19-Jan-2024 20:52:29.269 INFO [main] org.apache.catalina.startup.HostConfig.deployDescriptor Deploying deployment descriptor [C:\Users\ADMIN\apache-tomcat-9.0.70\conf\Catalina\localhost\MVC2_JSP_Demo.xml]
19-Jan-2024 20:52:29.270 WARNING [main] org.apache.catalina.startup.HostConfig.deployDescriptor The path attribute with value [/MVC2_JSP_Demo] in deployment descriptor [C:\Users\ADMIN\apache-tomcat-9.0.70\conf\Catalina\localhost\MVC2_JSP_Demo.xml] has been ignored
19-Jan-2024 20:52:29.517 INFO [main] org.apache.jasper.servlet.TldScanner.scanJars At least one JAR was scanned for TLDs yet contained no TLDs. Enable debug logging for this logger for a complete list of JARs that were scanned but no TLDs were found in them. Skipping unneeded JARs during scanning can improve startup time and JSP compilation time.
19-Jan-2024 20:52:29.520 INFO [main] org.apache.catalina.startup.HostConfig.deployDescriptor Deployment of deployment descriptor [C:\Users\ADMIN\apache-tomcat-9.0.70\conf\Catalina\localhost\MVC2_JSP_Demo.xml] has finished in [251] ms
19-Jan-2024 20:52:29.520 INFO [main] org.apache.catalina.startup.HostConfig.deployDescriptor Deploying deployment descriptor [C:\Users\ADMIN\apache-tomcat-9.0.70\conf\Catalina\localhost\PE_PRJ301_SP23_THITHU.xml]
19-Jan-2024 20:52:29.521 WARNING [main] org.apache.catalina.startup.HostConfig.deployDescriptor The path attribute with value [/PE_PRJ301_SP23_THITHU] in deployment descriptor [C:\Users\ADMIN\apache-tomcat-9.0.70\conf\Catalina\localhost\PE_PRJ301_SP23_THITHU.xml] has been ignored
19-Jan-2024 20:52:29.524 SEVERE [main] org.apache.catalina.startup.HostConfig.deployDescriptor Error deploying deployment descriptor [C:\Users\ADMIN\apache-tomcat-9.0.70\conf\Catalina\localhost\PE_PRJ301_SP23_THITHU.xml]
	java.lang.IllegalStateException: Error starting child
		at org.apache.catalina.core.ContainerBase.addChildInternal(ContainerBase.java:729)
		at org.apache.catalina.core.ContainerBase.addChild(ContainerBase.java:698)
		at org.apache.catalina.core.StandardHost.addChild(StandardHost.java:696)
		at org.apache.catalina.startup.HostConfig.deployDescriptor(HostConfig.java:689)
		at org.apache.catalina.startup.HostConfig$DeployDescriptor.run(HostConfig.java:1888)
		at java.util.concurrent.Executors$RunnableAdapter.call(Executors.java:511)
		at java.util.concurrent.FutureTask.run(FutureTask.java:266)
		at org.apache.tomcat.util.threads.InlineExecutorService.execute(InlineExecutorService.java:75)
		at java.util.concurrent.AbstractExecutorService.submit(AbstractExecutorService.java:112)
		at org.apache.catalina.startup.HostConfig.deployDescriptors(HostConfig.java:582)
		at org.apache.catalina.startup.HostConfig.deployApps(HostConfig.java:472)
		at org.apache.catalina.startup.HostConfig.start(HostConfig.java:1617)
		at org.apache.catalina.startup.HostConfig.lifecycleEvent(HostConfig.java:318)
		at org.apache.catalina.util.LifecycleBase.fireLifecycleEvent(LifecycleBase.java:123)
		at org.apache.catalina.util.LifecycleBase.setStateInternal(LifecycleBase.java:423)
		at org.apache.catalina.util.LifecycleBase.setState(LifecycleBase.java:366)
		at org.apache.catalina.core.ContainerBase.startInternal(ContainerBase.java:943)
		at org.apache.catalina.core.StandardHost.startInternal(StandardHost.java:835)
		at org.apache.catalina.util.LifecycleBase.start(LifecycleBase.java:183)
		at org.apache.catalina.core.ContainerBase$StartChild.call(ContainerBase.java:1393)
		at org.apache.catalina.core.ContainerBase$StartChild.call(ContainerBase.java:1383)
		at java.util.concurrent.FutureTask.run(FutureTask.java:266)
		at org.apache.tomcat.util.threads.InlineExecutorService.execute(InlineExecutorService.java:75)
		at java.util.concurrent.AbstractExecutorService.submit(AbstractExecutorService.java:134)
		at org.apache.catalina.core.ContainerBase.startInternal(ContainerBase.java:916)
		at org.apache.catalina.core.StandardEngine.startInternal(StandardEngine.java:265)
		at org.apache.catalina.util.LifecycleBase.start(LifecycleBase.java:183)
		at org.apache.catalina.core.StandardService.startInternal(StandardService.java:430)
		at org.apache.catalina.util.LifecycleBase.start(LifecycleBase.java:183)
		at org.apache.catalina.core.StandardServer.startInternal(StandardServer.java:930)
		at org.apache.catalina.util.LifecycleBase.start(LifecycleBase.java:183)
		at org.apache.catalina.startup.Catalina.start(Catalina.java:772)
		at sun.reflect.NativeMethodAccessorImpl.invoke0(Native Method)
		at sun.reflect.NativeMethodAccessorImpl.invoke(NativeMethodAccessorImpl.java:62)
		at sun.reflect.DelegatingMethodAccessorImpl.invoke(DelegatingMethodAccessorImpl.java:43)
		at java.lang.reflect.Method.invoke(Method.java:497)
		at org.apache.catalina.startup.Bootstrap.start(Bootstrap.java:347)
		at org.apache.catalina.startup.Bootstrap.main(Bootstrap.java:478)
	Caused by: org.apache.catalina.LifecycleException: Failed to start component [org.apache.catalina.webresources.StandardRoot@17f8db6]
		at org.apache.catalina.util.LifecycleBase.handleSubClassException(LifecycleBase.java:440)
		at org.apache.catalina.util.LifecycleBase.start(LifecycleBase.java:198)
		at org.apache.catalina.core.StandardContext.resourcesStart(StandardContext.java:4881)
		at org.apache.catalina.core.StandardContext.startInternal(StandardContext.java:5014)
		at org.apache.catalina.util.LifecycleBase.start(LifecycleBase.java:183)
		at org.apache.catalina.core.ContainerBase.addChildInternal(ContainerBase.java:726)
		... 37 more
	Caused by: java.lang.IllegalArgumentException: The main resource set specified [D:\PE_PRJ301_FA22_YourStudentID\build\web] is not valid
		at org.apache.catalina.webresources.StandardRoot.createMainResourceSet(StandardRoot.java:777)
		at org.apache.catalina.webresources.StandardRoot.startInternal(StandardRoot.java:734)
		at org.apache.catalina.util.LifecycleBase.start(LifecycleBase.java:183)
		... 41 more
19-Jan-2024 20:52:29.557 INFO [main] org.apache.catalina.startup.HostConfig.deployDescriptor Deployment of deployment descriptor [C:\Users\ADMIN\apache-tomcat-9.0.70\conf\Catalina\localhost\PE_PRJ301_SP23_THITHU.xml] has finished in [37] ms
19-Jan-2024 20:52:29.557 INFO [main] org.apache.catalina.startup.HostConfig.deployDescriptor Deploying deployment descriptor [C:\Users\ADMIN\apache-tomcat-9.0.70\conf\Catalina\localhost\PE_PRJ301_SPRING23de4.xml]
19-Jan-2024 20:52:29.559 WARNING [main] org.apache.catalina.startup.HostConfig.deployDescriptor The path attribute with value [/PE_PRJ301_SPRING23de4] in deployment descriptor [C:\Users\ADMIN\apache-tomcat-9.0.70\conf\Catalina\localhost\PE_PRJ301_SPRING23de4.xml] has been ignored
19-Jan-2024 20:52:29.650 INFO [main] org.apache.jasper.servlet.TldScanner.scanJars At least one JAR was scanned for TLDs yet contained no TLDs. Enable debug logging for this logger for a complete list of JARs that were scanned but no TLDs were found in them. Skipping unneeded JARs during scanning can improve startup time and JSP compilation time.
19-Jan-2024 20:52:29.651 INFO [main] org.apache.catalina.startup.HostConfig.deployDescriptor Deployment of deployment descriptor [C:\Users\ADMIN\apache-tomcat-9.0.70\conf\Catalina\localhost\PE_PRJ301_SPRING23de4.xml] has finished in [94] ms
19-Jan-2024 20:52:29.651 INFO [main] org.apache.catalina.startup.HostConfig.deployDescriptor Deploying deployment descriptor [C:\Users\ADMIN\apache-tomcat-9.0.70\conf\Catalina\localhost\PRJ301_StudentID.xml]
19-Jan-2024 20:52:29.652 WARNING [main] org.apache.catalina.startup.HostConfig.deployDescriptor The path attribute with value [/PRJ301_StudentID] in deployment descriptor [C:\Users\ADMIN\apache-tomcat-9.0.70\conf\Catalina\localhost\PRJ301_StudentID.xml] has been ignored
19-Jan-2024 20:52:29.876 INFO [main] org.apache.jasper.servlet.TldScanner.scanJars At least one JAR was scanned for TLDs yet contained no TLDs. Enable debug logging for this logger for a complete list of JARs that were scanned but no TLDs were found in them. Skipping unneeded JARs during scanning can improve startup time and JSP compilation time.
19-Jan-2024 20:52:29.879 INFO [main] org.apache.catalina.startup.HostConfig.deployDescriptor Deployment of deployment descriptor [C:\Users\ADMIN\apache-tomcat-9.0.70\conf\Catalina\localhost\PRJ301_StudentID.xml] has finished in [228] ms
19-Jan-2024 20:52:29.879 INFO [main] org.apache.catalina.startup.HostConfig.deployDescriptor Deploying deployment descriptor [C:\Users\ADMIN\apache-tomcat-9.0.70\conf\Catalina\localhost\ProductPE.xml]
19-Jan-2024 20:52:29.880 WARNING [main] org.apache.catalina.startup.HostConfig.deployDescriptor The path attribute with value [/ProductPE] in deployment descriptor [C:\Users\ADMIN\apache-tomcat-9.0.70\conf\Catalina\localhost\ProductPE.xml] has been ignored
19-Jan-2024 20:52:30.088 INFO [main] org.apache.jasper.servlet.TldScanner.scanJars At least one JAR was scanned for TLDs yet contained no TLDs. Enable debug logging for this logger for a complete list of JARs that were scanned but no TLDs were found in them. Skipping unneeded JARs during scanning can improve startup time and JSP compilation time.
19-Jan-2024 20:52:30.092 INFO [main] org.apache.catalina.startup.HostConfig.deployDescriptor Deployment of deployment descriptor [C:\Users\ADMIN\apache-tomcat-9.0.70\conf\Catalina\localhost\ProductPE.xml] has finished in [213] ms
19-Jan-2024 20:52:30.092 INFO [main] org.apache.catalina.startup.HostConfig.deployDescriptor Deploying deployment descriptor [C:\Users\ADMIN\apache-tomcat-9.0.70\conf\Catalina\localhost\SneakerStore.xml]
19-Jan-2024 20:52:30.093 WARNING [main] org.apache.catalina.startup.HostConfig.deployDescriptor The path attribute with value [/SneakerStore] in deployment descriptor [C:\Users\ADMIN\apache-tomcat-9.0.70\conf\Catalina\localhost\SneakerStore.xml] has been ignored
19-Jan-2024 20:52:30.301 INFO [main] org.apache.jasper.servlet.TldScanner.scanJars At least one JAR was scanned for TLDs yet contained no TLDs. Enable debug logging for this logger for a complete list of JARs that were scanned but no TLDs were found in them. Skipping unneeded JARs during scanning can improve startup time and JSP compilation time.
19-Jan-2024 20:52:30.304 INFO [main] org.apache.catalina.startup.HostConfig.deployDescriptor Deployment of deployment descriptor [C:\Users\ADMIN\apache-tomcat-9.0.70\conf\Catalina\localhost\SneakerStore.xml] has finished in [212] ms
19-Jan-2024 20:52:30.304 INFO [main] org.apache.catalina.startup.HostConfig.deployDescriptor Deploying deployment descriptor [C:\Users\ADMIN\apache-tomcat-9.0.70\conf\Catalina\localhost\Spring.xml]
19-Jan-2024 20:52:30.306 WARNING [main] org.apache.catalina.startup.HostConfig.deployDescriptor The path attribute with value [/Spring] in deployment descriptor [C:\Users\ADMIN\apache-tomcat-9.0.70\conf\Catalina\localhost\Spring.xml] has been ignored
19-Jan-2024 20:52:31.252 INFO [main] org.apache.jasper.servlet.TldScanner.scanJars At least one JAR was scanned for TLDs yet contained no TLDs. Enable debug logging for this logger for a complete list of JARs that were scanned but no TLDs were found in them. Skipping unneeded JARs during scanning can improve startup time and JSP compilation time.
19-Jan-2024 20:52:31.276 INFO [main] org.springframework.web.context.ContextLoader.initWebApplicationContext Root WebApplicationContext: initialization started
19-Jan-2024 20:52:31.321 INFO [main] org.springframework.web.context.support.XmlWebApplicationContext.prepareRefresh Refreshing Root WebApplicationContext: startup date [Fri Jan 19 20:52:31 ICT 2024]; root of context hierarchy
19-Jan-2024 20:52:31.364 INFO [main] org.springframework.beans.factory.xml.XmlBeanDefinitionReader.loadBeanDefinitions Loading XML bean definitions from ServletContext resource [/WEB-INF/applicationContext.xml]
19-Jan-2024 20:52:31.555 INFO [main] org.springframework.web.context.ContextLoader.initWebApplicationContext Root WebApplicationContext: initialization completed in 279 ms
19-Jan-2024 20:52:31.560 INFO [main] org.springframework.web.servlet.DispatcherServlet.initServletBean FrameworkServlet 'dispatcher': initialization started
19-Jan-2024 20:52:31.568 INFO [main] org.springframework.web.context.support.XmlWebApplicationContext.prepareRefresh Refreshing WebApplicationContext for namespace 'dispatcher-servlet': startup date [Fri Jan 19 20:52:31 ICT 2024]; parent: Root WebApplicationContext
19-Jan-2024 20:52:31.569 INFO [main] org.springframework.beans.factory.xml.XmlBeanDefinitionReader.loadBeanDefinitions Loading XML bean definitions from ServletContext resource [/WEB-INF/dispatcher-servlet.xml]
19-Jan-2024 20:52:31.684 INFO [main] org.springframework.web.servlet.handler.SimpleUrlHandlerMapping.registerHandler Mapped URL path [/index.htm] onto handler 'indexController'
19-Jan-2024 20:52:31.727 INFO [main] org.springframework.web.servlet.DispatcherServlet.initServletBean FrameworkServlet 'dispatcher': initialization completed in 167 ms
19-Jan-2024 20:52:31.728 INFO [main] org.apache.catalina.startup.HostConfig.deployDescriptor Deployment of deployment descriptor [C:\Users\ADMIN\apache-tomcat-9.0.70\conf\Catalina\localhost\Spring.xml] has finished in [1,424] ms
19-Jan-2024 20:52:31.728 INFO [main] org.apache.catalina.startup.HostConfig.deployDescriptor Deploying deployment descriptor [C:\Users\ADMIN\apache-tomcat-9.0.70\conf\Catalina\localhost\Student.xml]
19-Jan-2024 20:52:31.729 WARNING [main] org.apache.catalina.startup.HostConfig.deployDescriptor The path attribute with value [/Student] in deployment descriptor [C:\Users\ADMIN\apache-tomcat-9.0.70\conf\Catalina\localhost\Student.xml] has been ignored
19-Jan-2024 20:52:32.062 INFO [main] org.apache.jasper.servlet.TldScanner.scanJars At least one JAR was scanned for TLDs yet contained no TLDs. Enable debug logging for this logger for a complete list of JARs that were scanned but no TLDs were found in them. Skipping unneeded JARs during scanning can improve startup time and JSP compilation time.
19-Jan-2024 20:52:32.069 INFO [main] org.apache.catalina.startup.HostConfig.deployDescriptor Deployment of deployment descriptor [C:\Users\ADMIN\apache-tomcat-9.0.70\conf\Catalina\localhost\Student.xml] has finished in [341] ms
19-Jan-2024 20:52:32.069 INFO [main] org.apache.catalina.startup.HostConfig.deployDescriptor Deploying deployment descriptor [C:\Users\ADMIN\apache-tomcat-9.0.70\conf\Catalina\localhost\WebApplication7.xml]
19-Jan-2024 20:52:32.070 WARNING [main] org.apache.catalina.startup.HostConfig.deployDescriptor The path attribute with value [/WebApplication7] in deployment descriptor [C:\Users\ADMIN\apache-tomcat-9.0.70\conf\Catalina\localhost\WebApplication7.xml] has been ignored
19-Jan-2024 20:52:32.074 SEVERE [main] org.apache.catalina.startup.HostConfig.deployDescriptor Error deploying deployment descriptor [C:\Users\ADMIN\apache-tomcat-9.0.70\conf\Catalina\localhost\WebApplication7.xml]
	java.lang.IllegalStateException: Error starting child
		at org.apache.catalina.core.ContainerBase.addChildInternal(ContainerBase.java:729)
		at org.apache.catalina.core.ContainerBase.addChild(ContainerBase.java:698)
		at org.apache.catalina.core.StandardHost.addChild(StandardHost.java:696)
		at org.apache.catalina.startup.HostConfig.deployDescriptor(HostConfig.java:689)
		at org.apache.catalina.startup.HostConfig$DeployDescriptor.run(HostConfig.java:1888)
		at java.util.concurrent.Executors$RunnableAdapter.call(Executors.java:511)
		at java.util.concurrent.FutureTask.run(FutureTask.java:266)
		at org.apache.tomcat.util.threads.InlineExecutorService.execute(InlineExecutorService.java:75)
		at java.util.concurrent.AbstractExecutorService.submit(AbstractExecutorService.java:112)
		at org.apache.catalina.startup.HostConfig.deployDescriptors(HostConfig.java:582)
		at org.apache.catalina.startup.HostConfig.deployApps(HostConfig.java:472)
		at org.apache.catalina.startup.HostConfig.start(HostConfig.java:1617)
		at org.apache.catalina.startup.HostConfig.lifecycleEvent(HostConfig.java:318)
		at org.apache.catalina.util.LifecycleBase.fireLifecycleEvent(LifecycleBase.java:123)
		at org.apache.catalina.util.LifecycleBase.setStateInternal(LifecycleBase.java:423)
		at org.apache.catalina.util.LifecycleBase.setState(LifecycleBase.java:366)
		at org.apache.catalina.core.ContainerBase.startInternal(ContainerBase.java:943)
		at org.apache.catalina.core.StandardHost.startInternal(StandardHost.java:835)
		at org.apache.catalina.util.LifecycleBase.start(LifecycleBase.java:183)
		at org.apache.catalina.core.ContainerBase$StartChild.call(ContainerBase.java:1393)
		at org.apache.catalina.core.ContainerBase$StartChild.call(ContainerBase.java:1383)
		at java.util.concurrent.FutureTask.run(FutureTask.java:266)
		at org.apache.tomcat.util.threads.InlineExecutorService.execute(InlineExecutorService.java:75)
		at java.util.concurrent.AbstractExecutorService.submit(AbstractExecutorService.java:134)
		at org.apache.catalina.core.ContainerBase.startInternal(ContainerBase.java:916)
		at org.apache.catalina.core.StandardEngine.startInternal(StandardEngine.java:265)
		at org.apache.catalina.util.LifecycleBase.start(LifecycleBase.java:183)
		at org.apache.catalina.core.StandardService.startInternal(StandardService.java:430)
		at org.apache.catalina.util.LifecycleBase.start(LifecycleBase.java:183)
		at org.apache.catalina.core.StandardServer.startInternal(StandardServer.java:930)
		at org.apache.catalina.util.LifecycleBase.start(LifecycleBase.java:183)
		at org.apache.catalina.startup.Catalina.start(Catalina.java:772)
		at sun.reflect.NativeMethodAccessorImpl.invoke0(Native Method)
		at sun.reflect.NativeMethodAccessorImpl.invoke(NativeMethodAccessorImpl.java:62)
		at sun.reflect.DelegatingMethodAccessorImpl.invoke(DelegatingMethodAccessorImpl.java:43)
		at java.lang.reflect.Method.invoke(Method.java:497)
		at org.apache.catalina.startup.Bootstrap.start(Bootstrap.java:347)
		at org.apache.catalina.startup.Bootstrap.main(Bootstrap.java:478)
	Caused by: org.apache.catalina.LifecycleException: Failed to start component [org.apache.catalina.webresources.StandardRoot@eb9b76c]
		at org.apache.catalina.util.LifecycleBase.handleSubClassException(LifecycleBase.java:440)
		at org.apache.catalina.util.LifecycleBase.start(LifecycleBase.java:198)
		at org.apache.catalina.core.StandardContext.resourcesStart(StandardContext.java:4881)
		at org.apache.catalina.core.StandardContext.startInternal(StandardContext.java:5014)
		at org.apache.catalina.util.LifecycleBase.start(LifecycleBase.java:183)
		at org.apache.catalina.core.ContainerBase.addChildInternal(ContainerBase.java:726)
		... 37 more
	Caused by: java.lang.IllegalArgumentException: The main resource set specified [D:\prj301\WebApplication7\build\web] is not valid
		at org.apache.catalina.webresources.StandardRoot.createMainResourceSet(StandardRoot.java:777)
		at org.apache.catalina.webresources.StandardRoot.startInternal(StandardRoot.java:734)
		at org.apache.catalina.util.LifecycleBase.start(LifecycleBase.java:183)
		... 41 more
19-Jan-2024 20:52:32.115 INFO [main] org.apache.catalina.startup.HostConfig.deployDescriptor Deployment of deployment descriptor [C:\Users\ADMIN\apache-tomcat-9.0.70\conf\Catalina\localhost\WebApplication7.xml] has finished in [46] ms
19-Jan-2024 20:52:32.116 INFO [main] org.apache.catalina.startup.HostConfig.deployDescriptor Deploying deployment descriptor [C:\Users\ADMIN\apache-tomcat-9.0.70\conf\Catalina\localhost\WebApplication8.xml]
19-Jan-2024 20:52:32.117 WARNING [main] org.apache.catalina.startup.HostConfig.deployDescriptor The path attribute with value [/WebApplication8] in deployment descriptor [C:\Users\ADMIN\apache-tomcat-9.0.70\conf\Catalina\localhost\WebApplication8.xml] has been ignored
19-Jan-2024 20:52:32.121 SEVERE [main] org.apache.catalina.startup.HostConfig.deployDescriptor Error deploying deployment descriptor [C:\Users\ADMIN\apache-tomcat-9.0.70\conf\Catalina\localhost\WebApplication8.xml]
	java.lang.IllegalStateException: Error starting child
		at org.apache.catalina.core.ContainerBase.addChildInternal(ContainerBase.java:729)
		at org.apache.catalina.core.ContainerBase.addChild(ContainerBase.java:698)
		at org.apache.catalina.core.StandardHost.addChild(StandardHost.java:696)
		at org.apache.catalina.startup.HostConfig.deployDescriptor(HostConfig.java:689)
		at org.apache.catalina.startup.HostConfig$DeployDescriptor.run(HostConfig.java:1888)
		at java.util.concurrent.Executors$RunnableAdapter.call(Executors.java:511)
		at java.util.concurrent.FutureTask.run(FutureTask.java:266)
		at org.apache.tomcat.util.threads.InlineExecutorService.execute(InlineExecutorService.java:75)
		at java.util.concurrent.AbstractExecutorService.submit(AbstractExecutorService.java:112)
		at org.apache.catalina.startup.HostConfig.deployDescriptors(HostConfig.java:582)
		at org.apache.catalina.startup.HostConfig.deployApps(HostConfig.java:472)
		at org.apache.catalina.startup.HostConfig.start(HostConfig.java:1617)
		at org.apache.catalina.startup.HostConfig.lifecycleEvent(HostConfig.java:318)
		at org.apache.catalina.util.LifecycleBase.fireLifecycleEvent(LifecycleBase.java:123)
		at org.apache.catalina.util.LifecycleBase.setStateInternal(LifecycleBase.java:423)
		at org.apache.catalina.util.LifecycleBase.setState(LifecycleBase.java:366)
		at org.apache.catalina.core.ContainerBase.startInternal(ContainerBase.java:943)
		at org.apache.catalina.core.StandardHost.startInternal(StandardHost.java:835)
		at org.apache.catalina.util.LifecycleBase.start(LifecycleBase.java:183)
		at org.apache.catalina.core.ContainerBase$StartChild.call(ContainerBase.java:1393)
		at org.apache.catalina.core.ContainerBase$StartChild.call(ContainerBase.java:1383)
		at java.util.concurrent.FutureTask.run(FutureTask.java:266)
		at org.apache.tomcat.util.threads.InlineExecutorService.execute(InlineExecutorService.java:75)
		at java.util.concurrent.AbstractExecutorService.submit(AbstractExecutorService.java:134)
		at org.apache.catalina.core.ContainerBase.startInternal(ContainerBase.java:916)
		at org.apache.catalina.core.StandardEngine.startInternal(StandardEngine.java:265)
		at org.apache.catalina.util.LifecycleBase.start(LifecycleBase.java:183)
		at org.apache.catalina.core.StandardService.startInternal(StandardService.java:430)
		at org.apache.catalina.util.LifecycleBase.start(LifecycleBase.java:183)
		at org.apache.catalina.core.StandardServer.startInternal(StandardServer.java:930)
		at org.apache.catalina.util.LifecycleBase.start(LifecycleBase.java:183)
		at org.apache.catalina.startup.Catalina.start(Catalina.java:772)
		at sun.reflect.NativeMethodAccessorImpl.invoke0(Native Method)
		at sun.reflect.NativeMethodAccessorImpl.invoke(NativeMethodAccessorImpl.java:62)
		at sun.reflect.DelegatingMethodAccessorImpl.invoke(DelegatingMethodAccessorImpl.java:43)
		at java.lang.reflect.Method.invoke(Method.java:497)
		at org.apache.catalina.startup.Bootstrap.start(Bootstrap.java:347)
		at org.apache.catalina.startup.Bootstrap.main(Bootstrap.java:478)
	Caused by: org.apache.catalina.LifecycleException: Failed to start component [org.apache.catalina.webresources.StandardRoot@447522b4]
		at org.apache.catalina.util.LifecycleBase.handleSubClassException(LifecycleBase.java:440)
		at org.apache.catalina.util.LifecycleBase.start(LifecycleBase.java:198)
		at org.apache.catalina.core.StandardContext.resourcesStart(StandardContext.java:4881)
		at org.apache.catalina.core.StandardContext.startInternal(StandardContext.java:5014)
		at org.apache.catalina.util.LifecycleBase.start(LifecycleBase.java:183)
		at org.apache.catalina.core.ContainerBase.addChildInternal(ContainerBase.java:726)
		... 37 more
	Caused by: java.lang.IllegalArgumentException: The main resource set specified [D:\prj301\WebApplication8\build\web] is not valid
		at org.apache.catalina.webresources.StandardRoot.createMainResourceSet(StandardRoot.java:777)
		at org.apache.catalina.webresources.StandardRoot.startInternal(StandardRoot.java:734)
		at org.apache.catalina.util.LifecycleBase.start(LifecycleBase.java:183)
		... 41 more
19-Jan-2024 20:52:32.194 INFO [main] org.apache.catalina.startup.HostConfig.deployDescriptor Deployment of deployment descriptor [C:\Users\ADMIN\apache-tomcat-9.0.70\conf\Catalina\localhost\WebApplication8.xml] has finished in [79] ms
19-Jan-2024 20:52:32.195 INFO [main] org.apache.catalina.startup.HostConfig.deployDescriptor Deploying deployment descriptor [C:\Users\ADMIN\apache-tomcat-9.0.70\conf\Catalina\localhost\Workshop1.xml]
19-Jan-2024 20:52:32.196 WARNING [main] org.apache.catalina.startup.HostConfig.deployDescriptor The path attribute with value [/Workshop1] in deployment descriptor [C:\Users\ADMIN\apache-tomcat-9.0.70\conf\Catalina\localhost\Workshop1.xml] has been ignored
19-Jan-2024 20:52:32.448 INFO [main] org.apache.jasper.servlet.TldScanner.scanJars At least one JAR was scanned for TLDs yet contained no TLDs. Enable debug logging for this logger for a complete list of JARs that were scanned but no TLDs were found in them. Skipping unneeded JARs during scanning can improve startup time and JSP compilation time.
19-Jan-2024 20:52:32.452 INFO [main] org.apache.catalina.startup.HostConfig.deployDescriptor Deployment of deployment descriptor [C:\Users\ADMIN\apache-tomcat-9.0.70\conf\Catalina\localhost\Workshop1.xml] has finished in [257] ms
19-Jan-2024 20:52:32.452 INFO [main] org.apache.catalina.startup.HostConfig.deployDescriptor Deploying deployment descriptor [C:\Users\ADMIN\apache-tomcat-9.0.70\conf\Catalina\localhost\WS1.xml]
19-Jan-2024 20:52:32.453 WARNING [main] org.apache.catalina.startup.HostConfig.deployDescriptor The path attribute with value [/WS1] in deployment descriptor [C:\Users\ADMIN\apache-tomcat-9.0.70\conf\Catalina\localhost\WS1.xml] has been ignored
19-Jan-2024 20:52:32.526 INFO [main] org.apache.jasper.servlet.TldScanner.scanJars At least one JAR was scanned for TLDs yet contained no TLDs. Enable debug logging for this logger for a complete list of JARs that were scanned but no TLDs were found in them. Skipping unneeded JARs during scanning can improve startup time and JSP compilation time.
19-Jan-2024 20:52:32.527 INFO [main] org.apache.catalina.startup.HostConfig.deployDescriptor Deployment of deployment descriptor [C:\Users\ADMIN\apache-tomcat-9.0.70\conf\Catalina\localhost\WS1.xml] has finished in [75] ms
19-Jan-2024 20:52:32.527 INFO [main] org.apache.catalina.startup.HostConfig.deployDirectory Deploying web application directory [C:\Users\ADMIN\apache-tomcat-9.0.70\webapps\docs]
19-Jan-2024 20:52:32.540 INFO [main] org.apache.catalina.startup.HostConfig.deployDirectory Deployment of web application directory [C:\Users\ADMIN\apache-tomcat-9.0.70\webapps\docs] has finished in [13] ms
19-Jan-2024 20:52:32.541 INFO [main] org.apache.catalina.startup.HostConfig.deployDirectory Deploying web application directory [C:\Users\ADMIN\apache-tomcat-9.0.70\webapps\examples]
19-Jan-2024 20:52:32.746 INFO [main] org.apache.catalina.startup.HostConfig.deployDirectory Deployment of web application directory [C:\Users\ADMIN\apache-tomcat-9.0.70\webapps\examples] has finished in [204] ms
19-Jan-2024 20:52:32.746 INFO [main] org.apache.catalina.startup.HostConfig.deployDirectory Deploying web application directory [C:\Users\ADMIN\apache-tomcat-9.0.70\webapps\host-manager]
19-Jan-2024 20:52:32.766 INFO [main] org.apache.catalina.startup.HostConfig.deployDirectory Deployment of web application directory [C:\Users\ADMIN\apache-tomcat-9.0.70\webapps\host-manager] has finished in [20] ms
19-Jan-2024 20:52:32.766 INFO [main] org.apache.catalina.startup.HostConfig.deployDirectory Deploying web application directory [C:\Users\ADMIN\apache-tomcat-9.0.70\webapps\manager]
19-Jan-2024 20:52:32.786 INFO [main] org.apache.catalina.startup.HostConfig.deployDirectory Deployment of web application directory [C:\Users\ADMIN\apache-tomcat-9.0.70\webapps\manager] has finished in [20] ms
19-Jan-2024 20:52:32.786 INFO [main] org.apache.catalina.startup.HostConfig.deployDirectory Deploying web application directory [C:\Users\ADMIN\apache-tomcat-9.0.70\webapps\ROOT]
19-Jan-2024 20:52:32.801 INFO [main] org.apache.catalina.startup.HostConfig.deployDirectory Deployment of web application directory [C:\Users\ADMIN\apache-tomcat-9.0.70\webapps\ROOT] has finished in [15] ms
19-Jan-2024 20:52:32.805 INFO [main] org.apache.coyote.AbstractProtocol.start Starting ProtocolHandler ["http-nio-8080"]
19-Jan-2024 20:52:32.821 INFO [main] org.apache.catalina.startup.Catalina.start Server startup in [6937] milliseconds
19-Jan-2024 20:56:56.777 INFO [main] org.apache.catalina.core.StandardServer.await A valid shutdown command was received via the shutdown port. Stopping the Server instance.
19-Jan-2024 20:56:56.778 INFO [main] org.apache.coyote.AbstractProtocol.pause Pausing ProtocolHandler ["http-nio-8080"]
19-Jan-2024 20:56:56.856 INFO [main] org.apache.catalina.core.StandardService.stopInternal Stopping service [Catalina]
19-Jan-2024 20:56:56.934 WARNING [main] org.apache.catalina.loader.WebappClassLoaderBase.clearReferencesJdbc The web application [CakeShop] registered the JDBC driver [com.microsoft.sqlserver.jdbc.SQLServerDriver] but failed to unregister it when the web application was stopped. To prevent a memory leak, the JDBC Driver has been forcibly unregistered.
19-Jan-2024 20:56:56.934 SEVERE [main] org.apache.catalina.loader.WebappClassLoaderBase.checkThreadLocalMapForLeaks The web application [CakeShop] created a ThreadLocal with key of type [com.microsoft.sqlserver.jdbc.ActivityCorrelator$1] (value [com.microsoft.sqlserver.jdbc.ActivityCorrelator$1@1ac24c17]) and a value of type [com.microsoft.sqlserver.jdbc.ActivityId] (value [21b99f10-0c1d-4805-9a27-3adca7b12611-1]) but failed to remove it when the web application was stopped. Threads are going to be renewed over time to try and avoid a probable memory leak.
19-Jan-2024 20:56:56.934 SEVERE [main] org.apache.catalina.loader.WebappClassLoaderBase.checkThreadLocalMapForLeaks The web application [CakeShop] created a ThreadLocal with key of type [com.microsoft.sqlserver.jdbc.ActivityCorrelator$1] (value [com.microsoft.sqlserver.jdbc.ActivityCorrelator$1@1ac24c17]) and a value of type [com.microsoft.sqlserver.jdbc.ActivityId] (value [92eb6c3b-0808-4a24-b6e0-9603c6128c52-1]) but failed to remove it when the web application was stopped. Threads are going to be renewed over time to try and avoid a probable memory leak.
19-Jan-2024 20:56:56.945 INFO [main] org.springframework.web.context.support.XmlWebApplicationContext.doClose Closing WebApplicationContext for namespace 'dispatcher-servlet': startup date [Fri Jan 19 20:52:31 ICT 2024]; parent: Root WebApplicationContext
19-Jan-2024 20:56:56.946 INFO [main] org.springframework.web.context.support.XmlWebApplicationContext.doClose Closing Root WebApplicationContext: startup date [Fri Jan 19 20:52:31 ICT 2024]; root of context hierarchy
19-Jan-2024 20:56:57.021 WARNING [main] org.apache.catalina.loader.WebappClassLoaderBase.clearReferencesJdbc The web application [PE_PRJ301_SPRING23de4] registered the JDBC driver [com.microsoft.sqlserver.jdbc.SQLServerDriver] but failed to unregister it when the web application was stopped. To prevent a memory leak, the JDBC Driver has been forcibly unregistered.
19-Jan-2024 20:56:57.021 SEVERE [main] org.apache.catalina.loader.WebappClassLoaderBase.checkThreadLocalMapForLeaks The web application [PE_PRJ301_SPRING23de4] created a ThreadLocal with key of type [com.microsoft.sqlserver.jdbc.ActivityCorrelator$1] (value [com.microsoft.sqlserver.jdbc.ActivityCorrelator$1@3abe3f9a]) and a value of type [com.microsoft.sqlserver.jdbc.ActivityId] (value [9093001a-e846-4ed3-8759-87ed24d9f8e7-1]) but failed to remove it when the web application was stopped. Threads are going to be renewed over time to try and avoid a probable memory leak.
19-Jan-2024 20:56:57.021 SEVERE [main] org.apache.catalina.loader.WebappClassLoaderBase.checkThreadLocalMapForLeaks The web application [PE_PRJ301_SPRING23de4] created a ThreadLocal with key of type [com.microsoft.sqlserver.jdbc.ActivityCorrelator$1] (value [com.microsoft.sqlserver.jdbc.ActivityCorrelator$1@3abe3f9a]) and a value of type [com.microsoft.sqlserver.jdbc.ActivityId] (value [c0605238-6e86-4d97-ba08-9a89b2f2f0fd-1]) but failed to remove it when the web application was stopped. Threads are going to be renewed over time to try and avoid a probable memory leak.
19-Jan-2024 20:56:57.021 SEVERE [main] org.apache.catalina.loader.WebappClassLoaderBase.checkThreadLocalMapForLeaks The web application [PE_PRJ301_SPRING23de4] created a ThreadLocal with key of type [com.microsoft.sqlserver.jdbc.ActivityCorrelator$1] (value [com.microsoft.sqlserver.jdbc.ActivityCorrelator$1@3abe3f9a]) and a value of type [com.microsoft.sqlserver.jdbc.ActivityId] (value [7e651dca-af5f-414b-a7f8-2f83137592c6-1]) but failed to remove it when the web application was stopped. Threads are going to be renewed over time to try and avoid a probable memory leak.
19-Jan-2024 20:56:57.021 SEVERE [main] org.apache.catalina.loader.WebappClassLoaderBase.checkThreadLocalMapForLeaks The web application [PE_PRJ301_SPRING23de4] created a ThreadLocal with key of type [com.microsoft.sqlserver.jdbc.ActivityCorrelator$1] (value [com.microsoft.sqlserver.jdbc.ActivityCorrelator$1@3abe3f9a]) and a value of type [com.microsoft.sqlserver.jdbc.ActivityId] (value [26e3310d-9f65-4831-a07c-ee556ce6319a-1]) but failed to remove it when the web application was stopped. Threads are going to be renewed over time to try and avoid a probable memory leak.
19-Jan-2024 20:56:57.021 SEVERE [main] org.apache.catalina.loader.WebappClassLoaderBase.checkThreadLocalMapForLeaks The web application [PE_PRJ301_SPRING23de4] created a ThreadLocal with key of type [com.microsoft.sqlserver.jdbc.ActivityCorrelator$1] (value [com.microsoft.sqlserver.jdbc.ActivityCorrelator$1@3abe3f9a]) and a value of type [com.microsoft.sqlserver.jdbc.ActivityId] (value [d31a1627-dea6-4488-aab4-02ccbdcb42d7-2]) but failed to remove it when the web application was stopped. Threads are going to be renewed over time to try and avoid a probable memory leak.
19-Jan-2024 20:56:57.021 SEVERE [main] org.apache.catalina.loader.WebappClassLoaderBase.checkThreadLocalMapForLeaks The web application [PE_PRJ301_SPRING23de4] created a ThreadLocal with key of type [com.microsoft.sqlserver.jdbc.ActivityCorrelator$1] (value [com.microsoft.sqlserver.jdbc.ActivityCorrelator$1@3abe3f9a]) and a value of type [com.microsoft.sqlserver.jdbc.ActivityId] (value [e91723c2-ff44-4976-ba3a-e3fab20e70b3-2]) but failed to remove it when the web application was stopped. Threads are going to be renewed over time to try and avoid a probable memory leak.
19-Jan-2024 20:56:57.021 SEVERE [main] org.apache.catalina.loader.WebappClassLoaderBase.checkThreadLocalMapForLeaks The web application [PE_PRJ301_SPRING23de4] created a ThreadLocal with key of type [com.microsoft.sqlserver.jdbc.ActivityCorrelator$1] (value [com.microsoft.sqlserver.jdbc.ActivityCorrelator$1@3abe3f9a]) and a value of type [com.microsoft.sqlserver.jdbc.ActivityId] (value [64aa2b83-5c4b-4f99-8365-6ffccf3746af-3]) but failed to remove it when the web application was stopped. Threads are going to be renewed over time to try and avoid a probable memory leak.
19-Jan-2024 20:56:57.056 INFO [main] org.apache.coyote.AbstractProtocol.stop Stopping ProtocolHandler ["http-nio-8080"]
19-Jan-2024 20:56:57.071 INFO [main] org.apache.coyote.AbstractProtocol.destroy Destroying ProtocolHandler ["http-nio-8080"]
