21-Jan-2024 20:34:17.003 INFO [main] org.apache.catalina.startup.VersionLoggerListener.log Server version name:   Apache Tomcat/9.0.70
21-Jan-2024 20:34:17.005 INFO [main] org.apache.catalina.startup.VersionLoggerListener.log Server built:          Dec 1 2022 14:05:47 UTC
21-Jan-2024 20:34:17.005 INFO [main] org.apache.catalina.startup.VersionLoggerListener.log Server version number: 9.0.70.0
21-Jan-2024 20:34:17.005 INFO [main] org.apache.catalina.startup.VersionLoggerListener.log OS Name:               Windows 8.1
21-Jan-2024 20:34:17.005 INFO [main] org.apache.catalina.startup.VersionLoggerListener.log OS Version:            6.3
21-Jan-2024 20:34:17.005 INFO [main] org.apache.catalina.startup.VersionLoggerListener.log Architecture:          amd64
21-Jan-2024 20:34:17.005 INFO [main] org.apache.catalina.startup.VersionLoggerListener.log Java Home:             C:\Program Files\Java\jdk1.8.0_45\jre
21-Jan-2024 20:34:17.005 INFO [main] org.apache.catalina.startup.VersionLoggerListener.log JVM Version:           1.8.0_45-b15
21-Jan-2024 20:34:17.005 INFO [main] org.apache.catalina.startup.VersionLoggerListener.log JVM Vendor:            Oracle Corporation
21-Jan-2024 20:34:17.005 INFO [main] org.apache.catalina.startup.VersionLoggerListener.log CATALINA_BASE:         C:\Users\ADMIN\apache-tomcat-9.0.70
21-Jan-2024 20:34:17.005 INFO [main] org.apache.catalina.startup.VersionLoggerListener.log CATALINA_HOME:         C:\Users\ADMIN\apache-tomcat-9.0.70
21-Jan-2024 20:34:17.007 INFO [main] org.apache.catalina.startup.VersionLoggerListener.log Command line argument: -Djava.util.logging.config.file=C:\Users\ADMIN\apache-tomcat-9.0.70\conf\logging.properties
21-Jan-2024 20:34:17.007 INFO [main] org.apache.catalina.startup.VersionLoggerListener.log Command line argument: -Djava.util.logging.manager=org.apache.juli.ClassLoaderLogManager
21-Jan-2024 20:34:17.007 INFO [main] org.apache.catalina.startup.VersionLoggerListener.log Command line argument: -Dhttp.nonProxyHosts=localhost|127.0.0.1|MSI
21-Jan-2024 20:34:17.007 INFO [main] org.apache.catalina.startup.VersionLoggerListener.log Command line argument: -Djdk.tls.ephemeralDHKeySize=2048
21-Jan-2024 20:34:17.007 INFO [main] org.apache.catalina.startup.VersionLoggerListener.log Command line argument: -Djava.protocol.handler.pkgs=org.apache.catalina.webresources
21-Jan-2024 20:34:17.008 INFO [main] org.apache.catalina.startup.VersionLoggerListener.log Command line argument: -Dignore.endorsed.dirs=
21-Jan-2024 20:34:17.008 INFO [main] org.apache.catalina.startup.VersionLoggerListener.log Command line argument: -Dcatalina.base=C:\Users\ADMIN\apache-tomcat-9.0.70
21-Jan-2024 20:34:17.008 INFO [main] org.apache.catalina.startup.VersionLoggerListener.log Command line argument: -Dcatalina.home=C:\Users\ADMIN\apache-tomcat-9.0.70
21-Jan-2024 20:34:17.008 INFO [main] org.apache.catalina.startup.VersionLoggerListener.log Command line argument: -Djava.io.tmpdir=C:\Users\ADMIN\apache-tomcat-9.0.70\temp
21-Jan-2024 20:34:17.015 INFO [main] org.apache.catalina.core.AprLifecycleListener.lifecycleEvent Loaded Apache Tomcat Native library [1.2.35] using APR version [1.7.0].
21-Jan-2024 20:34:17.015 INFO [main] org.apache.catalina.core.AprLifecycleListener.lifecycleEvent APR capabilities: IPv6 [true], sendfile [true], accept filters [false], random [true], UDS [true].
21-Jan-2024 20:34:17.015 INFO [main] org.apache.catalina.core.AprLifecycleListener.lifecycleEvent APR/OpenSSL configuration: useAprConnector [false], useOpenSSL [true]
21-Jan-2024 20:34:17.025 INFO [main] org.apache.catalina.core.AprLifecycleListener.initializeSSL OpenSSL successfully initialized [OpenSSL 1.1.1q  5 Jul 2022]
21-Jan-2024 20:34:17.302 INFO [main] org.apache.coyote.AbstractProtocol.init Initializing ProtocolHandler ["http-nio-8080"]
21-Jan-2024 20:34:17.322 INFO [main] org.apache.catalina.startup.Catalina.load Server initialization in [476] milliseconds
21-Jan-2024 20:34:17.351 INFO [main] org.apache.catalina.core.StandardService.startInternal Starting service [Catalina]
21-Jan-2024 20:34:17.351 INFO [main] org.apache.catalina.core.StandardEngine.startInternal Starting Servlet engine: [Apache Tomcat/9.0.70]
21-Jan-2024 20:34:17.360 INFO [main] org.apache.catalina.startup.HostConfig.deployDescriptor Deploying deployment descriptor [C:\Users\ADMIN\apache-tomcat-9.0.70\conf\Catalina\localhost\02-demo02.xml]
21-Jan-2024 20:34:17.378 WARNING [main] org.apache.catalina.startup.HostConfig.deployDescriptor The path attribute with value [/02-demo02] in deployment descriptor [C:\Users\ADMIN\apache-tomcat-9.0.70\conf\Catalina\localhost\02-demo02.xml] has been ignored
21-Jan-2024 20:34:17.697 INFO [main] org.apache.jasper.servlet.TldScanner.scanJars At least one JAR was scanned for TLDs yet contained no TLDs. Enable debug logging for this logger for a complete list of JARs that were scanned but no TLDs were found in them. Skipping unneeded JARs during scanning can improve startup time and JSP compilation time.
21-Jan-2024 20:34:17.818 INFO [main] org.apache.catalina.startup.HostConfig.deployDescriptor Deployment of deployment descriptor [C:\Users\ADMIN\apache-tomcat-9.0.70\conf\Catalina\localhost\02-demo02.xml] has finished in [457] ms
21-Jan-2024 20:34:17.818 INFO [main] org.apache.catalina.startup.HostConfig.deployDescriptor Deploying deployment descriptor [C:\Users\ADMIN\apache-tomcat-9.0.70\conf\Catalina\localhost\Airplane.xml]
21-Jan-2024 20:34:17.819 WARNING [main] org.apache.catalina.startup.HostConfig.deployDescriptor The path attribute with value [/Airplane] in deployment descriptor [C:\Users\ADMIN\apache-tomcat-9.0.70\conf\Catalina\localhost\Airplane.xml] has been ignored
21-Jan-2024 20:34:18.078 INFO [main] org.apache.jasper.servlet.TldScanner.scanJars At least one JAR was scanned for TLDs yet contained no TLDs. Enable debug logging for this logger for a complete list of JARs that were scanned but no TLDs were found in them. Skipping unneeded JARs during scanning can improve startup time and JSP compilation time.
21-Jan-2024 20:34:18.080 INFO [main] org.apache.catalina.startup.HostConfig.deployDescriptor Deployment of deployment descriptor [C:\Users\ADMIN\apache-tomcat-9.0.70\conf\Catalina\localhost\Airplane.xml] has finished in [262] ms
21-Jan-2024 20:34:18.080 INFO [main] org.apache.catalina.startup.HostConfig.deployDescriptor Deploying deployment descriptor [C:\Users\ADMIN\apache-tomcat-9.0.70\conf\Catalina\localhost\AirplanePE.xml]
21-Jan-2024 20:34:18.081 WARNING [main] org.apache.catalina.startup.HostConfig.deployDescriptor The path attribute with value [/AirplanePE] in deployment descriptor [C:\Users\ADMIN\apache-tomcat-9.0.70\conf\Catalina\localhost\AirplanePE.xml] has been ignored
21-Jan-2024 20:34:18.410 INFO [main] org.apache.jasper.servlet.TldScanner.scanJars At least one JAR was scanned for TLDs yet contained no TLDs. Enable debug logging for this logger for a complete list of JARs that were scanned but no TLDs were found in them. Skipping unneeded JARs during scanning can improve startup time and JSP compilation time.
21-Jan-2024 20:34:18.420 INFO [main] org.apache.catalina.startup.HostConfig.deployDescriptor Deployment of deployment descriptor [C:\Users\ADMIN\apache-tomcat-9.0.70\conf\Catalina\localhost\AirplanePE.xml] has finished in [340] ms
21-Jan-2024 20:34:18.421 INFO [main] org.apache.catalina.startup.HostConfig.deployDescriptor Deploying deployment descriptor [C:\Users\ADMIN\apache-tomcat-9.0.70\conf\Catalina\localhost\ASSIGNMENT.xml]
21-Jan-2024 20:34:18.422 WARNING [main] org.apache.catalina.startup.HostConfig.deployDescriptor The path attribute with value [/ASSIGNMENT] in deployment descriptor [C:\Users\ADMIN\apache-tomcat-9.0.70\conf\Catalina\localhost\ASSIGNMENT.xml] has been ignored
21-Jan-2024 20:34:18.649 INFO [main] org.apache.jasper.servlet.TldScanner.scanJars At least one JAR was scanned for TLDs yet contained no TLDs. Enable debug logging for this logger for a complete list of JARs that were scanned but no TLDs were found in them. Skipping unneeded JARs during scanning can improve startup time and JSP compilation time.
21-Jan-2024 20:34:18.656 INFO [main] org.apache.catalina.startup.HostConfig.deployDescriptor Deployment of deployment descriptor [C:\Users\ADMIN\apache-tomcat-9.0.70\conf\Catalina\localhost\ASSIGNMENT.xml] has finished in [235] ms
21-Jan-2024 20:34:18.656 INFO [main] org.apache.catalina.startup.HostConfig.deployDescriptor Deploying deployment descriptor [C:\Users\ADMIN\apache-tomcat-9.0.70\conf\Catalina\localhost\BookLibrary.xml]
21-Jan-2024 20:34:18.657 WARNING [main] org.apache.catalina.startup.HostConfig.deployDescriptor The path attribute with value [/BookLibrary] in deployment descriptor [C:\Users\ADMIN\apache-tomcat-9.0.70\conf\Catalina\localhost\BookLibrary.xml] has been ignored
21-Jan-2024 20:34:18.925 INFO [main] org.apache.jasper.servlet.TldScanner.scanJars At least one JAR was scanned for TLDs yet contained no TLDs. Enable debug logging for this logger for a complete list of JARs that were scanned but no TLDs were found in them. Skipping unneeded JARs during scanning can improve startup time and JSP compilation time.
21-Jan-2024 20:34:18.931 INFO [main] org.apache.catalina.startup.HostConfig.deployDescriptor Deployment of deployment descriptor [C:\Users\ADMIN\apache-tomcat-9.0.70\conf\Catalina\localhost\BookLibrary.xml] has finished in [274] ms
21-Jan-2024 20:34:18.931 INFO [main] org.apache.catalina.startup.HostConfig.deployDescriptor Deploying deployment descriptor [C:\Users\ADMIN\apache-tomcat-9.0.70\conf\Catalina\localhost\CakeCart.xml]
21-Jan-2024 20:34:18.932 WARNING [main] org.apache.catalina.startup.HostConfig.deployDescriptor The path attribute with value [/CakeCart] in deployment descriptor [C:\Users\ADMIN\apache-tomcat-9.0.70\conf\Catalina\localhost\CakeCart.xml] has been ignored
21-Jan-2024 20:34:19.188 INFO [main] org.apache.jasper.servlet.TldScanner.scanJars At least one JAR was scanned for TLDs yet contained no TLDs. Enable debug logging for this logger for a complete list of JARs that were scanned but no TLDs were found in them. Skipping unneeded JARs during scanning can improve startup time and JSP compilation time.
21-Jan-2024 20:34:19.194 INFO [main] org.apache.catalina.startup.HostConfig.deployDescriptor Deployment of deployment descriptor [C:\Users\ADMIN\apache-tomcat-9.0.70\conf\Catalina\localhost\CakeCart.xml] has finished in [262] ms
21-Jan-2024 20:34:19.194 INFO [main] org.apache.catalina.startup.HostConfig.deployDescriptor Deploying deployment descriptor [C:\Users\ADMIN\apache-tomcat-9.0.70\conf\Catalina\localhost\CakePE.xml]
21-Jan-2024 20:34:19.195 WARNING [main] org.apache.catalina.startup.HostConfig.deployDescriptor The path attribute with value [/CakePE] in deployment descriptor [C:\Users\ADMIN\apache-tomcat-9.0.70\conf\Catalina\localhost\CakePE.xml] has been ignored
21-Jan-2024 20:34:19.445 INFO [main] org.apache.jasper.servlet.TldScanner.scanJars At least one JAR was scanned for TLDs yet contained no TLDs. Enable debug logging for this logger for a complete list of JARs that were scanned but no TLDs were found in them. Skipping unneeded JARs during scanning can improve startup time and JSP compilation time.
21-Jan-2024 20:34:19.450 INFO [main] org.apache.catalina.startup.HostConfig.deployDescriptor Deployment of deployment descriptor [C:\Users\ADMIN\apache-tomcat-9.0.70\conf\Catalina\localhost\CakePE.xml] has finished in [256] ms
21-Jan-2024 20:34:19.451 INFO [main] org.apache.catalina.startup.HostConfig.deployDescriptor Deploying deployment descriptor [C:\Users\ADMIN\apache-tomcat-9.0.70\conf\Catalina\localhost\CakeShop.xml]
21-Jan-2024 20:34:19.452 WARNING [main] org.apache.catalina.startup.HostConfig.deployDescriptor The path attribute with value [/CakeShop] in deployment descriptor [C:\Users\ADMIN\apache-tomcat-9.0.70\conf\Catalina\localhost\CakeShop.xml] has been ignored
21-Jan-2024 20:34:19.713 INFO [main] org.apache.jasper.servlet.TldScanner.scanJars At least one JAR was scanned for TLDs yet contained no TLDs. Enable debug logging for this logger for a complete list of JARs that were scanned but no TLDs were found in them. Skipping unneeded JARs during scanning can improve startup time and JSP compilation time.
21-Jan-2024 20:34:19.726 INFO [main] org.apache.catalina.startup.HostConfig.deployDescriptor Deployment of deployment descriptor [C:\Users\ADMIN\apache-tomcat-9.0.70\conf\Catalina\localhost\CakeShop.xml] has finished in [275] ms
21-Jan-2024 20:34:19.727 INFO [main] org.apache.catalina.startup.HostConfig.deployDescriptor Deploying deployment descriptor [C:\Users\ADMIN\apache-tomcat-9.0.70\conf\Catalina\localhost\CompanyPE.xml]
21-Jan-2024 20:34:19.727 WARNING [main] org.apache.catalina.startup.HostConfig.deployDescriptor The path attribute with value [/CompanyPE] in deployment descriptor [C:\Users\ADMIN\apache-tomcat-9.0.70\conf\Catalina\localhost\CompanyPE.xml] has been ignored
21-Jan-2024 20:34:20.000 INFO [main] org.apache.jasper.servlet.TldScanner.scanJars At least one JAR was scanned for TLDs yet contained no TLDs. Enable debug logging for this logger for a complete list of JARs that were scanned but no TLDs were found in them. Skipping unneeded JARs during scanning can improve startup time and JSP compilation time.
21-Jan-2024 20:34:20.008 INFO [main] org.apache.catalina.startup.HostConfig.deployDescriptor Deployment of deployment descriptor [C:\Users\ADMIN\apache-tomcat-9.0.70\conf\Catalina\localhost\CompanyPE.xml] has finished in [281] ms
21-Jan-2024 20:34:20.008 INFO [main] org.apache.catalina.startup.HostConfig.deployDescriptor Deploying deployment descriptor [C:\Users\ADMIN\apache-tomcat-9.0.70\conf\Catalina\localhost\Demo1.xml]
21-Jan-2024 20:34:20.011 WARNING [main] org.apache.catalina.startup.HostConfig.deployDescriptor The path attribute with value [/Demo1] in deployment descriptor [C:\Users\ADMIN\apache-tomcat-9.0.70\conf\Catalina\localhost\Demo1.xml] has been ignored
21-Jan-2024 20:34:20.036 INFO [main] org.apache.catalina.startup.HostConfig.deployDescriptor Deployment of deployment descriptor [C:\Users\ADMIN\apache-tomcat-9.0.70\conf\Catalina\localhost\Demo1.xml] has finished in [28] ms
21-Jan-2024 20:34:20.036 INFO [main] org.apache.catalina.startup.HostConfig.deployDescriptor Deploying deployment descriptor [C:\Users\ADMIN\apache-tomcat-9.0.70\conf\Catalina\localhost\Demo2.xml]
21-Jan-2024 20:34:20.037 WARNING [main] org.apache.catalina.startup.HostConfig.deployDescriptor The path attribute with value [/Demo2] in deployment descriptor [C:\Users\ADMIN\apache-tomcat-9.0.70\conf\Catalina\localhost\Demo2.xml] has been ignored
21-Jan-2024 20:34:20.121 INFO [main] org.apache.jasper.servlet.TldScanner.scanJars At least one JAR was scanned for TLDs yet contained no TLDs. Enable debug logging for this logger for a complete list of JARs that were scanned but no TLDs were found in them. Skipping unneeded JARs during scanning can improve startup time and JSP compilation time.
21-Jan-2024 20:34:20.122 INFO [main] org.apache.catalina.startup.HostConfig.deployDescriptor Deployment of deployment descriptor [C:\Users\ADMIN\apache-tomcat-9.0.70\conf\Catalina\localhost\Demo2.xml] has finished in [86] ms
21-Jan-2024 20:34:20.122 INFO [main] org.apache.catalina.startup.HostConfig.deployDescriptor Deploying deployment descriptor [C:\Users\ADMIN\apache-tomcat-9.0.70\conf\Catalina\localhost\Demo3.xml]
21-Jan-2024 20:34:20.123 WARNING [main] org.apache.catalina.startup.HostConfig.deployDescriptor The path attribute with value [/Demo3] in deployment descriptor [C:\Users\ADMIN\apache-tomcat-9.0.70\conf\Catalina\localhost\Demo3.xml] has been ignored
21-Jan-2024 20:34:20.141 SEVERE [main] org.apache.catalina.startup.HostConfig.deployDescriptor Error deploying deployment descriptor [C:\Users\ADMIN\apache-tomcat-9.0.70\conf\Catalina\localhost\Demo3.xml]
	java.lang.IllegalStateException: Error starting child
		at org.apache.catalina.core.ContainerBase.addChildInternal(ContainerBase.java:729)
		at org.apache.catalina.core.ContainerBase.addChild(ContainerBase.java:698)
		at org.apache.catalina.core.StandardHost.addChild(StandardHost.java:696)
		at org.apache.catalina.startup.HostConfig.deployDescriptor(HostConfig.java:689)
		at org.apache.catalina.startup.HostConfig$DeployDescriptor.run(HostConfig.java:1888)
		at java.util.concurrent.Executors$RunnableAdapter.call(Executors.java:511)
		at java.util.concurrent.FutureTask.run(FutureTask.java:266)
		at org.apache.tomcat.util.threads.InlineExecutorService.execute(InlineExecutorService.java:75)
		at java.util.concurrent.AbstractExecutorService.submit(AbstractExecutorService.java:112)
		at org.apache.catalina.startup.HostConfig.deployDescriptors(HostConfig.java:582)
		at org.apache.catalina.startup.HostConfig.deployApps(HostConfig.java:472)
		at org.apache.catalina.startup.HostConfig.start(HostConfig.java:1617)
		at org.apache.catalina.startup.HostConfig.lifecycleEvent(HostConfig.java:318)
		at org.apache.catalina.util.LifecycleBase.fireLifecycleEvent(LifecycleBase.java:123)
		at org.apache.catalina.util.LifecycleBase.setStateInternal(LifecycleBase.java:423)
		at org.apache.catalina.util.LifecycleBase.setState(LifecycleBase.java:366)
		at org.apache.catalina.core.ContainerBase.startInternal(ContainerBase.java:943)
		at org.apache.catalina.core.StandardHost.startInternal(StandardHost.java:835)
		at org.apache.catalina.util.LifecycleBase.start(LifecycleBase.java:183)
		at org.apache.catalina.core.ContainerBase$StartChild.call(ContainerBase.java:1393)
		at org.apache.catalina.core.ContainerBase$StartChild.call(ContainerBase.java:1383)
		at java.util.concurrent.FutureTask.run(FutureTask.java:266)
		at org.apache.tomcat.util.threads.InlineExecutorService.execute(InlineExecutorService.java:75)
		at java.util.concurrent.AbstractExecutorService.submit(AbstractExecutorService.java:134)
		at org.apache.catalina.core.ContainerBase.startInternal(ContainerBase.java:916)
		at org.apache.catalina.core.StandardEngine.startInternal(StandardEngine.java:265)
		at org.apache.catalina.util.LifecycleBase.start(LifecycleBase.java:183)
		at org.apache.catalina.core.StandardService.startInternal(StandardService.java:430)
		at org.apache.catalina.util.LifecycleBase.start(LifecycleBase.java:183)
		at org.apache.catalina.core.StandardServer.startInternal(StandardServer.java:930)
		at org.apache.catalina.util.LifecycleBase.start(LifecycleBase.java:183)
		at org.apache.catalina.startup.Catalina.start(Catalina.java:772)
		at sun.reflect.NativeMethodAccessorImpl.invoke0(Native Method)
		at sun.reflect.NativeMethodAccessorImpl.invoke(NativeMethodAccessorImpl.java:62)
		at sun.reflect.DelegatingMethodAccessorImpl.invoke(DelegatingMethodAccessorImpl.java:43)
		at java.lang.reflect.Method.invoke(Method.java:497)
		at org.apache.catalina.startup.Bootstrap.start(Bootstrap.java:347)
		at org.apache.catalina.startup.Bootstrap.main(Bootstrap.java:478)
	Caused by: org.apache.catalina.LifecycleException: Failed to start component [StandardEngine[Catalina].StandardHost[localhost].StandardContext[/Demo3]]
		at org.apache.catalina.util.LifecycleBase.handleSubClassException(LifecycleBase.java:440)
		at org.apache.catalina.util.LifecycleBase.start(LifecycleBase.java:198)
		at org.apache.catalina.core.ContainerBase.addChildInternal(ContainerBase.java:726)
		... 37 more
	Caused by: java.lang.IllegalArgumentException: Servlet mapping specifies an unknown servlet name [Servlet4]
		at org.apache.catalina.core.StandardContext.addServletMappingDecoded(StandardContext.java:3229)
		at org.apache.catalina.Context.addServletMappingDecoded(Context.java:905)
		at org.apache.catalina.startup.ContextConfig.configureContext(ContextConfig.java:1563)
		at org.apache.catalina.startup.ContextConfig.webConfig(ContextConfig.java:1330)
		at org.apache.catalina.startup.ContextConfig.configureStart(ContextConfig.java:987)
		at org.apache.catalina.startup.ContextConfig.lifecycleEvent(ContextConfig.java:304)
		at org.apache.catalina.util.LifecycleBase.fireLifecycleEvent(LifecycleBase.java:123)
		at org.apache.catalina.core.StandardContext.startInternal(StandardContext.java:5127)
		at org.apache.catalina.util.LifecycleBase.start(LifecycleBase.java:183)
		... 38 more
21-Jan-2024 20:34:20.188 INFO [main] org.apache.catalina.startup.HostConfig.deployDescriptor Deployment of deployment descriptor [C:\Users\ADMIN\apache-tomcat-9.0.70\conf\Catalina\localhost\Demo3.xml] has finished in [66] ms
21-Jan-2024 20:34:20.189 INFO [main] org.apache.catalina.startup.HostConfig.deployDescriptor Deploying deployment descriptor [C:\Users\ADMIN\apache-tomcat-9.0.70\conf\Catalina\localhost\Demo4.xml]
21-Jan-2024 20:34:20.190 WARNING [main] org.apache.catalina.startup.HostConfig.deployDescriptor The path attribute with value [/Demo4] in deployment descriptor [C:\Users\ADMIN\apache-tomcat-9.0.70\conf\Catalina\localhost\Demo4.xml] has been ignored
21-Jan-2024 20:34:20.206 INFO [main] org.apache.catalina.startup.HostConfig.deployDescriptor Deployment of deployment descriptor [C:\Users\ADMIN\apache-tomcat-9.0.70\conf\Catalina\localhost\Demo4.xml] has finished in [17] ms
21-Jan-2024 20:34:20.206 INFO [main] org.apache.catalina.startup.HostConfig.deployDescriptor Deploying deployment descriptor [C:\Users\ADMIN\apache-tomcat-9.0.70\conf\Catalina\localhost\DemoFilter.xml]
21-Jan-2024 20:34:20.207 WARNING [main] org.apache.catalina.startup.HostConfig.deployDescriptor The path attribute with value [/DemoFilter] in deployment descriptor [C:\Users\ADMIN\apache-tomcat-9.0.70\conf\Catalina\localhost\DemoFilter.xml] has been ignored
21-Jan-2024 20:34:20.252 INFO [main] org.apache.catalina.startup.HostConfig.deployDescriptor Deployment of deployment descriptor [C:\Users\ADMIN\apache-tomcat-9.0.70\conf\Catalina\localhost\DemoFilter.xml] has finished in [45] ms
21-Jan-2024 20:34:20.252 INFO [main] org.apache.catalina.startup.HostConfig.deployDescriptor Deploying deployment descriptor [C:\Users\ADMIN\apache-tomcat-9.0.70\conf\Catalina\localhost\DemoMVC2.xml]
21-Jan-2024 20:34:20.253 WARNING [main] org.apache.catalina.startup.HostConfig.deployDescriptor The path attribute with value [/DemoMVC2] in deployment descriptor [C:\Users\ADMIN\apache-tomcat-9.0.70\conf\Catalina\localhost\DemoMVC2.xml] has been ignored
21-Jan-2024 20:34:20.290 INFO [main] org.apache.catalina.startup.HostConfig.deployDescriptor Deployment of deployment descriptor [C:\Users\ADMIN\apache-tomcat-9.0.70\conf\Catalina\localhost\DemoMVC2.xml] has finished in [37] ms
21-Jan-2024 20:34:20.290 INFO [main] org.apache.catalina.startup.HostConfig.deployDescriptor Deploying deployment descriptor [C:\Users\ADMIN\apache-tomcat-9.0.70\conf\Catalina\localhost\DemoTag.xml]
21-Jan-2024 20:34:20.292 WARNING [main] org.apache.catalina.startup.HostConfig.deployDescriptor The path attribute with value [/DemoTag] in deployment descriptor [C:\Users\ADMIN\apache-tomcat-9.0.70\conf\Catalina\localhost\DemoTag.xml] has been ignored
21-Jan-2024 20:34:20.336 INFO [main] org.apache.catalina.startup.HostConfig.deployDescriptor Deployment of deployment descriptor [C:\Users\ADMIN\apache-tomcat-9.0.70\conf\Catalina\localhost\DemoTag.xml] has finished in [45] ms
21-Jan-2024 20:34:20.336 INFO [main] org.apache.catalina.startup.HostConfig.deployDescriptor Deploying deployment descriptor [C:\Users\ADMIN\apache-tomcat-9.0.70\conf\Catalina\localhost\DemoTruong.xml]
21-Jan-2024 20:34:20.339 WARNING [main] org.apache.catalina.startup.HostConfig.deployDescriptor The path attribute with value [/DemoTruong] in deployment descriptor [C:\Users\ADMIN\apache-tomcat-9.0.70\conf\Catalina\localhost\DemoTruong.xml] has been ignored
21-Jan-2024 20:34:20.525 INFO [main] org.apache.jasper.servlet.TldScanner.scanJars At least one JAR was scanned for TLDs yet contained no TLDs. Enable debug logging for this logger for a complete list of JARs that were scanned but no TLDs were found in them. Skipping unneeded JARs during scanning can improve startup time and JSP compilation time.
21-Jan-2024 20:34:20.528 INFO [main] org.apache.catalina.startup.HostConfig.deployDescriptor Deployment of deployment descriptor [C:\Users\ADMIN\apache-tomcat-9.0.70\conf\Catalina\localhost\DemoTruong.xml] has finished in [192] ms
21-Jan-2024 20:34:20.528 INFO [main] org.apache.catalina.startup.HostConfig.deployDescriptor Deploying deployment descriptor [C:\Users\ADMIN\apache-tomcat-9.0.70\conf\Catalina\localhost\FlowerShop.xml]
21-Jan-2024 20:34:20.529 WARNING [main] org.apache.catalina.startup.HostConfig.deployDescriptor The path attribute with value [/FlowerShop] in deployment descriptor [C:\Users\ADMIN\apache-tomcat-9.0.70\conf\Catalina\localhost\FlowerShop.xml] has been ignored
21-Jan-2024 20:34:20.877 INFO [main] org.apache.jasper.servlet.TldScanner.scanJars At least one JAR was scanned for TLDs yet contained no TLDs. Enable debug logging for this logger for a complete list of JARs that were scanned but no TLDs were found in them. Skipping unneeded JARs during scanning can improve startup time and JSP compilation time.
21-Jan-2024 20:34:20.882 INFO [main] org.apache.catalina.startup.HostConfig.deployDescriptor Deployment of deployment descriptor [C:\Users\ADMIN\apache-tomcat-9.0.70\conf\Catalina\localhost\FlowerShop.xml] has finished in [354] ms
21-Jan-2024 20:34:20.882 INFO [main] org.apache.catalina.startup.HostConfig.deployDescriptor Deploying deployment descriptor [C:\Users\ADMIN\apache-tomcat-9.0.70\conf\Catalina\localhost\LearnCSS.xml]
21-Jan-2024 20:34:20.883 WARNING [main] org.apache.catalina.startup.HostConfig.deployDescriptor The path attribute with value [/LearnCSS] in deployment descriptor [C:\Users\ADMIN\apache-tomcat-9.0.70\conf\Catalina\localhost\LearnCSS.xml] has been ignored
21-Jan-2024 20:34:20.905 INFO [main] org.apache.catalina.startup.HostConfig.deployDescriptor Deployment of deployment descriptor [C:\Users\ADMIN\apache-tomcat-9.0.70\conf\Catalina\localhost\LearnCSS.xml] has finished in [23] ms
21-Jan-2024 20:34:20.906 INFO [main] org.apache.catalina.startup.HostConfig.deployDescriptor Deploying deployment descriptor [C:\Users\ADMIN\apache-tomcat-9.0.70\conf\Catalina\localhost\MusicManagement.xml]
21-Jan-2024 20:34:20.906 WARNING [main] org.apache.catalina.startup.HostConfig.deployDescriptor The path attribute with value [/MusicManagement] in deployment descriptor [C:\Users\ADMIN\apache-tomcat-9.0.70\conf\Catalina\localhost\MusicManagement.xml] has been ignored
21-Jan-2024 20:34:21.184 INFO [main] org.apache.jasper.servlet.TldScanner.scanJars At least one JAR was scanned for TLDs yet contained no TLDs. Enable debug logging for this logger for a complete list of JARs that were scanned but no TLDs were found in them. Skipping unneeded JARs during scanning can improve startup time and JSP compilation time.
21-Jan-2024 20:34:21.189 INFO [main] org.apache.catalina.startup.HostConfig.deployDescriptor Deployment of deployment descriptor [C:\Users\ADMIN\apache-tomcat-9.0.70\conf\Catalina\localhost\MusicManagement.xml] has finished in [283] ms
21-Jan-2024 20:34:21.189 INFO [main] org.apache.catalina.startup.HostConfig.deployDescriptor Deploying deployment descriptor [C:\Users\ADMIN\apache-tomcat-9.0.70\conf\Catalina\localhost\MVC2_JSP_Demo.xml]
21-Jan-2024 20:34:21.190 WARNING [main] org.apache.catalina.startup.HostConfig.deployDescriptor The path attribute with value [/MVC2_JSP_Demo] in deployment descriptor [C:\Users\ADMIN\apache-tomcat-9.0.70\conf\Catalina\localhost\MVC2_JSP_Demo.xml] has been ignored
21-Jan-2024 20:34:21.422 INFO [main] org.apache.jasper.servlet.TldScanner.scanJars At least one JAR was scanned for TLDs yet contained no TLDs. Enable debug logging for this logger for a complete list of JARs that were scanned but no TLDs were found in them. Skipping unneeded JARs during scanning can improve startup time and JSP compilation time.
21-Jan-2024 20:34:21.426 INFO [main] org.apache.catalina.startup.HostConfig.deployDescriptor Deployment of deployment descriptor [C:\Users\ADMIN\apache-tomcat-9.0.70\conf\Catalina\localhost\MVC2_JSP_Demo.xml] has finished in [237] ms
21-Jan-2024 20:34:21.427 INFO [main] org.apache.catalina.startup.HostConfig.deployDescriptor Deploying deployment descriptor [C:\Users\ADMIN\apache-tomcat-9.0.70\conf\Catalina\localhost\PE_PRJ301_SP23_THITHU.xml]
21-Jan-2024 20:34:21.428 WARNING [main] org.apache.catalina.startup.HostConfig.deployDescriptor The path attribute with value [/PE_PRJ301_SP23_THITHU] in deployment descriptor [C:\Users\ADMIN\apache-tomcat-9.0.70\conf\Catalina\localhost\PE_PRJ301_SP23_THITHU.xml] has been ignored
21-Jan-2024 20:34:21.431 SEVERE [main] org.apache.catalina.startup.HostConfig.deployDescriptor Error deploying deployment descriptor [C:\Users\ADMIN\apache-tomcat-9.0.70\conf\Catalina\localhost\PE_PRJ301_SP23_THITHU.xml]
	java.lang.IllegalStateException: Error starting child
		at org.apache.catalina.core.ContainerBase.addChildInternal(ContainerBase.java:729)
		at org.apache.catalina.core.ContainerBase.addChild(ContainerBase.java:698)
		at org.apache.catalina.core.StandardHost.addChild(StandardHost.java:696)
		at org.apache.catalina.startup.HostConfig.deployDescriptor(HostConfig.java:689)
		at org.apache.catalina.startup.HostConfig$DeployDescriptor.run(HostConfig.java:1888)
		at java.util.concurrent.Executors$RunnableAdapter.call(Executors.java:511)
		at java.util.concurrent.FutureTask.run(FutureTask.java:266)
		at org.apache.tomcat.util.threads.InlineExecutorService.execute(InlineExecutorService.java:75)
		at java.util.concurrent.AbstractExecutorService.submit(AbstractExecutorService.java:112)
		at org.apache.catalina.startup.HostConfig.deployDescriptors(HostConfig.java:582)
		at org.apache.catalina.startup.HostConfig.deployApps(HostConfig.java:472)
		at org.apache.catalina.startup.HostConfig.start(HostConfig.java:1617)
		at org.apache.catalina.startup.HostConfig.lifecycleEvent(HostConfig.java:318)
		at org.apache.catalina.util.LifecycleBase.fireLifecycleEvent(LifecycleBase.java:123)
		at org.apache.catalina.util.LifecycleBase.setStateInternal(LifecycleBase.java:423)
		at org.apache.catalina.util.LifecycleBase.setState(LifecycleBase.java:366)
		at org.apache.catalina.core.ContainerBase.startInternal(ContainerBase.java:943)
		at org.apache.catalina.core.StandardHost.startInternal(StandardHost.java:835)
		at org.apache.catalina.util.LifecycleBase.start(LifecycleBase.java:183)
		at org.apache.catalina.core.ContainerBase$StartChild.call(ContainerBase.java:1393)
		at org.apache.catalina.core.ContainerBase$StartChild.call(ContainerBase.java:1383)
		at java.util.concurrent.FutureTask.run(FutureTask.java:266)
		at org.apache.tomcat.util.threads.InlineExecutorService.execute(InlineExecutorService.java:75)
		at java.util.concurrent.AbstractExecutorService.submit(AbstractExecutorService.java:134)
		at org.apache.catalina.core.ContainerBase.startInternal(ContainerBase.java:916)
		at org.apache.catalina.core.StandardEngine.startInternal(StandardEngine.java:265)
		at org.apache.catalina.util.LifecycleBase.start(LifecycleBase.java:183)
		at org.apache.catalina.core.StandardService.startInternal(StandardService.java:430)
		at org.apache.catalina.util.LifecycleBase.start(LifecycleBase.java:183)
		at org.apache.catalina.core.StandardServer.startInternal(StandardServer.java:930)
		at org.apache.catalina.util.LifecycleBase.start(LifecycleBase.java:183)
		at org.apache.catalina.startup.Catalina.start(Catalina.java:772)
		at sun.reflect.NativeMethodAccessorImpl.invoke0(Native Method)
		at sun.reflect.NativeMethodAccessorImpl.invoke(NativeMethodAccessorImpl.java:62)
		at sun.reflect.DelegatingMethodAccessorImpl.invoke(DelegatingMethodAccessorImpl.java:43)
		at java.lang.reflect.Method.invoke(Method.java:497)
		at org.apache.catalina.startup.Bootstrap.start(Bootstrap.java:347)
		at org.apache.catalina.startup.Bootstrap.main(Bootstrap.java:478)
	Caused by: org.apache.catalina.LifecycleException: Failed to start component [org.apache.catalina.webresources.StandardRoot@74bdfa0b]
		at org.apache.catalina.util.LifecycleBase.handleSubClassException(LifecycleBase.java:440)
		at org.apache.catalina.util.LifecycleBase.start(LifecycleBase.java:198)
		at org.apache.catalina.core.StandardContext.resourcesStart(StandardContext.java:4881)
		at org.apache.catalina.core.StandardContext.startInternal(StandardContext.java:5014)
		at org.apache.catalina.util.LifecycleBase.start(LifecycleBase.java:183)
		at org.apache.catalina.core.ContainerBase.addChildInternal(ContainerBase.java:726)
		... 37 more
	Caused by: java.lang.IllegalArgumentException: The main resource set specified [D:\PE_PRJ301_FA22_YourStudentID\build\web] is not valid
		at org.apache.catalina.webresources.StandardRoot.createMainResourceSet(StandardRoot.java:777)
		at org.apache.catalina.webresources.StandardRoot.startInternal(StandardRoot.java:734)
		at org.apache.catalina.util.LifecycleBase.start(LifecycleBase.java:183)
		... 41 more
21-Jan-2024 20:34:21.489 INFO [main] org.apache.catalina.startup.HostConfig.deployDescriptor Deployment of deployment descriptor [C:\Users\ADMIN\apache-tomcat-9.0.70\conf\Catalina\localhost\PE_PRJ301_SP23_THITHU.xml] has finished in [63] ms
21-Jan-2024 20:34:21.489 INFO [main] org.apache.catalina.startup.HostConfig.deployDescriptor Deploying deployment descriptor [C:\Users\ADMIN\apache-tomcat-9.0.70\conf\Catalina\localhost\PE_PRJ301_SPRING23de4.xml]
21-Jan-2024 20:34:21.490 WARNING [main] org.apache.catalina.startup.HostConfig.deployDescriptor The path attribute with value [/PE_PRJ301_SPRING23de4] in deployment descriptor [C:\Users\ADMIN\apache-tomcat-9.0.70\conf\Catalina\localhost\PE_PRJ301_SPRING23de4.xml] has been ignored
21-Jan-2024 20:34:21.583 INFO [main] org.apache.jasper.servlet.TldScanner.scanJars At least one JAR was scanned for TLDs yet contained no TLDs. Enable debug logging for this logger for a complete list of JARs that were scanned but no TLDs were found in them. Skipping unneeded JARs during scanning can improve startup time and JSP compilation time.
21-Jan-2024 20:34:21.588 INFO [main] org.apache.catalina.startup.HostConfig.deployDescriptor Deployment of deployment descriptor [C:\Users\ADMIN\apache-tomcat-9.0.70\conf\Catalina\localhost\PE_PRJ301_SPRING23de4.xml] has finished in [98] ms
21-Jan-2024 20:34:21.588 INFO [main] org.apache.catalina.startup.HostConfig.deployDescriptor Deploying deployment descriptor [C:\Users\ADMIN\apache-tomcat-9.0.70\conf\Catalina\localhost\PRJ301_StudentID.xml]
21-Jan-2024 20:34:21.589 WARNING [main] org.apache.catalina.startup.HostConfig.deployDescriptor The path attribute with value [/PRJ301_StudentID] in deployment descriptor [C:\Users\ADMIN\apache-tomcat-9.0.70\conf\Catalina\localhost\PRJ301_StudentID.xml] has been ignored
21-Jan-2024 20:34:21.802 INFO [main] org.apache.jasper.servlet.TldScanner.scanJars At least one JAR was scanned for TLDs yet contained no TLDs. Enable debug logging for this logger for a complete list of JARs that were scanned but no TLDs were found in them. Skipping unneeded JARs during scanning can improve startup time and JSP compilation time.
21-Jan-2024 20:34:21.806 INFO [main] org.apache.catalina.startup.HostConfig.deployDescriptor Deployment of deployment descriptor [C:\Users\ADMIN\apache-tomcat-9.0.70\conf\Catalina\localhost\PRJ301_StudentID.xml] has finished in [218] ms
21-Jan-2024 20:34:21.806 INFO [main] org.apache.catalina.startup.HostConfig.deployDescriptor Deploying deployment descriptor [C:\Users\ADMIN\apache-tomcat-9.0.70\conf\Catalina\localhost\ProductPE.xml]
21-Jan-2024 20:34:21.807 WARNING [main] org.apache.catalina.startup.HostConfig.deployDescriptor The path attribute with value [/ProductPE] in deployment descriptor [C:\Users\ADMIN\apache-tomcat-9.0.70\conf\Catalina\localhost\ProductPE.xml] has been ignored
21-Jan-2024 20:34:22.013 INFO [main] org.apache.jasper.servlet.TldScanner.scanJars At least one JAR was scanned for TLDs yet contained no TLDs. Enable debug logging for this logger for a complete list of JARs that were scanned but no TLDs were found in them. Skipping unneeded JARs during scanning can improve startup time and JSP compilation time.
21-Jan-2024 20:34:22.019 INFO [main] org.apache.catalina.startup.HostConfig.deployDescriptor Deployment of deployment descriptor [C:\Users\ADMIN\apache-tomcat-9.0.70\conf\Catalina\localhost\ProductPE.xml] has finished in [213] ms
21-Jan-2024 20:34:22.019 INFO [main] org.apache.catalina.startup.HostConfig.deployDescriptor Deploying deployment descriptor [C:\Users\ADMIN\apache-tomcat-9.0.70\conf\Catalina\localhost\SneakerStore.xml]
21-Jan-2024 20:34:22.020 WARNING [main] org.apache.catalina.startup.HostConfig.deployDescriptor The path attribute with value [/SneakerStore] in deployment descriptor [C:\Users\ADMIN\apache-tomcat-9.0.70\conf\Catalina\localhost\SneakerStore.xml] has been ignored
21-Jan-2024 20:34:22.260 INFO [main] org.apache.jasper.servlet.TldScanner.scanJars At least one JAR was scanned for TLDs yet contained no TLDs. Enable debug logging for this logger for a complete list of JARs that were scanned but no TLDs were found in them. Skipping unneeded JARs during scanning can improve startup time and JSP compilation time.
21-Jan-2024 20:34:22.263 INFO [main] org.apache.catalina.startup.HostConfig.deployDescriptor Deployment of deployment descriptor [C:\Users\ADMIN\apache-tomcat-9.0.70\conf\Catalina\localhost\SneakerStore.xml] has finished in [244] ms
21-Jan-2024 20:34:22.263 INFO [main] org.apache.catalina.startup.HostConfig.deployDescriptor Deploying deployment descriptor [C:\Users\ADMIN\apache-tomcat-9.0.70\conf\Catalina\localhost\Spring.xml]
21-Jan-2024 20:34:22.264 WARNING [main] org.apache.catalina.startup.HostConfig.deployDescriptor The path attribute with value [/Spring] in deployment descriptor [C:\Users\ADMIN\apache-tomcat-9.0.70\conf\Catalina\localhost\Spring.xml] has been ignored
21-Jan-2024 20:34:23.171 INFO [main] org.apache.jasper.servlet.TldScanner.scanJars At least one JAR was scanned for TLDs yet contained no TLDs. Enable debug logging for this logger for a complete list of JARs that were scanned but no TLDs were found in them. Skipping unneeded JARs during scanning can improve startup time and JSP compilation time.
21-Jan-2024 20:34:23.195 INFO [main] org.springframework.web.context.ContextLoader.initWebApplicationContext Root WebApplicationContext: initialization started
21-Jan-2024 20:34:23.244 INFO [main] org.springframework.web.context.support.XmlWebApplicationContext.prepareRefresh Refreshing Root WebApplicationContext: startup date [Sun Jan 21 20:34:23 ICT 2024]; root of context hierarchy
21-Jan-2024 20:34:23.369 INFO [main] org.springframework.beans.factory.xml.XmlBeanDefinitionReader.loadBeanDefinitions Loading XML bean definitions from ServletContext resource [/WEB-INF/applicationContext.xml]
21-Jan-2024 20:34:23.468 INFO [main] org.springframework.web.context.ContextLoader.initWebApplicationContext Root WebApplicationContext: initialization completed in 273 ms
21-Jan-2024 20:34:23.472 INFO [main] org.springframework.web.servlet.DispatcherServlet.initServletBean FrameworkServlet 'dispatcher': initialization started
21-Jan-2024 20:34:23.479 INFO [main] org.springframework.web.context.support.XmlWebApplicationContext.prepareRefresh Refreshing WebApplicationContext for namespace 'dispatcher-servlet': startup date [Sun Jan 21 20:34:23 ICT 2024]; parent: Root WebApplicationContext
21-Jan-2024 20:34:23.479 INFO [main] org.springframework.beans.factory.xml.XmlBeanDefinitionReader.loadBeanDefinitions Loading XML bean definitions from ServletContext resource [/WEB-INF/dispatcher-servlet.xml]
21-Jan-2024 20:34:23.597 INFO [main] org.springframework.web.servlet.handler.SimpleUrlHandlerMapping.registerHandler Mapped URL path [/index.htm] onto handler 'indexController'
21-Jan-2024 20:34:23.650 INFO [main] org.springframework.web.servlet.DispatcherServlet.initServletBean FrameworkServlet 'dispatcher': initialization completed in 178 ms
21-Jan-2024 20:34:23.652 INFO [main] org.apache.catalina.startup.HostConfig.deployDescriptor Deployment of deployment descriptor [C:\Users\ADMIN\apache-tomcat-9.0.70\conf\Catalina\localhost\Spring.xml] has finished in [1,389] ms
21-Jan-2024 20:34:23.652 INFO [main] org.apache.catalina.startup.HostConfig.deployDescriptor Deploying deployment descriptor [C:\Users\ADMIN\apache-tomcat-9.0.70\conf\Catalina\localhost\Student.xml]
21-Jan-2024 20:34:23.654 WARNING [main] org.apache.catalina.startup.HostConfig.deployDescriptor The path attribute with value [/Student] in deployment descriptor [C:\Users\ADMIN\apache-tomcat-9.0.70\conf\Catalina\localhost\Student.xml] has been ignored
21-Jan-2024 20:34:24.020 INFO [main] org.apache.jasper.servlet.TldScanner.scanJars At least one JAR was scanned for TLDs yet contained no TLDs. Enable debug logging for this logger for a complete list of JARs that were scanned but no TLDs were found in them. Skipping unneeded JARs during scanning can improve startup time and JSP compilation time.
21-Jan-2024 20:34:24.027 INFO [main] org.apache.catalina.startup.HostConfig.deployDescriptor Deployment of deployment descriptor [C:\Users\ADMIN\apache-tomcat-9.0.70\conf\Catalina\localhost\Student.xml] has finished in [375] ms
21-Jan-2024 20:34:24.027 INFO [main] org.apache.catalina.startup.HostConfig.deployDescriptor Deploying deployment descriptor [C:\Users\ADMIN\apache-tomcat-9.0.70\conf\Catalina\localhost\WebApplication7.xml]
21-Jan-2024 20:34:24.029 WARNING [main] org.apache.catalina.startup.HostConfig.deployDescriptor The path attribute with value [/WebApplication7] in deployment descriptor [C:\Users\ADMIN\apache-tomcat-9.0.70\conf\Catalina\localhost\WebApplication7.xml] has been ignored
21-Jan-2024 20:34:24.033 SEVERE [main] org.apache.catalina.startup.HostConfig.deployDescriptor Error deploying deployment descriptor [C:\Users\ADMIN\apache-tomcat-9.0.70\conf\Catalina\localhost\WebApplication7.xml]
	java.lang.IllegalStateException: Error starting child
		at org.apache.catalina.core.ContainerBase.addChildInternal(ContainerBase.java:729)
		at org.apache.catalina.core.ContainerBase.addChild(ContainerBase.java:698)
		at org.apache.catalina.core.StandardHost.addChild(StandardHost.java:696)
		at org.apache.catalina.startup.HostConfig.deployDescriptor(HostConfig.java:689)
		at org.apache.catalina.startup.HostConfig$DeployDescriptor.run(HostConfig.java:1888)
		at java.util.concurrent.Executors$RunnableAdapter.call(Executors.java:511)
		at java.util.concurrent.FutureTask.run(FutureTask.java:266)
		at org.apache.tomcat.util.threads.InlineExecutorService.execute(InlineExecutorService.java:75)
		at java.util.concurrent.AbstractExecutorService.submit(AbstractExecutorService.java:112)
		at org.apache.catalina.startup.HostConfig.deployDescriptors(HostConfig.java:582)
		at org.apache.catalina.startup.HostConfig.deployApps(HostConfig.java:472)
		at org.apache.catalina.startup.HostConfig.start(HostConfig.java:1617)
		at org.apache.catalina.startup.HostConfig.lifecycleEvent(HostConfig.java:318)
		at org.apache.catalina.util.LifecycleBase.fireLifecycleEvent(LifecycleBase.java:123)
		at org.apache.catalina.util.LifecycleBase.setStateInternal(LifecycleBase.java:423)
		at org.apache.catalina.util.LifecycleBase.setState(LifecycleBase.java:366)
		at org.apache.catalina.core.ContainerBase.startInternal(ContainerBase.java:943)
		at org.apache.catalina.core.StandardHost.startInternal(StandardHost.java:835)
		at org.apache.catalina.util.LifecycleBase.start(LifecycleBase.java:183)
		at org.apache.catalina.core.ContainerBase$StartChild.call(ContainerBase.java:1393)
		at org.apache.catalina.core.ContainerBase$StartChild.call(ContainerBase.java:1383)
		at java.util.concurrent.FutureTask.run(FutureTask.java:266)
		at org.apache.tomcat.util.threads.InlineExecutorService.execute(InlineExecutorService.java:75)
		at java.util.concurrent.AbstractExecutorService.submit(AbstractExecutorService.java:134)
		at org.apache.catalina.core.ContainerBase.startInternal(ContainerBase.java:916)
		at org.apache.catalina.core.StandardEngine.startInternal(StandardEngine.java:265)
		at org.apache.catalina.util.LifecycleBase.start(LifecycleBase.java:183)
		at org.apache.catalina.core.StandardService.startInternal(StandardService.java:430)
		at org.apache.catalina.util.LifecycleBase.start(LifecycleBase.java:183)
		at org.apache.catalina.core.StandardServer.startInternal(StandardServer.java:930)
		at org.apache.catalina.util.LifecycleBase.start(LifecycleBase.java:183)
		at org.apache.catalina.startup.Catalina.start(Catalina.java:772)
		at sun.reflect.NativeMethodAccessorImpl.invoke0(Native Method)
		at sun.reflect.NativeMethodAccessorImpl.invoke(NativeMethodAccessorImpl.java:62)
		at sun.reflect.DelegatingMethodAccessorImpl.invoke(DelegatingMethodAccessorImpl.java:43)
		at java.lang.reflect.Method.invoke(Method.java:497)
		at org.apache.catalina.startup.Bootstrap.start(Bootstrap.java:347)
		at org.apache.catalina.startup.Bootstrap.main(Bootstrap.java:478)
	Caused by: org.apache.catalina.LifecycleException: Failed to start component [org.apache.catalina.webresources.StandardRoot@484313a6]
		at org.apache.catalina.util.LifecycleBase.handleSubClassException(LifecycleBase.java:440)
		at org.apache.catalina.util.LifecycleBase.start(LifecycleBase.java:198)
		at org.apache.catalina.core.StandardContext.resourcesStart(StandardContext.java:4881)
		at org.apache.catalina.core.StandardContext.startInternal(StandardContext.java:5014)
		at org.apache.catalina.util.LifecycleBase.start(LifecycleBase.java:183)
		at org.apache.catalina.core.ContainerBase.addChildInternal(ContainerBase.java:726)
		... 37 more
	Caused by: java.lang.IllegalArgumentException: The main resource set specified [D:\prj301\WebApplication7\build\web] is not valid
		at org.apache.catalina.webresources.StandardRoot.createMainResourceSet(StandardRoot.java:777)
		at org.apache.catalina.webresources.StandardRoot.startInternal(StandardRoot.java:734)
		at org.apache.catalina.util.LifecycleBase.start(LifecycleBase.java:183)
		... 41 more
21-Jan-2024 20:34:24.045 INFO [main] org.apache.catalina.startup.HostConfig.deployDescriptor Deployment of deployment descriptor [C:\Users\ADMIN\apache-tomcat-9.0.70\conf\Catalina\localhost\WebApplication7.xml] has finished in [18] ms
21-Jan-2024 20:34:24.045 INFO [main] org.apache.catalina.startup.HostConfig.deployDescriptor Deploying deployment descriptor [C:\Users\ADMIN\apache-tomcat-9.0.70\conf\Catalina\localhost\WebApplication8.xml]
21-Jan-2024 20:34:24.047 WARNING [main] org.apache.catalina.startup.HostConfig.deployDescriptor The path attribute with value [/WebApplication8] in deployment descriptor [C:\Users\ADMIN\apache-tomcat-9.0.70\conf\Catalina\localhost\WebApplication8.xml] has been ignored
21-Jan-2024 20:34:24.050 SEVERE [main] org.apache.catalina.startup.HostConfig.deployDescriptor Error deploying deployment descriptor [C:\Users\ADMIN\apache-tomcat-9.0.70\conf\Catalina\localhost\WebApplication8.xml]
	java.lang.IllegalStateException: Error starting child
		at org.apache.catalina.core.ContainerBase.addChildInternal(ContainerBase.java:729)
		at org.apache.catalina.core.ContainerBase.addChild(ContainerBase.java:698)
		at org.apache.catalina.core.StandardHost.addChild(StandardHost.java:696)
		at org.apache.catalina.startup.HostConfig.deployDescriptor(HostConfig.java:689)
		at org.apache.catalina.startup.HostConfig$DeployDescriptor.run(HostConfig.java:1888)
		at java.util.concurrent.Executors$RunnableAdapter.call(Executors.java:511)
		at java.util.concurrent.FutureTask.run(FutureTask.java:266)
		at org.apache.tomcat.util.threads.InlineExecutorService.execute(InlineExecutorService.java:75)
		at java.util.concurrent.AbstractExecutorService.submit(AbstractExecutorService.java:112)
		at org.apache.catalina.startup.HostConfig.deployDescriptors(HostConfig.java:582)
		at org.apache.catalina.startup.HostConfig.deployApps(HostConfig.java:472)
		at org.apache.catalina.startup.HostConfig.start(HostConfig.java:1617)
		at org.apache.catalina.startup.HostConfig.lifecycleEvent(HostConfig.java:318)
		at org.apache.catalina.util.LifecycleBase.fireLifecycleEvent(LifecycleBase.java:123)
		at org.apache.catalina.util.LifecycleBase.setStateInternal(LifecycleBase.java:423)
		at org.apache.catalina.util.LifecycleBase.setState(LifecycleBase.java:366)
		at org.apache.catalina.core.ContainerBase.startInternal(ContainerBase.java:943)
		at org.apache.catalina.core.StandardHost.startInternal(StandardHost.java:835)
		at org.apache.catalina.util.LifecycleBase.start(LifecycleBase.java:183)
		at org.apache.catalina.core.ContainerBase$StartChild.call(ContainerBase.java:1393)
		at org.apache.catalina.core.ContainerBase$StartChild.call(ContainerBase.java:1383)
		at java.util.concurrent.FutureTask.run(FutureTask.java:266)
		at org.apache.tomcat.util.threads.InlineExecutorService.execute(InlineExecutorService.java:75)
		at java.util.concurrent.AbstractExecutorService.submit(AbstractExecutorService.java:134)
		at org.apache.catalina.core.ContainerBase.startInternal(ContainerBase.java:916)
		at org.apache.catalina.core.StandardEngine.startInternal(StandardEngine.java:265)
		at org.apache.catalina.util.LifecycleBase.start(LifecycleBase.java:183)
		at org.apache.catalina.core.StandardService.startInternal(StandardService.java:430)
		at org.apache.catalina.util.LifecycleBase.start(LifecycleBase.java:183)
		at org.apache.catalina.core.StandardServer.startInternal(StandardServer.java:930)
		at org.apache.catalina.util.LifecycleBase.start(LifecycleBase.java:183)
		at org.apache.catalina.startup.Catalina.start(Catalina.java:772)
		at sun.reflect.NativeMethodAccessorImpl.invoke0(Native Method)
		at sun.reflect.NativeMethodAccessorImpl.invoke(NativeMethodAccessorImpl.java:62)
		at sun.reflect.DelegatingMethodAccessorImpl.invoke(DelegatingMethodAccessorImpl.java:43)
		at java.lang.reflect.Method.invoke(Method.java:497)
		at org.apache.catalina.startup.Bootstrap.start(Bootstrap.java:347)
		at org.apache.catalina.startup.Bootstrap.main(Bootstrap.java:478)
	Caused by: org.apache.catalina.LifecycleException: Failed to start component [org.apache.catalina.webresources.StandardRoot@21dc1d99]
		at org.apache.catalina.util.LifecycleBase.handleSubClassException(LifecycleBase.java:440)
		at org.apache.catalina.util.LifecycleBase.start(LifecycleBase.java:198)
		at org.apache.catalina.core.StandardContext.resourcesStart(StandardContext.java:4881)
		at org.apache.catalina.core.StandardContext.startInternal(StandardContext.java:5014)
		at org.apache.catalina.util.LifecycleBase.start(LifecycleBase.java:183)
		at org.apache.catalina.core.ContainerBase.addChildInternal(ContainerBase.java:726)
		... 37 more
	Caused by: java.lang.IllegalArgumentException: The main resource set specified [D:\prj301\WebApplication8\build\web] is not valid
		at org.apache.catalina.webresources.StandardRoot.createMainResourceSet(StandardRoot.java:777)
		at org.apache.catalina.webresources.StandardRoot.startInternal(StandardRoot.java:734)
		at org.apache.catalina.util.LifecycleBase.start(LifecycleBase.java:183)
		... 41 more
21-Jan-2024 20:34:24.124 INFO [main] org.apache.catalina.startup.HostConfig.deployDescriptor Deployment of deployment descriptor [C:\Users\ADMIN\apache-tomcat-9.0.70\conf\Catalina\localhost\WebApplication8.xml] has finished in [79] ms
21-Jan-2024 20:34:24.124 INFO [main] org.apache.catalina.startup.HostConfig.deployDescriptor Deploying deployment descriptor [C:\Users\ADMIN\apache-tomcat-9.0.70\conf\Catalina\localhost\Workshop1.xml]
21-Jan-2024 20:34:24.125 WARNING [main] org.apache.catalina.startup.HostConfig.deployDescriptor The path attribute with value [/Workshop1] in deployment descriptor [C:\Users\ADMIN\apache-tomcat-9.0.70\conf\Catalina\localhost\Workshop1.xml] has been ignored
21-Jan-2024 20:34:24.384 INFO [main] org.apache.jasper.servlet.TldScanner.scanJars At least one JAR was scanned for TLDs yet contained no TLDs. Enable debug logging for this logger for a complete list of JARs that were scanned but no TLDs were found in them. Skipping unneeded JARs during scanning can improve startup time and JSP compilation time.
21-Jan-2024 20:34:24.388 INFO [main] org.apache.catalina.startup.HostConfig.deployDescriptor Deployment of deployment descriptor [C:\Users\ADMIN\apache-tomcat-9.0.70\conf\Catalina\localhost\Workshop1.xml] has finished in [264] ms
21-Jan-2024 20:34:24.388 INFO [main] org.apache.catalina.startup.HostConfig.deployDescriptor Deploying deployment descriptor [C:\Users\ADMIN\apache-tomcat-9.0.70\conf\Catalina\localhost\WS1.xml]
21-Jan-2024 20:34:24.389 WARNING [main] org.apache.catalina.startup.HostConfig.deployDescriptor The path attribute with value [/WS1] in deployment descriptor [C:\Users\ADMIN\apache-tomcat-9.0.70\conf\Catalina\localhost\WS1.xml] has been ignored
21-Jan-2024 20:34:24.469 INFO [main] org.apache.jasper.servlet.TldScanner.scanJars At least one JAR was scanned for TLDs yet contained no TLDs. Enable debug logging for this logger for a complete list of JARs that were scanned but no TLDs were found in them. Skipping unneeded JARs during scanning can improve startup time and JSP compilation time.
21-Jan-2024 20:34:24.470 INFO [main] org.apache.catalina.startup.HostConfig.deployDescriptor Deployment of deployment descriptor [C:\Users\ADMIN\apache-tomcat-9.0.70\conf\Catalina\localhost\WS1.xml] has finished in [82] ms
21-Jan-2024 20:34:24.471 INFO [main] org.apache.catalina.startup.HostConfig.deployDirectory Deploying web application directory [C:\Users\ADMIN\apache-tomcat-9.0.70\webapps\docs]
21-Jan-2024 20:34:24.488 INFO [main] org.apache.catalina.startup.HostConfig.deployDirectory Deployment of web application directory [C:\Users\ADMIN\apache-tomcat-9.0.70\webapps\docs] has finished in [16] ms
21-Jan-2024 20:34:24.488 INFO [main] org.apache.catalina.startup.HostConfig.deployDirectory Deploying web application directory [C:\Users\ADMIN\apache-tomcat-9.0.70\webapps\examples]
21-Jan-2024 20:34:24.733 INFO [main] org.apache.catalina.startup.HostConfig.deployDirectory Deployment of web application directory [C:\Users\ADMIN\apache-tomcat-9.0.70\webapps\examples] has finished in [244] ms
21-Jan-2024 20:34:24.733 INFO [main] org.apache.catalina.startup.HostConfig.deployDirectory Deploying web application directory [C:\Users\ADMIN\apache-tomcat-9.0.70\webapps\host-manager]
21-Jan-2024 20:34:24.758 INFO [main] org.apache.catalina.startup.HostConfig.deployDirectory Deployment of web application directory [C:\Users\ADMIN\apache-tomcat-9.0.70\webapps\host-manager] has finished in [25] ms
21-Jan-2024 20:34:24.759 INFO [main] org.apache.catalina.startup.HostConfig.deployDirectory Deploying web application directory [C:\Users\ADMIN\apache-tomcat-9.0.70\webapps\manager]
21-Jan-2024 20:34:24.783 INFO [main] org.apache.catalina.startup.HostConfig.deployDirectory Deployment of web application directory [C:\Users\ADMIN\apache-tomcat-9.0.70\webapps\manager] has finished in [24] ms
21-Jan-2024 20:34:24.783 INFO [main] org.apache.catalina.startup.HostConfig.deployDirectory Deploying web application directory [C:\Users\ADMIN\apache-tomcat-9.0.70\webapps\ROOT]
21-Jan-2024 20:34:24.801 INFO [main] org.apache.catalina.startup.HostConfig.deployDirectory Deployment of web application directory [C:\Users\ADMIN\apache-tomcat-9.0.70\webapps\ROOT] has finished in [18] ms
21-Jan-2024 20:34:24.805 INFO [main] org.apache.coyote.AbstractProtocol.start Starting ProtocolHandler ["http-nio-8080"]
21-Jan-2024 20:34:24.829 INFO [main] org.apache.catalina.startup.Catalina.start Server startup in [7506] milliseconds
21-Jan-2024 21:06:37.024 INFO [main] org.apache.catalina.core.StandardServer.await A valid shutdown command was received via the shutdown port. Stopping the Server instance.
21-Jan-2024 21:06:37.025 INFO [main] org.apache.coyote.AbstractProtocol.pause Pausing ProtocolHandler ["http-nio-8080"]
21-Jan-2024 21:06:37.157 INFO [main] org.apache.catalina.core.StandardService.stopInternal Stopping service [Catalina]
21-Jan-2024 21:06:37.308 WARNING [main] org.apache.catalina.loader.WebappClassLoaderBase.clearReferencesJdbc The web application [CakeShop] registered the JDBC driver [com.microsoft.sqlserver.jdbc.SQLServerDriver] but failed to unregister it when the web application was stopped. To prevent a memory leak, the JDBC Driver has been forcibly unregistered.
21-Jan-2024 21:06:37.308 SEVERE [main] org.apache.catalina.loader.WebappClassLoaderBase.checkThreadLocalMapForLeaks The web application [CakeShop] created a ThreadLocal with key of type [com.microsoft.sqlserver.jdbc.ActivityCorrelator$1] (value [com.microsoft.sqlserver.jdbc.ActivityCorrelator$1@60f3813e]) and a value of type [com.microsoft.sqlserver.jdbc.ActivityId] (value [5028d930-41be-42dd-8559-b7d543f30d74-1]) but failed to remove it when the web application was stopped. Threads are going to be renewed over time to try and avoid a probable memory leak.
21-Jan-2024 21:06:37.309 SEVERE [main] org.apache.catalina.loader.WebappClassLoaderBase.checkThreadLocalMapForLeaks The web application [CakeShop] created a ThreadLocal with key of type [com.microsoft.sqlserver.jdbc.ActivityCorrelator$1] (value [com.microsoft.sqlserver.jdbc.ActivityCorrelator$1@60f3813e]) and a value of type [com.microsoft.sqlserver.jdbc.ActivityId] (value [bc1139ab-29ef-42af-a99b-3f7a94d4cc20-1]) but failed to remove it when the web application was stopped. Threads are going to be renewed over time to try and avoid a probable memory leak.
21-Jan-2024 21:06:37.313 INFO [main] org.springframework.web.context.support.XmlWebApplicationContext.doClose Closing WebApplicationContext for namespace 'dispatcher-servlet': startup date [Sun Jan 21 20:34:23 ICT 2024]; parent: Root WebApplicationContext
21-Jan-2024 21:06:37.314 INFO [main] org.springframework.web.context.support.XmlWebApplicationContext.doClose Closing Root WebApplicationContext: startup date [Sun Jan 21 20:34:23 ICT 2024]; root of context hierarchy
21-Jan-2024 21:06:37.373 INFO [main] org.apache.coyote.AbstractProtocol.stop Stopping ProtocolHandler ["http-nio-8080"]
21-Jan-2024 21:06:37.384 INFO [main] org.apache.coyote.AbstractProtocol.destroy Destroying ProtocolHandler ["http-nio-8080"]
