17-Jan-2024 12:48:14.277 INFO [main] org.apache.catalina.startup.VersionLoggerListener.log Server version name:   Apache Tomcat/9.0.70
17-Jan-2024 12:48:14.280 INFO [main] org.apache.catalina.startup.VersionLoggerListener.log Server built:          Dec 1 2022 14:05:47 UTC
17-Jan-2024 12:48:14.280 INFO [main] org.apache.catalina.startup.VersionLoggerListener.log Server version number: 9.0.70.0
17-Jan-2024 12:48:14.280 INFO [main] org.apache.catalina.startup.VersionLoggerListener.log OS Name:               Windows 10
17-Jan-2024 12:48:14.280 INFO [main] org.apache.catalina.startup.VersionLoggerListener.log OS Version:            10.0
17-Jan-2024 12:48:14.280 INFO [main] org.apache.catalina.startup.VersionLoggerListener.log Architecture:          amd64
17-Jan-2024 12:48:14.280 INFO [main] org.apache.catalina.startup.VersionLoggerListener.log Java Home:             C:\Program Files\Java\jdk-17.0.1
17-Jan-2024 12:48:14.280 INFO [main] org.apache.catalina.startup.VersionLoggerListener.log JVM Version:           17.0.1+12-LTS-39
17-Jan-2024 12:48:14.280 INFO [main] org.apache.catalina.startup.VersionLoggerListener.log JVM Vendor:            Oracle Corporation
17-Jan-2024 12:48:14.280 INFO [main] org.apache.catalina.startup.VersionLoggerListener.log CATALINA_BASE:         C:\Users\ADMIN\apache-tomcat-9.0.70
17-Jan-2024 12:48:14.280 INFO [main] org.apache.catalina.startup.VersionLoggerListener.log CATALINA_HOME:         C:\Users\ADMIN\apache-tomcat-9.0.70
17-Jan-2024 12:48:14.287 INFO [main] org.apache.catalina.startup.VersionLoggerListener.log Command line argument: --add-opens=java.base/java.lang=ALL-UNNAMED
17-Jan-2024 12:48:14.287 INFO [main] org.apache.catalina.startup.VersionLoggerListener.log Command line argument: --add-opens=java.base/java.io=ALL-UNNAMED
17-Jan-2024 12:48:14.287 INFO [main] org.apache.catalina.startup.VersionLoggerListener.log Command line argument: --add-opens=java.base/java.util=ALL-UNNAMED
17-Jan-2024 12:48:14.287 INFO [main] org.apache.catalina.startup.VersionLoggerListener.log Command line argument: --add-opens=java.base/java.util.concurrent=ALL-UNNAMED
17-Jan-2024 12:48:14.288 INFO [main] org.apache.catalina.startup.VersionLoggerListener.log Command line argument: --add-opens=java.rmi/sun.rmi.transport=ALL-UNNAMED
17-Jan-2024 12:48:14.288 INFO [main] org.apache.catalina.startup.VersionLoggerListener.log Command line argument: -Djava.util.logging.config.file=C:\Users\ADMIN\apache-tomcat-9.0.70\conf\logging.properties
17-Jan-2024 12:48:14.288 INFO [main] org.apache.catalina.startup.VersionLoggerListener.log Command line argument: -Djava.util.logging.manager=org.apache.juli.ClassLoaderLogManager
17-Jan-2024 12:48:14.288 INFO [main] org.apache.catalina.startup.VersionLoggerListener.log Command line argument: -Dhttp.nonProxyHosts=localhost|127.0.0.1|MSI
17-Jan-2024 12:48:14.288 INFO [main] org.apache.catalina.startup.VersionLoggerListener.log Command line argument: -Djdk.tls.ephemeralDHKeySize=2048
17-Jan-2024 12:48:14.288 INFO [main] org.apache.catalina.startup.VersionLoggerListener.log Command line argument: -Djava.protocol.handler.pkgs=org.apache.catalina.webresources
17-Jan-2024 12:48:14.288 INFO [main] org.apache.catalina.startup.VersionLoggerListener.log Command line argument: -Dignore.endorsed.dirs=
17-Jan-2024 12:48:14.288 INFO [main] org.apache.catalina.startup.VersionLoggerListener.log Command line argument: -Dcatalina.base=C:\Users\ADMIN\apache-tomcat-9.0.70
17-Jan-2024 12:48:14.288 INFO [main] org.apache.catalina.startup.VersionLoggerListener.log Command line argument: -Dcatalina.home=C:\Users\ADMIN\apache-tomcat-9.0.70
17-Jan-2024 12:48:14.288 INFO [main] org.apache.catalina.startup.VersionLoggerListener.log Command line argument: -Djava.io.tmpdir=C:\Users\ADMIN\apache-tomcat-9.0.70\temp
17-Jan-2024 12:48:14.294 INFO [main] org.apache.catalina.core.AprLifecycleListener.lifecycleEvent Loaded Apache Tomcat Native library [1.2.35] using APR version [1.7.0].
17-Jan-2024 12:48:14.294 INFO [main] org.apache.catalina.core.AprLifecycleListener.lifecycleEvent APR capabilities: IPv6 [true], sendfile [true], accept filters [false], random [true], UDS [true].
17-Jan-2024 12:48:14.294 INFO [main] org.apache.catalina.core.AprLifecycleListener.lifecycleEvent APR/OpenSSL configuration: useAprConnector [false], useOpenSSL [true]
17-Jan-2024 12:48:14.306 INFO [main] org.apache.catalina.core.AprLifecycleListener.initializeSSL OpenSSL successfully initialized [OpenSSL 1.1.1q  5 Jul 2022]
17-Jan-2024 12:48:14.496 INFO [main] org.apache.coyote.AbstractProtocol.init Initializing ProtocolHandler ["http-nio-8080"]
17-Jan-2024 12:48:14.527 INFO [main] org.apache.catalina.startup.Catalina.load Server initialization in [398] milliseconds
17-Jan-2024 12:48:14.576 INFO [main] org.apache.catalina.core.StandardService.startInternal Starting service [Catalina]
17-Jan-2024 12:48:14.576 INFO [main] org.apache.catalina.core.StandardEngine.startInternal Starting Servlet engine: [Apache Tomcat/9.0.70]
17-Jan-2024 12:48:14.576 INFO [main] org.apache.catalina.startup.HostConfig.deployDescriptor Deploying deployment descriptor [C:\Users\ADMIN\apache-tomcat-9.0.70\conf\Catalina\localhost\02-demo02.xml]
17-Jan-2024 12:48:14.596 WARNING [main] org.apache.catalina.startup.HostConfig.deployDescriptor The path attribute with value [/02-demo02] in deployment descriptor [C:\Users\ADMIN\apache-tomcat-9.0.70\conf\Catalina\localhost\02-demo02.xml] has been ignored
17-Jan-2024 12:48:14.969 INFO [main] org.apache.jasper.servlet.TldScanner.scanJars At least one JAR was scanned for TLDs yet contained no TLDs. Enable debug logging for this logger for a complete list of JARs that were scanned but no TLDs were found in them. Skipping unneeded JARs during scanning can improve startup time and JSP compilation time.
17-Jan-2024 12:48:15.029 INFO [main] org.apache.catalina.startup.HostConfig.deployDescriptor Deployment of deployment descriptor [C:\Users\ADMIN\apache-tomcat-9.0.70\conf\Catalina\localhost\02-demo02.xml] has finished in [452] ms
17-Jan-2024 12:48:15.029 INFO [main] org.apache.catalina.startup.HostConfig.deployDescriptor Deploying deployment descriptor [C:\Users\ADMIN\apache-tomcat-9.0.70\conf\Catalina\localhost\Airplane.xml]
17-Jan-2024 12:48:15.030 WARNING [main] org.apache.catalina.startup.HostConfig.deployDescriptor The path attribute with value [/Airplane] in deployment descriptor [C:\Users\ADMIN\apache-tomcat-9.0.70\conf\Catalina\localhost\Airplane.xml] has been ignored
17-Jan-2024 12:48:15.222 INFO [main] org.apache.jasper.servlet.TldScanner.scanJars At least one JAR was scanned for TLDs yet contained no TLDs. Enable debug logging for this logger for a complete list of JARs that were scanned but no TLDs were found in them. Skipping unneeded JARs during scanning can improve startup time and JSP compilation time.
17-Jan-2024 12:48:15.224 INFO [main] org.apache.catalina.startup.HostConfig.deployDescriptor Deployment of deployment descriptor [C:\Users\ADMIN\apache-tomcat-9.0.70\conf\Catalina\localhost\Airplane.xml] has finished in [195] ms
17-Jan-2024 12:48:15.224 INFO [main] org.apache.catalina.startup.HostConfig.deployDescriptor Deploying deployment descriptor [C:\Users\ADMIN\apache-tomcat-9.0.70\conf\Catalina\localhost\AirplanePE.xml]
17-Jan-2024 12:48:15.225 WARNING [main] org.apache.catalina.startup.HostConfig.deployDescriptor The path attribute with value [/AirplanePE] in deployment descriptor [C:\Users\ADMIN\apache-tomcat-9.0.70\conf\Catalina\localhost\AirplanePE.xml] has been ignored
17-Jan-2024 12:48:15.483 INFO [main] org.apache.jasper.servlet.TldScanner.scanJars At least one JAR was scanned for TLDs yet contained no TLDs. Enable debug logging for this logger for a complete list of JARs that were scanned but no TLDs were found in them. Skipping unneeded JARs during scanning can improve startup time and JSP compilation time.
17-Jan-2024 12:48:15.497 INFO [main] org.apache.catalina.startup.HostConfig.deployDescriptor Deployment of deployment descriptor [C:\Users\ADMIN\apache-tomcat-9.0.70\conf\Catalina\localhost\AirplanePE.xml] has finished in [273] ms
17-Jan-2024 12:48:15.497 INFO [main] org.apache.catalina.startup.HostConfig.deployDescriptor Deploying deployment descriptor [C:\Users\ADMIN\apache-tomcat-9.0.70\conf\Catalina\localhost\ASSIGNMENT.xml]
17-Jan-2024 12:48:15.499 WARNING [main] org.apache.catalina.startup.HostConfig.deployDescriptor The path attribute with value [/ASSIGNMENT] in deployment descriptor [C:\Users\ADMIN\apache-tomcat-9.0.70\conf\Catalina\localhost\ASSIGNMENT.xml] has been ignored
17-Jan-2024 12:48:15.777 INFO [main] org.apache.jasper.servlet.TldScanner.scanJars At least one JAR was scanned for TLDs yet contained no TLDs. Enable debug logging for this logger for a complete list of JARs that were scanned but no TLDs were found in them. Skipping unneeded JARs during scanning can improve startup time and JSP compilation time.
17-Jan-2024 12:48:15.788 INFO [main] org.apache.catalina.startup.HostConfig.deployDescriptor Deployment of deployment descriptor [C:\Users\ADMIN\apache-tomcat-9.0.70\conf\Catalina\localhost\ASSIGNMENT.xml] has finished in [291] ms
17-Jan-2024 12:48:15.788 INFO [main] org.apache.catalina.startup.HostConfig.deployDescriptor Deploying deployment descriptor [C:\Users\ADMIN\apache-tomcat-9.0.70\conf\Catalina\localhost\BookLibrary.xml]
17-Jan-2024 12:48:15.789 WARNING [main] org.apache.catalina.startup.HostConfig.deployDescriptor The path attribute with value [/BookLibrary] in deployment descriptor [C:\Users\ADMIN\apache-tomcat-9.0.70\conf\Catalina\localhost\BookLibrary.xml] has been ignored
17-Jan-2024 12:48:16.020 INFO [main] org.apache.jasper.servlet.TldScanner.scanJars At least one JAR was scanned for TLDs yet contained no TLDs. Enable debug logging for this logger for a complete list of JARs that were scanned but no TLDs were found in them. Skipping unneeded JARs during scanning can improve startup time and JSP compilation time.
17-Jan-2024 12:48:16.038 INFO [main] org.apache.catalina.startup.HostConfig.deployDescriptor Deployment of deployment descriptor [C:\Users\ADMIN\apache-tomcat-9.0.70\conf\Catalina\localhost\BookLibrary.xml] has finished in [250] ms
17-Jan-2024 12:48:16.038 INFO [main] org.apache.catalina.startup.HostConfig.deployDescriptor Deploying deployment descriptor [C:\Users\ADMIN\apache-tomcat-9.0.70\conf\Catalina\localhost\CakeCart.xml]
17-Jan-2024 12:48:16.039 WARNING [main] org.apache.catalina.startup.HostConfig.deployDescriptor The path attribute with value [/CakeCart] in deployment descriptor [C:\Users\ADMIN\apache-tomcat-9.0.70\conf\Catalina\localhost\CakeCart.xml] has been ignored
17-Jan-2024 12:48:16.274 INFO [main] org.apache.jasper.servlet.TldScanner.scanJars At least one JAR was scanned for TLDs yet contained no TLDs. Enable debug logging for this logger for a complete list of JARs that were scanned but no TLDs were found in them. Skipping unneeded JARs during scanning can improve startup time and JSP compilation time.
17-Jan-2024 12:48:16.284 INFO [main] org.apache.catalina.startup.HostConfig.deployDescriptor Deployment of deployment descriptor [C:\Users\ADMIN\apache-tomcat-9.0.70\conf\Catalina\localhost\CakeCart.xml] has finished in [246] ms
17-Jan-2024 12:48:16.284 INFO [main] org.apache.catalina.startup.HostConfig.deployDescriptor Deploying deployment descriptor [C:\Users\ADMIN\apache-tomcat-9.0.70\conf\Catalina\localhost\CakePE.xml]
17-Jan-2024 12:48:16.284 WARNING [main] org.apache.catalina.startup.HostConfig.deployDescriptor The path attribute with value [/CakePE] in deployment descriptor [C:\Users\ADMIN\apache-tomcat-9.0.70\conf\Catalina\localhost\CakePE.xml] has been ignored
17-Jan-2024 12:48:16.503 INFO [main] org.apache.jasper.servlet.TldScanner.scanJars At least one JAR was scanned for TLDs yet contained no TLDs. Enable debug logging for this logger for a complete list of JARs that were scanned but no TLDs were found in them. Skipping unneeded JARs during scanning can improve startup time and JSP compilation time.
17-Jan-2024 12:48:16.503 INFO [main] org.apache.catalina.startup.HostConfig.deployDescriptor Deployment of deployment descriptor [C:\Users\ADMIN\apache-tomcat-9.0.70\conf\Catalina\localhost\CakePE.xml] has finished in [219] ms
17-Jan-2024 12:48:16.503 INFO [main] org.apache.catalina.startup.HostConfig.deployDescriptor Deploying deployment descriptor [C:\Users\ADMIN\apache-tomcat-9.0.70\conf\Catalina\localhost\CakeShop.xml]
17-Jan-2024 12:48:16.518 WARNING [main] org.apache.catalina.startup.HostConfig.deployDescriptor The path attribute with value [/CakeShop] in deployment descriptor [C:\Users\ADMIN\apache-tomcat-9.0.70\conf\Catalina\localhost\CakeShop.xml] has been ignored
17-Jan-2024 12:48:16.739 INFO [main] org.apache.jasper.servlet.TldScanner.scanJars At least one JAR was scanned for TLDs yet contained no TLDs. Enable debug logging for this logger for a complete list of JARs that were scanned but no TLDs were found in them. Skipping unneeded JARs during scanning can improve startup time and JSP compilation time.
17-Jan-2024 12:48:16.747 INFO [main] org.apache.catalina.startup.HostConfig.deployDescriptor Deployment of deployment descriptor [C:\Users\ADMIN\apache-tomcat-9.0.70\conf\Catalina\localhost\CakeShop.xml] has finished in [244] ms
17-Jan-2024 12:48:16.747 INFO [main] org.apache.catalina.startup.HostConfig.deployDescriptor Deploying deployment descriptor [C:\Users\ADMIN\apache-tomcat-9.0.70\conf\Catalina\localhost\CompanyPE.xml]
17-Jan-2024 12:48:16.748 WARNING [main] org.apache.catalina.startup.HostConfig.deployDescriptor The path attribute with value [/CompanyPE] in deployment descriptor [C:\Users\ADMIN\apache-tomcat-9.0.70\conf\Catalina\localhost\CompanyPE.xml] has been ignored
17-Jan-2024 12:48:16.979 INFO [main] org.apache.jasper.servlet.TldScanner.scanJars At least one JAR was scanned for TLDs yet contained no TLDs. Enable debug logging for this logger for a complete list of JARs that were scanned but no TLDs were found in them. Skipping unneeded JARs during scanning can improve startup time and JSP compilation time.
17-Jan-2024 12:48:16.986 INFO [main] org.apache.catalina.startup.HostConfig.deployDescriptor Deployment of deployment descriptor [C:\Users\ADMIN\apache-tomcat-9.0.70\conf\Catalina\localhost\CompanyPE.xml] has finished in [239] ms
17-Jan-2024 12:48:16.986 INFO [main] org.apache.catalina.startup.HostConfig.deployDescriptor Deploying deployment descriptor [C:\Users\ADMIN\apache-tomcat-9.0.70\conf\Catalina\localhost\Demo1.xml]
17-Jan-2024 12:48:16.987 WARNING [main] org.apache.catalina.startup.HostConfig.deployDescriptor The path attribute with value [/Demo1] in deployment descriptor [C:\Users\ADMIN\apache-tomcat-9.0.70\conf\Catalina\localhost\Demo1.xml] has been ignored
17-Jan-2024 12:48:17.011 INFO [main] org.apache.catalina.startup.HostConfig.deployDescriptor Deployment of deployment descriptor [C:\Users\ADMIN\apache-tomcat-9.0.70\conf\Catalina\localhost\Demo1.xml] has finished in [25] ms
17-Jan-2024 12:48:17.011 INFO [main] org.apache.catalina.startup.HostConfig.deployDescriptor Deploying deployment descriptor [C:\Users\ADMIN\apache-tomcat-9.0.70\conf\Catalina\localhost\Demo2.xml]
17-Jan-2024 12:48:17.012 WARNING [main] org.apache.catalina.startup.HostConfig.deployDescriptor The path attribute with value [/Demo2] in deployment descriptor [C:\Users\ADMIN\apache-tomcat-9.0.70\conf\Catalina\localhost\Demo2.xml] has been ignored
17-Jan-2024 12:48:17.097 INFO [main] org.apache.jasper.servlet.TldScanner.scanJars At least one JAR was scanned for TLDs yet contained no TLDs. Enable debug logging for this logger for a complete list of JARs that were scanned but no TLDs were found in them. Skipping unneeded JARs during scanning can improve startup time and JSP compilation time.
17-Jan-2024 12:48:17.099 INFO [main] org.apache.catalina.startup.HostConfig.deployDescriptor Deployment of deployment descriptor [C:\Users\ADMIN\apache-tomcat-9.0.70\conf\Catalina\localhost\Demo2.xml] has finished in [87] ms
17-Jan-2024 12:48:17.099 INFO [main] org.apache.catalina.startup.HostConfig.deployDescriptor Deploying deployment descriptor [C:\Users\ADMIN\apache-tomcat-9.0.70\conf\Catalina\localhost\Demo3.xml]
17-Jan-2024 12:48:17.100 WARNING [main] org.apache.catalina.startup.HostConfig.deployDescriptor The path attribute with value [/Demo3] in deployment descriptor [C:\Users\ADMIN\apache-tomcat-9.0.70\conf\Catalina\localhost\Demo3.xml] has been ignored
17-Jan-2024 12:48:17.120 SEVERE [main] org.apache.catalina.startup.HostConfig.deployDescriptor Error deploying deployment descriptor [C:\Users\ADMIN\apache-tomcat-9.0.70\conf\Catalina\localhost\Demo3.xml]
	java.lang.IllegalStateException: Error starting child
		at org.apache.catalina.core.ContainerBase.addChildInternal(ContainerBase.java:729)
		at org.apache.catalina.core.ContainerBase.addChild(ContainerBase.java:698)
		at org.apache.catalina.core.StandardHost.addChild(StandardHost.java:696)
		at org.apache.catalina.startup.HostConfig.deployDescriptor(HostConfig.java:689)
		at org.apache.catalina.startup.HostConfig$DeployDescriptor.run(HostConfig.java:1888)
		at java.base/java.util.concurrent.Executors$RunnableAdapter.call(Executors.java:539)
		at java.base/java.util.concurrent.FutureTask.run(FutureTask.java:264)
		at org.apache.tomcat.util.threads.InlineExecutorService.execute(InlineExecutorService.java:75)
		at java.base/java.util.concurrent.AbstractExecutorService.submit(AbstractExecutorService.java:123)
		at org.apache.catalina.startup.HostConfig.deployDescriptors(HostConfig.java:582)
		at org.apache.catalina.startup.HostConfig.deployApps(HostConfig.java:472)
		at org.apache.catalina.startup.HostConfig.start(HostConfig.java:1617)
		at org.apache.catalina.startup.HostConfig.lifecycleEvent(HostConfig.java:318)
		at org.apache.catalina.util.LifecycleBase.fireLifecycleEvent(LifecycleBase.java:123)
		at org.apache.catalina.util.LifecycleBase.setStateInternal(LifecycleBase.java:423)
		at org.apache.catalina.util.LifecycleBase.setState(LifecycleBase.java:366)
		at org.apache.catalina.core.ContainerBase.startInternal(ContainerBase.java:943)
		at org.apache.catalina.core.StandardHost.startInternal(StandardHost.java:835)
		at org.apache.catalina.util.LifecycleBase.start(LifecycleBase.java:183)
		at org.apache.catalina.core.ContainerBase$StartChild.call(ContainerBase.java:1393)
		at org.apache.catalina.core.ContainerBase$StartChild.call(ContainerBase.java:1383)
		at java.base/java.util.concurrent.FutureTask.run(FutureTask.java:264)
		at org.apache.tomcat.util.threads.InlineExecutorService.execute(InlineExecutorService.java:75)
		at java.base/java.util.concurrent.AbstractExecutorService.submit(AbstractExecutorService.java:145)
		at org.apache.catalina.core.ContainerBase.startInternal(ContainerBase.java:916)
		at org.apache.catalina.core.StandardEngine.startInternal(StandardEngine.java:265)
		at org.apache.catalina.util.LifecycleBase.start(LifecycleBase.java:183)
		at org.apache.catalina.core.StandardService.startInternal(StandardService.java:430)
		at org.apache.catalina.util.LifecycleBase.start(LifecycleBase.java:183)
		at org.apache.catalina.core.StandardServer.startInternal(StandardServer.java:930)
		at org.apache.catalina.util.LifecycleBase.start(LifecycleBase.java:183)
		at org.apache.catalina.startup.Catalina.start(Catalina.java:772)
		at java.base/jdk.internal.reflect.NativeMethodAccessorImpl.invoke0(Native Method)
		at java.base/jdk.internal.reflect.NativeMethodAccessorImpl.invoke(NativeMethodAccessorImpl.java:77)
		at java.base/jdk.internal.reflect.DelegatingMethodAccessorImpl.invoke(DelegatingMethodAccessorImpl.java:43)
		at java.base/java.lang.reflect.Method.invoke(Method.java:568)
		at org.apache.catalina.startup.Bootstrap.start(Bootstrap.java:347)
		at org.apache.catalina.startup.Bootstrap.main(Bootstrap.java:478)
	Caused by: org.apache.catalina.LifecycleException: Failed to start component [StandardEngine[Catalina].StandardHost[localhost].StandardContext[/Demo3]]
		at org.apache.catalina.util.LifecycleBase.handleSubClassException(LifecycleBase.java:440)
		at org.apache.catalina.util.LifecycleBase.start(LifecycleBase.java:198)
		at org.apache.catalina.core.ContainerBase.addChildInternal(ContainerBase.java:726)
		... 37 more
	Caused by: java.lang.IllegalArgumentException: Servlet mapping specifies an unknown servlet name [Servlet4]
		at org.apache.catalina.core.StandardContext.addServletMappingDecoded(StandardContext.java:3229)
		at org.apache.catalina.Context.addServletMappingDecoded(Context.java:905)
		at org.apache.catalina.startup.ContextConfig.configureContext(ContextConfig.java:1563)
		at org.apache.catalina.startup.ContextConfig.webConfig(ContextConfig.java:1330)
		at org.apache.catalina.startup.ContextConfig.configureStart(ContextConfig.java:987)
		at org.apache.catalina.startup.ContextConfig.lifecycleEvent(ContextConfig.java:304)
		at org.apache.catalina.util.LifecycleBase.fireLifecycleEvent(LifecycleBase.java:123)
		at org.apache.catalina.core.StandardContext.startInternal(StandardContext.java:5127)
		at org.apache.catalina.util.LifecycleBase.start(LifecycleBase.java:183)
		... 38 more
17-Jan-2024 12:48:17.162 INFO [main] org.apache.catalina.startup.HostConfig.deployDescriptor Deployment of deployment descriptor [C:\Users\ADMIN\apache-tomcat-9.0.70\conf\Catalina\localhost\Demo3.xml] has finished in [63] ms
17-Jan-2024 12:48:17.162 INFO [main] org.apache.catalina.startup.HostConfig.deployDescriptor Deploying deployment descriptor [C:\Users\ADMIN\apache-tomcat-9.0.70\conf\Catalina\localhost\Demo4.xml]
17-Jan-2024 12:48:17.164 WARNING [main] org.apache.catalina.startup.HostConfig.deployDescriptor The path attribute with value [/Demo4] in deployment descriptor [C:\Users\ADMIN\apache-tomcat-9.0.70\conf\Catalina\localhost\Demo4.xml] has been ignored
17-Jan-2024 12:48:17.183 INFO [main] org.apache.catalina.startup.HostConfig.deployDescriptor Deployment of deployment descriptor [C:\Users\ADMIN\apache-tomcat-9.0.70\conf\Catalina\localhost\Demo4.xml] has finished in [21] ms
17-Jan-2024 12:48:17.183 INFO [main] org.apache.catalina.startup.HostConfig.deployDescriptor Deploying deployment descriptor [C:\Users\ADMIN\apache-tomcat-9.0.70\conf\Catalina\localhost\DemoFilter.xml]
17-Jan-2024 12:48:17.184 WARNING [main] org.apache.catalina.startup.HostConfig.deployDescriptor The path attribute with value [/DemoFilter] in deployment descriptor [C:\Users\ADMIN\apache-tomcat-9.0.70\conf\Catalina\localhost\DemoFilter.xml] has been ignored
17-Jan-2024 12:48:17.220 INFO [main] org.apache.catalina.startup.HostConfig.deployDescriptor Deployment of deployment descriptor [C:\Users\ADMIN\apache-tomcat-9.0.70\conf\Catalina\localhost\DemoFilter.xml] has finished in [36] ms
17-Jan-2024 12:48:17.220 INFO [main] org.apache.catalina.startup.HostConfig.deployDescriptor Deploying deployment descriptor [C:\Users\ADMIN\apache-tomcat-9.0.70\conf\Catalina\localhost\DemoMVC2.xml]
17-Jan-2024 12:48:17.220 WARNING [main] org.apache.catalina.startup.HostConfig.deployDescriptor The path attribute with value [/DemoMVC2] in deployment descriptor [C:\Users\ADMIN\apache-tomcat-9.0.70\conf\Catalina\localhost\DemoMVC2.xml] has been ignored
17-Jan-2024 12:48:17.246 INFO [main] org.apache.catalina.startup.HostConfig.deployDescriptor Deployment of deployment descriptor [C:\Users\ADMIN\apache-tomcat-9.0.70\conf\Catalina\localhost\DemoMVC2.xml] has finished in [26] ms
17-Jan-2024 12:48:17.247 INFO [main] org.apache.catalina.startup.HostConfig.deployDescriptor Deploying deployment descriptor [C:\Users\ADMIN\apache-tomcat-9.0.70\conf\Catalina\localhost\DemoTag.xml]
17-Jan-2024 12:48:17.248 WARNING [main] org.apache.catalina.startup.HostConfig.deployDescriptor The path attribute with value [/DemoTag] in deployment descriptor [C:\Users\ADMIN\apache-tomcat-9.0.70\conf\Catalina\localhost\DemoTag.xml] has been ignored
17-Jan-2024 12:48:17.276 INFO [main] org.apache.catalina.startup.HostConfig.deployDescriptor Deployment of deployment descriptor [C:\Users\ADMIN\apache-tomcat-9.0.70\conf\Catalina\localhost\DemoTag.xml] has finished in [29] ms
17-Jan-2024 12:48:17.276 INFO [main] org.apache.catalina.startup.HostConfig.deployDescriptor Deploying deployment descriptor [C:\Users\ADMIN\apache-tomcat-9.0.70\conf\Catalina\localhost\DemoTruong.xml]
17-Jan-2024 12:48:17.276 WARNING [main] org.apache.catalina.startup.HostConfig.deployDescriptor The path attribute with value [/DemoTruong] in deployment descriptor [C:\Users\ADMIN\apache-tomcat-9.0.70\conf\Catalina\localhost\DemoTruong.xml] has been ignored
17-Jan-2024 12:48:17.362 INFO [main] org.apache.jasper.servlet.TldScanner.scanJars At least one JAR was scanned for TLDs yet contained no TLDs. Enable debug logging for this logger for a complete list of JARs that were scanned but no TLDs were found in them. Skipping unneeded JARs during scanning can improve startup time and JSP compilation time.
17-Jan-2024 12:48:17.364 INFO [main] org.apache.catalina.startup.HostConfig.deployDescriptor Deployment of deployment descriptor [C:\Users\ADMIN\apache-tomcat-9.0.70\conf\Catalina\localhost\DemoTruong.xml] has finished in [88] ms
17-Jan-2024 12:48:17.365 INFO [main] org.apache.catalina.startup.HostConfig.deployDescriptor Deploying deployment descriptor [C:\Users\ADMIN\apache-tomcat-9.0.70\conf\Catalina\localhost\FlowerShop.xml]
17-Jan-2024 12:48:17.366 WARNING [main] org.apache.catalina.startup.HostConfig.deployDescriptor The path attribute with value [/FlowerShop] in deployment descriptor [C:\Users\ADMIN\apache-tomcat-9.0.70\conf\Catalina\localhost\FlowerShop.xml] has been ignored
17-Jan-2024 12:48:17.586 INFO [main] org.apache.jasper.servlet.TldScanner.scanJars At least one JAR was scanned for TLDs yet contained no TLDs. Enable debug logging for this logger for a complete list of JARs that were scanned but no TLDs were found in them. Skipping unneeded JARs during scanning can improve startup time and JSP compilation time.
17-Jan-2024 12:48:17.594 INFO [main] org.apache.catalina.startup.HostConfig.deployDescriptor Deployment of deployment descriptor [C:\Users\ADMIN\apache-tomcat-9.0.70\conf\Catalina\localhost\FlowerShop.xml] has finished in [229] ms
17-Jan-2024 12:48:17.594 INFO [main] org.apache.catalina.startup.HostConfig.deployDescriptor Deploying deployment descriptor [C:\Users\ADMIN\apache-tomcat-9.0.70\conf\Catalina\localhost\LearnCSS.xml]
17-Jan-2024 12:48:17.595 WARNING [main] org.apache.catalina.startup.HostConfig.deployDescriptor The path attribute with value [/LearnCSS] in deployment descriptor [C:\Users\ADMIN\apache-tomcat-9.0.70\conf\Catalina\localhost\LearnCSS.xml] has been ignored
17-Jan-2024 12:48:17.618 INFO [main] org.apache.catalina.startup.HostConfig.deployDescriptor Deployment of deployment descriptor [C:\Users\ADMIN\apache-tomcat-9.0.70\conf\Catalina\localhost\LearnCSS.xml] has finished in [24] ms
17-Jan-2024 12:48:17.618 INFO [main] org.apache.catalina.startup.HostConfig.deployDescriptor Deploying deployment descriptor [C:\Users\ADMIN\apache-tomcat-9.0.70\conf\Catalina\localhost\MusicManagement.xml]
17-Jan-2024 12:48:17.619 WARNING [main] org.apache.catalina.startup.HostConfig.deployDescriptor The path attribute with value [/MusicManagement] in deployment descriptor [C:\Users\ADMIN\apache-tomcat-9.0.70\conf\Catalina\localhost\MusicManagement.xml] has been ignored
17-Jan-2024 12:48:17.839 INFO [main] org.apache.jasper.servlet.TldScanner.scanJars At least one JAR was scanned for TLDs yet contained no TLDs. Enable debug logging for this logger for a complete list of JARs that were scanned but no TLDs were found in them. Skipping unneeded JARs during scanning can improve startup time and JSP compilation time.
17-Jan-2024 12:48:17.846 INFO [main] org.apache.catalina.startup.HostConfig.deployDescriptor Deployment of deployment descriptor [C:\Users\ADMIN\apache-tomcat-9.0.70\conf\Catalina\localhost\MusicManagement.xml] has finished in [228] ms
17-Jan-2024 12:48:17.846 INFO [main] org.apache.catalina.startup.HostConfig.deployDescriptor Deploying deployment descriptor [C:\Users\ADMIN\apache-tomcat-9.0.70\conf\Catalina\localhost\MVC2_JSP_Demo.xml]
17-Jan-2024 12:48:17.848 WARNING [main] org.apache.catalina.startup.HostConfig.deployDescriptor The path attribute with value [/MVC2_JSP_Demo] in deployment descriptor [C:\Users\ADMIN\apache-tomcat-9.0.70\conf\Catalina\localhost\MVC2_JSP_Demo.xml] has been ignored
17-Jan-2024 12:48:18.062 INFO [main] org.apache.jasper.servlet.TldScanner.scanJars At least one JAR was scanned for TLDs yet contained no TLDs. Enable debug logging for this logger for a complete list of JARs that were scanned but no TLDs were found in them. Skipping unneeded JARs during scanning can improve startup time and JSP compilation time.
17-Jan-2024 12:48:18.082 INFO [main] org.apache.catalina.startup.HostConfig.deployDescriptor Deployment of deployment descriptor [C:\Users\ADMIN\apache-tomcat-9.0.70\conf\Catalina\localhost\MVC2_JSP_Demo.xml] has finished in [235] ms
17-Jan-2024 12:48:18.082 INFO [main] org.apache.catalina.startup.HostConfig.deployDescriptor Deploying deployment descriptor [C:\Users\ADMIN\apache-tomcat-9.0.70\conf\Catalina\localhost\PE_PRJ301_SP23_THITHU.xml]
17-Jan-2024 12:48:18.083 WARNING [main] org.apache.catalina.startup.HostConfig.deployDescriptor The path attribute with value [/PE_PRJ301_SP23_THITHU] in deployment descriptor [C:\Users\ADMIN\apache-tomcat-9.0.70\conf\Catalina\localhost\PE_PRJ301_SP23_THITHU.xml] has been ignored
17-Jan-2024 12:48:18.086 SEVERE [main] org.apache.catalina.startup.HostConfig.deployDescriptor Error deploying deployment descriptor [C:\Users\ADMIN\apache-tomcat-9.0.70\conf\Catalina\localhost\PE_PRJ301_SP23_THITHU.xml]
	java.lang.IllegalStateException: Error starting child
		at org.apache.catalina.core.ContainerBase.addChildInternal(ContainerBase.java:729)
		at org.apache.catalina.core.ContainerBase.addChild(ContainerBase.java:698)
		at org.apache.catalina.core.StandardHost.addChild(StandardHost.java:696)
		at org.apache.catalina.startup.HostConfig.deployDescriptor(HostConfig.java:689)
		at org.apache.catalina.startup.HostConfig$DeployDescriptor.run(HostConfig.java:1888)
		at java.base/java.util.concurrent.Executors$RunnableAdapter.call(Executors.java:539)
		at java.base/java.util.concurrent.FutureTask.run(FutureTask.java:264)
		at org.apache.tomcat.util.threads.InlineExecutorService.execute(InlineExecutorService.java:75)
		at java.base/java.util.concurrent.AbstractExecutorService.submit(AbstractExecutorService.java:123)
		at org.apache.catalina.startup.HostConfig.deployDescriptors(HostConfig.java:582)
		at org.apache.catalina.startup.HostConfig.deployApps(HostConfig.java:472)
		at org.apache.catalina.startup.HostConfig.start(HostConfig.java:1617)
		at org.apache.catalina.startup.HostConfig.lifecycleEvent(HostConfig.java:318)
		at org.apache.catalina.util.LifecycleBase.fireLifecycleEvent(LifecycleBase.java:123)
		at org.apache.catalina.util.LifecycleBase.setStateInternal(LifecycleBase.java:423)
		at org.apache.catalina.util.LifecycleBase.setState(LifecycleBase.java:366)
		at org.apache.catalina.core.ContainerBase.startInternal(ContainerBase.java:943)
		at org.apache.catalina.core.StandardHost.startInternal(StandardHost.java:835)
		at org.apache.catalina.util.LifecycleBase.start(LifecycleBase.java:183)
		at org.apache.catalina.core.ContainerBase$StartChild.call(ContainerBase.java:1393)
		at org.apache.catalina.core.ContainerBase$StartChild.call(ContainerBase.java:1383)
		at java.base/java.util.concurrent.FutureTask.run(FutureTask.java:264)
		at org.apache.tomcat.util.threads.InlineExecutorService.execute(InlineExecutorService.java:75)
		at java.base/java.util.concurrent.AbstractExecutorService.submit(AbstractExecutorService.java:145)
		at org.apache.catalina.core.ContainerBase.startInternal(ContainerBase.java:916)
		at org.apache.catalina.core.StandardEngine.startInternal(StandardEngine.java:265)
		at org.apache.catalina.util.LifecycleBase.start(LifecycleBase.java:183)
		at org.apache.catalina.core.StandardService.startInternal(StandardService.java:430)
		at org.apache.catalina.util.LifecycleBase.start(LifecycleBase.java:183)
		at org.apache.catalina.core.StandardServer.startInternal(StandardServer.java:930)
		at org.apache.catalina.util.LifecycleBase.start(LifecycleBase.java:183)
		at org.apache.catalina.startup.Catalina.start(Catalina.java:772)
		at java.base/jdk.internal.reflect.NativeMethodAccessorImpl.invoke0(Native Method)
		at java.base/jdk.internal.reflect.NativeMethodAccessorImpl.invoke(NativeMethodAccessorImpl.java:77)
		at java.base/jdk.internal.reflect.DelegatingMethodAccessorImpl.invoke(DelegatingMethodAccessorImpl.java:43)
		at java.base/java.lang.reflect.Method.invoke(Method.java:568)
		at org.apache.catalina.startup.Bootstrap.start(Bootstrap.java:347)
		at org.apache.catalina.startup.Bootstrap.main(Bootstrap.java:478)
	Caused by: org.apache.catalina.LifecycleException: Failed to start component [org.apache.catalina.webresources.StandardRoot@d229912]
		at org.apache.catalina.util.LifecycleBase.handleSubClassException(LifecycleBase.java:440)
		at org.apache.catalina.util.LifecycleBase.start(LifecycleBase.java:198)
		at org.apache.catalina.core.StandardContext.resourcesStart(StandardContext.java:4881)
		at org.apache.catalina.core.StandardContext.startInternal(StandardContext.java:5014)
		at org.apache.catalina.util.LifecycleBase.start(LifecycleBase.java:183)
		at org.apache.catalina.core.ContainerBase.addChildInternal(ContainerBase.java:726)
		... 37 more
	Caused by: java.lang.IllegalArgumentException: The main resource set specified [D:\PE_PRJ301_FA22_YourStudentID\build\web] is not valid
		at org.apache.catalina.webresources.StandardRoot.createMainResourceSet(StandardRoot.java:777)
		at org.apache.catalina.webresources.StandardRoot.startInternal(StandardRoot.java:734)
		at org.apache.catalina.util.LifecycleBase.start(LifecycleBase.java:183)
		... 41 more
17-Jan-2024 12:48:18.088 INFO [main] org.apache.catalina.startup.HostConfig.deployDescriptor Deployment of deployment descriptor [C:\Users\ADMIN\apache-tomcat-9.0.70\conf\Catalina\localhost\PE_PRJ301_SP23_THITHU.xml] has finished in [6] ms
17-Jan-2024 12:48:18.088 INFO [main] org.apache.catalina.startup.HostConfig.deployDescriptor Deploying deployment descriptor [C:\Users\ADMIN\apache-tomcat-9.0.70\conf\Catalina\localhost\PE_PRJ301_SPRING23de4.xml]
17-Jan-2024 12:48:18.088 WARNING [main] org.apache.catalina.startup.HostConfig.deployDescriptor The path attribute with value [/PE_PRJ301_SPRING23de4] in deployment descriptor [C:\Users\ADMIN\apache-tomcat-9.0.70\conf\Catalina\localhost\PE_PRJ301_SPRING23de4.xml] has been ignored
17-Jan-2024 12:48:18.176 INFO [main] org.apache.jasper.servlet.TldScanner.scanJars At least one JAR was scanned for TLDs yet contained no TLDs. Enable debug logging for this logger for a complete list of JARs that were scanned but no TLDs were found in them. Skipping unneeded JARs during scanning can improve startup time and JSP compilation time.
17-Jan-2024 12:48:18.178 INFO [main] org.apache.catalina.startup.HostConfig.deployDescriptor Deployment of deployment descriptor [C:\Users\ADMIN\apache-tomcat-9.0.70\conf\Catalina\localhost\PE_PRJ301_SPRING23de4.xml] has finished in [90] ms
17-Jan-2024 12:48:18.178 INFO [main] org.apache.catalina.startup.HostConfig.deployDescriptor Deploying deployment descriptor [C:\Users\ADMIN\apache-tomcat-9.0.70\conf\Catalina\localhost\PRJ301_StudentID.xml]
17-Jan-2024 12:48:18.179 WARNING [main] org.apache.catalina.startup.HostConfig.deployDescriptor The path attribute with value [/PRJ301_StudentID] in deployment descriptor [C:\Users\ADMIN\apache-tomcat-9.0.70\conf\Catalina\localhost\PRJ301_StudentID.xml] has been ignored
17-Jan-2024 12:48:18.403 INFO [main] org.apache.jasper.servlet.TldScanner.scanJars At least one JAR was scanned for TLDs yet contained no TLDs. Enable debug logging for this logger for a complete list of JARs that were scanned but no TLDs were found in them. Skipping unneeded JARs during scanning can improve startup time and JSP compilation time.
17-Jan-2024 12:48:18.411 INFO [main] org.apache.catalina.startup.HostConfig.deployDescriptor Deployment of deployment descriptor [C:\Users\ADMIN\apache-tomcat-9.0.70\conf\Catalina\localhost\PRJ301_StudentID.xml] has finished in [233] ms
17-Jan-2024 12:48:18.411 INFO [main] org.apache.catalina.startup.HostConfig.deployDescriptor Deploying deployment descriptor [C:\Users\ADMIN\apache-tomcat-9.0.70\conf\Catalina\localhost\ProductPE.xml]
17-Jan-2024 12:48:18.412 WARNING [main] org.apache.catalina.startup.HostConfig.deployDescriptor The path attribute with value [/ProductPE] in deployment descriptor [C:\Users\ADMIN\apache-tomcat-9.0.70\conf\Catalina\localhost\ProductPE.xml] has been ignored
17-Jan-2024 12:48:18.604 INFO [main] org.apache.jasper.servlet.TldScanner.scanJars At least one JAR was scanned for TLDs yet contained no TLDs. Enable debug logging for this logger for a complete list of JARs that were scanned but no TLDs were found in them. Skipping unneeded JARs during scanning can improve startup time and JSP compilation time.
17-Jan-2024 12:48:18.611 INFO [main] org.apache.catalina.startup.HostConfig.deployDescriptor Deployment of deployment descriptor [C:\Users\ADMIN\apache-tomcat-9.0.70\conf\Catalina\localhost\ProductPE.xml] has finished in [200] ms
17-Jan-2024 12:48:18.611 INFO [main] org.apache.catalina.startup.HostConfig.deployDescriptor Deploying deployment descriptor [C:\Users\ADMIN\apache-tomcat-9.0.70\conf\Catalina\localhost\SneakerStore.xml]
17-Jan-2024 12:48:18.612 WARNING [main] org.apache.catalina.startup.HostConfig.deployDescriptor The path attribute with value [/SneakerStore] in deployment descriptor [C:\Users\ADMIN\apache-tomcat-9.0.70\conf\Catalina\localhost\SneakerStore.xml] has been ignored
17-Jan-2024 12:48:18.812 INFO [main] org.apache.jasper.servlet.TldScanner.scanJars At least one JAR was scanned for TLDs yet contained no TLDs. Enable debug logging for this logger for a complete list of JARs that were scanned but no TLDs were found in them. Skipping unneeded JARs during scanning can improve startup time and JSP compilation time.
17-Jan-2024 12:48:18.819 INFO [main] org.apache.catalina.startup.HostConfig.deployDescriptor Deployment of deployment descriptor [C:\Users\ADMIN\apache-tomcat-9.0.70\conf\Catalina\localhost\SneakerStore.xml] has finished in [208] ms
17-Jan-2024 12:48:18.820 INFO [main] org.apache.catalina.startup.HostConfig.deployDescriptor Deploying deployment descriptor [C:\Users\ADMIN\apache-tomcat-9.0.70\conf\Catalina\localhost\Spring.xml]
17-Jan-2024 12:48:18.821 WARNING [main] org.apache.catalina.startup.HostConfig.deployDescriptor The path attribute with value [/Spring] in deployment descriptor [C:\Users\ADMIN\apache-tomcat-9.0.70\conf\Catalina\localhost\Spring.xml] has been ignored
17-Jan-2024 12:48:19.738 INFO [main] org.apache.jasper.servlet.TldScanner.scanJars At least one JAR was scanned for TLDs yet contained no TLDs. Enable debug logging for this logger for a complete list of JARs that were scanned but no TLDs were found in them. Skipping unneeded JARs during scanning can improve startup time and JSP compilation time.
17-Jan-2024 12:48:19.751 INFO [main] org.springframework.web.context.ContextLoader.initWebApplicationContext Root WebApplicationContext: initialization started
17-Jan-2024 12:48:19.801 INFO [main] org.springframework.web.context.support.XmlWebApplicationContext.prepareRefresh Refreshing Root WebApplicationContext: startup date [Wed Jan 17 12:48:19 ICT 2024]; root of context hierarchy
17-Jan-2024 12:48:19.834 INFO [main] org.springframework.beans.factory.xml.XmlBeanDefinitionReader.loadBeanDefinitions Loading XML bean definitions from ServletContext resource [/WEB-INF/applicationContext.xml]
17-Jan-2024 12:48:19.917 INFO [main] org.springframework.web.context.ContextLoader.initWebApplicationContext Root WebApplicationContext: initialization completed in 166 ms
17-Jan-2024 12:48:19.921 INFO [main] org.springframework.web.servlet.DispatcherServlet.initServletBean FrameworkServlet 'dispatcher': initialization started
17-Jan-2024 12:48:19.928 INFO [main] org.springframework.web.context.support.XmlWebApplicationContext.prepareRefresh Refreshing WebApplicationContext for namespace 'dispatcher-servlet': startup date [Wed Jan 17 12:48:19 ICT 2024]; parent: Root WebApplicationContext
17-Jan-2024 12:48:19.928 INFO [main] org.springframework.beans.factory.xml.XmlBeanDefinitionReader.loadBeanDefinitions Loading XML bean definitions from ServletContext resource [/WEB-INF/dispatcher-servlet.xml]
17-Jan-2024 12:48:20.023 INFO [main] org.springframework.web.servlet.handler.SimpleUrlHandlerMapping.registerHandler Mapped URL path [/index.htm] onto handler 'indexController'
17-Jan-2024 12:48:20.070 INFO [main] org.springframework.web.servlet.DispatcherServlet.initServletBean FrameworkServlet 'dispatcher': initialization completed in 149 ms
17-Jan-2024 12:48:20.073 INFO [main] org.apache.catalina.startup.HostConfig.deployDescriptor Deployment of deployment descriptor [C:\Users\ADMIN\apache-tomcat-9.0.70\conf\Catalina\localhost\Spring.xml] has finished in [1,253] ms
17-Jan-2024 12:48:20.073 INFO [main] org.apache.catalina.startup.HostConfig.deployDescriptor Deploying deployment descriptor [C:\Users\ADMIN\apache-tomcat-9.0.70\conf\Catalina\localhost\Student.xml]
17-Jan-2024 12:48:20.074 WARNING [main] org.apache.catalina.startup.HostConfig.deployDescriptor The path attribute with value [/Student] in deployment descriptor [C:\Users\ADMIN\apache-tomcat-9.0.70\conf\Catalina\localhost\Student.xml] has been ignored
17-Jan-2024 12:48:20.348 INFO [main] org.apache.jasper.servlet.TldScanner.scanJars At least one JAR was scanned for TLDs yet contained no TLDs. Enable debug logging for this logger for a complete list of JARs that were scanned but no TLDs were found in them. Skipping unneeded JARs during scanning can improve startup time and JSP compilation time.
17-Jan-2024 12:48:20.360 INFO [main] org.apache.catalina.startup.HostConfig.deployDescriptor Deployment of deployment descriptor [C:\Users\ADMIN\apache-tomcat-9.0.70\conf\Catalina\localhost\Student.xml] has finished in [287] ms
17-Jan-2024 12:48:20.361 INFO [main] org.apache.catalina.startup.HostConfig.deployDescriptor Deploying deployment descriptor [C:\Users\ADMIN\apache-tomcat-9.0.70\conf\Catalina\localhost\WebApplication7.xml]
17-Jan-2024 12:48:20.362 WARNING [main] org.apache.catalina.startup.HostConfig.deployDescriptor The path attribute with value [/WebApplication7] in deployment descriptor [C:\Users\ADMIN\apache-tomcat-9.0.70\conf\Catalina\localhost\WebApplication7.xml] has been ignored
17-Jan-2024 12:48:20.366 SEVERE [main] org.apache.catalina.startup.HostConfig.deployDescriptor Error deploying deployment descriptor [C:\Users\ADMIN\apache-tomcat-9.0.70\conf\Catalina\localhost\WebApplication7.xml]
	java.lang.IllegalStateException: Error starting child
		at org.apache.catalina.core.ContainerBase.addChildInternal(ContainerBase.java:729)
		at org.apache.catalina.core.ContainerBase.addChild(ContainerBase.java:698)
		at org.apache.catalina.core.StandardHost.addChild(StandardHost.java:696)
		at org.apache.catalina.startup.HostConfig.deployDescriptor(HostConfig.java:689)
		at org.apache.catalina.startup.HostConfig$DeployDescriptor.run(HostConfig.java:1888)
		at java.base/java.util.concurrent.Executors$RunnableAdapter.call(Executors.java:539)
		at java.base/java.util.concurrent.FutureTask.run(FutureTask.java:264)
		at org.apache.tomcat.util.threads.InlineExecutorService.execute(InlineExecutorService.java:75)
		at java.base/java.util.concurrent.AbstractExecutorService.submit(AbstractExecutorService.java:123)
		at org.apache.catalina.startup.HostConfig.deployDescriptors(HostConfig.java:582)
		at org.apache.catalina.startup.HostConfig.deployApps(HostConfig.java:472)
		at org.apache.catalina.startup.HostConfig.start(HostConfig.java:1617)
		at org.apache.catalina.startup.HostConfig.lifecycleEvent(HostConfig.java:318)
		at org.apache.catalina.util.LifecycleBase.fireLifecycleEvent(LifecycleBase.java:123)
		at org.apache.catalina.util.LifecycleBase.setStateInternal(LifecycleBase.java:423)
		at org.apache.catalina.util.LifecycleBase.setState(LifecycleBase.java:366)
		at org.apache.catalina.core.ContainerBase.startInternal(ContainerBase.java:943)
		at org.apache.catalina.core.StandardHost.startInternal(StandardHost.java:835)
		at org.apache.catalina.util.LifecycleBase.start(LifecycleBase.java:183)
		at org.apache.catalina.core.ContainerBase$StartChild.call(ContainerBase.java:1393)
		at org.apache.catalina.core.ContainerBase$StartChild.call(ContainerBase.java:1383)
		at java.base/java.util.concurrent.FutureTask.run(FutureTask.java:264)
		at org.apache.tomcat.util.threads.InlineExecutorService.execute(InlineExecutorService.java:75)
		at java.base/java.util.concurrent.AbstractExecutorService.submit(AbstractExecutorService.java:145)
		at org.apache.catalina.core.ContainerBase.startInternal(ContainerBase.java:916)
		at org.apache.catalina.core.StandardEngine.startInternal(StandardEngine.java:265)
		at org.apache.catalina.util.LifecycleBase.start(LifecycleBase.java:183)
		at org.apache.catalina.core.StandardService.startInternal(StandardService.java:430)
		at org.apache.catalina.util.LifecycleBase.start(LifecycleBase.java:183)
		at org.apache.catalina.core.StandardServer.startInternal(StandardServer.java:930)
		at org.apache.catalina.util.LifecycleBase.start(LifecycleBase.java:183)
		at org.apache.catalina.startup.Catalina.start(Catalina.java:772)
		at java.base/jdk.internal.reflect.NativeMethodAccessorImpl.invoke0(Native Method)
		at java.base/jdk.internal.reflect.NativeMethodAccessorImpl.invoke(NativeMethodAccessorImpl.java:77)
		at java.base/jdk.internal.reflect.DelegatingMethodAccessorImpl.invoke(DelegatingMethodAccessorImpl.java:43)
		at java.base/java.lang.reflect.Method.invoke(Method.java:568)
		at org.apache.catalina.startup.Bootstrap.start(Bootstrap.java:347)
		at org.apache.catalina.startup.Bootstrap.main(Bootstrap.java:478)
	Caused by: org.apache.catalina.LifecycleException: Failed to start component [org.apache.catalina.webresources.StandardRoot@7b4db485]
		at org.apache.catalina.util.LifecycleBase.handleSubClassException(LifecycleBase.java:440)
		at org.apache.catalina.util.LifecycleBase.start(LifecycleBase.java:198)
		at org.apache.catalina.core.StandardContext.resourcesStart(StandardContext.java:4881)
		at org.apache.catalina.core.StandardContext.startInternal(StandardContext.java:5014)
		at org.apache.catalina.util.LifecycleBase.start(LifecycleBase.java:183)
		at org.apache.catalina.core.ContainerBase.addChildInternal(ContainerBase.java:726)
		... 37 more
	Caused by: java.lang.IllegalArgumentException: The main resource set specified [D:\prj301\WebApplication7\build\web] is not valid
		at org.apache.catalina.webresources.StandardRoot.createMainResourceSet(StandardRoot.java:777)
		at org.apache.catalina.webresources.StandardRoot.startInternal(StandardRoot.java:734)
		at org.apache.catalina.util.LifecycleBase.start(LifecycleBase.java:183)
		... 41 more
17-Jan-2024 12:48:20.425 INFO [main] org.apache.catalina.startup.HostConfig.deployDescriptor Deployment of deployment descriptor [C:\Users\ADMIN\apache-tomcat-9.0.70\conf\Catalina\localhost\WebApplication7.xml] has finished in [64] ms
17-Jan-2024 12:48:20.426 INFO [main] org.apache.catalina.startup.HostConfig.deployDescriptor Deploying deployment descriptor [C:\Users\ADMIN\apache-tomcat-9.0.70\conf\Catalina\localhost\WebApplication8.xml]
17-Jan-2024 12:48:20.427 WARNING [main] org.apache.catalina.startup.HostConfig.deployDescriptor The path attribute with value [/WebApplication8] in deployment descriptor [C:\Users\ADMIN\apache-tomcat-9.0.70\conf\Catalina\localhost\WebApplication8.xml] has been ignored
17-Jan-2024 12:48:20.431 SEVERE [main] org.apache.catalina.startup.HostConfig.deployDescriptor Error deploying deployment descriptor [C:\Users\ADMIN\apache-tomcat-9.0.70\conf\Catalina\localhost\WebApplication8.xml]
	java.lang.IllegalStateException: Error starting child
		at org.apache.catalina.core.ContainerBase.addChildInternal(ContainerBase.java:729)
		at org.apache.catalina.core.ContainerBase.addChild(ContainerBase.java:698)
		at org.apache.catalina.core.StandardHost.addChild(StandardHost.java:696)
		at org.apache.catalina.startup.HostConfig.deployDescriptor(HostConfig.java:689)
		at org.apache.catalina.startup.HostConfig$DeployDescriptor.run(HostConfig.java:1888)
		at java.base/java.util.concurrent.Executors$RunnableAdapter.call(Executors.java:539)
		at java.base/java.util.concurrent.FutureTask.run(FutureTask.java:264)
		at org.apache.tomcat.util.threads.InlineExecutorService.execute(InlineExecutorService.java:75)
		at java.base/java.util.concurrent.AbstractExecutorService.submit(AbstractExecutorService.java:123)
		at org.apache.catalina.startup.HostConfig.deployDescriptors(HostConfig.java:582)
		at org.apache.catalina.startup.HostConfig.deployApps(HostConfig.java:472)
		at org.apache.catalina.startup.HostConfig.start(HostConfig.java:1617)
		at org.apache.catalina.startup.HostConfig.lifecycleEvent(HostConfig.java:318)
		at org.apache.catalina.util.LifecycleBase.fireLifecycleEvent(LifecycleBase.java:123)
		at org.apache.catalina.util.LifecycleBase.setStateInternal(LifecycleBase.java:423)
		at org.apache.catalina.util.LifecycleBase.setState(LifecycleBase.java:366)
		at org.apache.catalina.core.ContainerBase.startInternal(ContainerBase.java:943)
		at org.apache.catalina.core.StandardHost.startInternal(StandardHost.java:835)
		at org.apache.catalina.util.LifecycleBase.start(LifecycleBase.java:183)
		at org.apache.catalina.core.ContainerBase$StartChild.call(ContainerBase.java:1393)
		at org.apache.catalina.core.ContainerBase$StartChild.call(ContainerBase.java:1383)
		at java.base/java.util.concurrent.FutureTask.run(FutureTask.java:264)
		at org.apache.tomcat.util.threads.InlineExecutorService.execute(InlineExecutorService.java:75)
		at java.base/java.util.concurrent.AbstractExecutorService.submit(AbstractExecutorService.java:145)
		at org.apache.catalina.core.ContainerBase.startInternal(ContainerBase.java:916)
		at org.apache.catalina.core.StandardEngine.startInternal(StandardEngine.java:265)
		at org.apache.catalina.util.LifecycleBase.start(LifecycleBase.java:183)
		at org.apache.catalina.core.StandardService.startInternal(StandardService.java:430)
		at org.apache.catalina.util.LifecycleBase.start(LifecycleBase.java:183)
		at org.apache.catalina.core.StandardServer.startInternal(StandardServer.java:930)
		at org.apache.catalina.util.LifecycleBase.start(LifecycleBase.java:183)
		at org.apache.catalina.startup.Catalina.start(Catalina.java:772)
		at java.base/jdk.internal.reflect.NativeMethodAccessorImpl.invoke0(Native Method)
		at java.base/jdk.internal.reflect.NativeMethodAccessorImpl.invoke(NativeMethodAccessorImpl.java:77)
		at java.base/jdk.internal.reflect.DelegatingMethodAccessorImpl.invoke(DelegatingMethodAccessorImpl.java:43)
		at java.base/java.lang.reflect.Method.invoke(Method.java:568)
		at org.apache.catalina.startup.Bootstrap.start(Bootstrap.java:347)
		at org.apache.catalina.startup.Bootstrap.main(Bootstrap.java:478)
	Caused by: org.apache.catalina.LifecycleException: Failed to start component [org.apache.catalina.webresources.StandardRoot@3e83ab7b]
		at org.apache.catalina.util.LifecycleBase.handleSubClassException(LifecycleBase.java:440)
		at org.apache.catalina.util.LifecycleBase.start(LifecycleBase.java:198)
		at org.apache.catalina.core.StandardContext.resourcesStart(StandardContext.java:4881)
		at org.apache.catalina.core.StandardContext.startInternal(StandardContext.java:5014)
		at org.apache.catalina.util.LifecycleBase.start(LifecycleBase.java:183)
		at org.apache.catalina.core.ContainerBase.addChildInternal(ContainerBase.java:726)
		... 37 more
	Caused by: java.lang.IllegalArgumentException: The main resource set specified [D:\prj301\WebApplication8\build\web] is not valid
		at org.apache.catalina.webresources.StandardRoot.createMainResourceSet(StandardRoot.java:777)
		at org.apache.catalina.webresources.StandardRoot.startInternal(StandardRoot.java:734)
		at org.apache.catalina.util.LifecycleBase.start(LifecycleBase.java:183)
		... 41 more
17-Jan-2024 12:48:20.511 INFO [main] org.apache.catalina.startup.HostConfig.deployDescriptor Deployment of deployment descriptor [C:\Users\ADMIN\apache-tomcat-9.0.70\conf\Catalina\localhost\WebApplication8.xml] has finished in [84] ms
17-Jan-2024 12:48:20.511 INFO [main] org.apache.catalina.startup.HostConfig.deployDescriptor Deploying deployment descriptor [C:\Users\ADMIN\apache-tomcat-9.0.70\conf\Catalina\localhost\Workshop1.xml]
17-Jan-2024 12:48:20.516 WARNING [main] org.apache.catalina.startup.HostConfig.deployDescriptor The path attribute with value [/Workshop1] in deployment descriptor [C:\Users\ADMIN\apache-tomcat-9.0.70\conf\Catalina\localhost\Workshop1.xml] has been ignored
17-Jan-2024 12:48:20.784 INFO [main] org.apache.jasper.servlet.TldScanner.scanJars At least one JAR was scanned for TLDs yet contained no TLDs. Enable debug logging for this logger for a complete list of JARs that were scanned but no TLDs were found in them. Skipping unneeded JARs during scanning can improve startup time and JSP compilation time.
17-Jan-2024 12:48:20.792 INFO [main] org.apache.catalina.startup.HostConfig.deployDescriptor Deployment of deployment descriptor [C:\Users\ADMIN\apache-tomcat-9.0.70\conf\Catalina\localhost\Workshop1.xml] has finished in [281] ms
17-Jan-2024 12:48:20.792 INFO [main] org.apache.catalina.startup.HostConfig.deployDescriptor Deploying deployment descriptor [C:\Users\ADMIN\apache-tomcat-9.0.70\conf\Catalina\localhost\WS1.xml]
17-Jan-2024 12:48:20.793 WARNING [main] org.apache.catalina.startup.HostConfig.deployDescriptor The path attribute with value [/WS1] in deployment descriptor [C:\Users\ADMIN\apache-tomcat-9.0.70\conf\Catalina\localhost\WS1.xml] has been ignored
17-Jan-2024 12:48:20.880 INFO [main] org.apache.jasper.servlet.TldScanner.scanJars At least one JAR was scanned for TLDs yet contained no TLDs. Enable debug logging for this logger for a complete list of JARs that were scanned but no TLDs were found in them. Skipping unneeded JARs during scanning can improve startup time and JSP compilation time.
17-Jan-2024 12:48:20.880 INFO [main] org.apache.catalina.startup.HostConfig.deployDescriptor Deployment of deployment descriptor [C:\Users\ADMIN\apache-tomcat-9.0.70\conf\Catalina\localhost\WS1.xml] has finished in [88] ms
17-Jan-2024 12:48:20.880 INFO [main] org.apache.catalina.startup.HostConfig.deployDirectory Deploying web application directory [C:\Users\ADMIN\apache-tomcat-9.0.70\webapps\docs]
17-Jan-2024 12:48:20.906 INFO [main] org.apache.catalina.startup.HostConfig.deployDirectory Deployment of web application directory [C:\Users\ADMIN\apache-tomcat-9.0.70\webapps\docs] has finished in [26] ms
17-Jan-2024 12:48:20.907 INFO [main] org.apache.catalina.startup.HostConfig.deployDirectory Deploying web application directory [C:\Users\ADMIN\apache-tomcat-9.0.70\webapps\examples]
17-Jan-2024 12:48:21.213 INFO [main] org.apache.catalina.startup.HostConfig.deployDirectory Deployment of web application directory [C:\Users\ADMIN\apache-tomcat-9.0.70\webapps\examples] has finished in [306] ms
17-Jan-2024 12:48:21.213 INFO [main] org.apache.catalina.startup.HostConfig.deployDirectory Deploying web application directory [C:\Users\ADMIN\apache-tomcat-9.0.70\webapps\host-manager]
17-Jan-2024 12:48:21.234 INFO [main] org.apache.catalina.startup.HostConfig.deployDirectory Deployment of web application directory [C:\Users\ADMIN\apache-tomcat-9.0.70\webapps\host-manager] has finished in [21] ms
17-Jan-2024 12:48:21.234 INFO [main] org.apache.catalina.startup.HostConfig.deployDirectory Deploying web application directory [C:\Users\ADMIN\apache-tomcat-9.0.70\webapps\manager]
17-Jan-2024 12:48:21.282 INFO [main] org.apache.catalina.startup.HostConfig.deployDirectory Deployment of web application directory [C:\Users\ADMIN\apache-tomcat-9.0.70\webapps\manager] has finished in [47] ms
17-Jan-2024 12:48:21.282 INFO [main] org.apache.catalina.startup.HostConfig.deployDirectory Deploying web application directory [C:\Users\ADMIN\apache-tomcat-9.0.70\webapps\ROOT]
17-Jan-2024 12:48:21.290 INFO [main] org.apache.catalina.startup.HostConfig.deployDirectory Deployment of web application directory [C:\Users\ADMIN\apache-tomcat-9.0.70\webapps\ROOT] has finished in [8] ms
17-Jan-2024 12:48:21.306 INFO [main] org.apache.coyote.AbstractProtocol.start Starting ProtocolHandler ["http-nio-8080"]
17-Jan-2024 12:48:21.340 INFO [main] org.apache.catalina.startup.Catalina.start Server startup in [6822] milliseconds
17-Jan-2024 12:48:44.368 INFO [main] org.apache.catalina.core.StandardServer.await A valid shutdown command was received via the shutdown port. Stopping the Server instance.
17-Jan-2024 12:48:44.369 INFO [main] org.apache.coyote.AbstractProtocol.pause Pausing ProtocolHandler ["http-nio-8080"]
17-Jan-2024 12:48:44.379 INFO [main] org.apache.catalina.core.StandardService.stopInternal Stopping service [Catalina]
17-Jan-2024 12:48:44.399 INFO [main] org.springframework.web.context.support.XmlWebApplicationContext.doClose Closing WebApplicationContext for namespace 'dispatcher-servlet': startup date [Wed Jan 17 12:48:19 ICT 2024]; parent: Root WebApplicationContext
17-Jan-2024 12:48:44.400 INFO [main] org.springframework.web.context.support.XmlWebApplicationContext.doClose Closing Root WebApplicationContext: startup date [Wed Jan 17 12:48:19 ICT 2024]; root of context hierarchy
17-Jan-2024 12:48:44.431 INFO [main] org.apache.coyote.AbstractProtocol.stop Stopping ProtocolHandler ["http-nio-8080"]
17-Jan-2024 12:48:44.449 INFO [main] org.apache.coyote.AbstractProtocol.destroy Destroying ProtocolHandler ["http-nio-8080"]
