14-Mar-2024 17:25:33.412 INFO [main] org.apache.catalina.startup.VersionLoggerListener.log Server version name:   Apache Tomcat/9.0.70
14-Mar-2024 17:25:33.412 INFO [main] org.apache.catalina.startup.VersionLoggerListener.log Server built:          Dec 1 2022 14:05:47 UTC
14-Mar-2024 17:25:33.413 INFO [main] org.apache.catalina.startup.VersionLoggerListener.log Server version number: 9.0.70.0
14-Mar-2024 17:25:33.414 INFO [main] org.apache.catalina.startup.VersionLoggerListener.log OS Name:               Windows 8.1
14-Mar-2024 17:25:33.414 INFO [main] org.apache.catalina.startup.VersionLoggerListener.log OS Version:            6.3
14-Mar-2024 17:25:33.414 INFO [main] org.apache.catalina.startup.VersionLoggerListener.log Architecture:          amd64
14-Mar-2024 17:25:33.414 INFO [main] org.apache.catalina.startup.VersionLoggerListener.log Java Home:             C:\Program Files\Java\jdk1.8.0_45\jre
14-Mar-2024 17:25:33.414 INFO [main] org.apache.catalina.startup.VersionLoggerListener.log JVM Version:           1.8.0_45-b15
14-Mar-2024 17:25:33.414 INFO [main] org.apache.catalina.startup.VersionLoggerListener.log JVM Vendor:            Oracle Corporation
14-Mar-2024 17:25:33.414 INFO [main] org.apache.catalina.startup.VersionLoggerListener.log CATALINA_BASE:         C:\Users\ADMIN\apache-tomcat-9.0.70
14-Mar-2024 17:25:33.414 INFO [main] org.apache.catalina.startup.VersionLoggerListener.log CATALINA_HOME:         C:\Users\ADMIN\apache-tomcat-9.0.70
14-Mar-2024 17:25:33.415 INFO [main] org.apache.catalina.startup.VersionLoggerListener.log Command line argument: -Djava.util.logging.config.file=C:\Users\ADMIN\apache-tomcat-9.0.70\conf\logging.properties
14-Mar-2024 17:25:33.415 INFO [main] org.apache.catalina.startup.VersionLoggerListener.log Command line argument: -Djava.util.logging.manager=org.apache.juli.ClassLoaderLogManager
14-Mar-2024 17:25:33.416 INFO [main] org.apache.catalina.startup.VersionLoggerListener.log Command line argument: -Dhttp.nonProxyHosts=localhost|127.0.0.1|MSI
14-Mar-2024 17:25:33.416 INFO [main] org.apache.catalina.startup.VersionLoggerListener.log Command line argument: -Djdk.tls.ephemeralDHKeySize=2048
14-Mar-2024 17:25:33.416 INFO [main] org.apache.catalina.startup.VersionLoggerListener.log Command line argument: -Djava.protocol.handler.pkgs=org.apache.catalina.webresources
14-Mar-2024 17:25:33.416 INFO [main] org.apache.catalina.startup.VersionLoggerListener.log Command line argument: -Dignore.endorsed.dirs=
14-Mar-2024 17:25:33.416 INFO [main] org.apache.catalina.startup.VersionLoggerListener.log Command line argument: -Dcatalina.base=C:\Users\ADMIN\apache-tomcat-9.0.70
14-Mar-2024 17:25:33.416 INFO [main] org.apache.catalina.startup.VersionLoggerListener.log Command line argument: -Dcatalina.home=C:\Users\ADMIN\apache-tomcat-9.0.70
14-Mar-2024 17:25:33.416 INFO [main] org.apache.catalina.startup.VersionLoggerListener.log Command line argument: -Djava.io.tmpdir=C:\Users\ADMIN\apache-tomcat-9.0.70\temp
14-Mar-2024 17:25:33.423 INFO [main] org.apache.catalina.core.AprLifecycleListener.lifecycleEvent Loaded Apache Tomcat Native library [1.2.35] using APR version [1.7.0].
14-Mar-2024 17:25:33.423 INFO [main] org.apache.catalina.core.AprLifecycleListener.lifecycleEvent APR capabilities: IPv6 [true], sendfile [true], accept filters [false], random [true], UDS [true].
14-Mar-2024 17:25:33.423 INFO [main] org.apache.catalina.core.AprLifecycleListener.lifecycleEvent APR/OpenSSL configuration: useAprConnector [false], useOpenSSL [true]
14-Mar-2024 17:25:33.437 INFO [main] org.apache.catalina.core.AprLifecycleListener.initializeSSL OpenSSL successfully initialized [OpenSSL 1.1.1q  5 Jul 2022]
14-Mar-2024 17:25:33.736 INFO [main] org.apache.coyote.AbstractProtocol.init Initializing ProtocolHandler ["http-nio-8080"]
14-Mar-2024 17:25:33.761 INFO [main] org.apache.catalina.startup.Catalina.load Server initialization in [563] milliseconds
14-Mar-2024 17:25:33.804 INFO [main] org.apache.catalina.core.StandardService.startInternal Starting service [Catalina]
14-Mar-2024 17:25:33.804 INFO [main] org.apache.catalina.core.StandardEngine.startInternal Starting Servlet engine: [Apache Tomcat/9.0.70]
14-Mar-2024 17:25:33.816 INFO [main] org.apache.catalina.startup.HostConfig.deployDescriptor Deploying deployment descriptor [C:\Users\ADMIN\apache-tomcat-9.0.70\conf\Catalina\localhost\02-demo02.xml]
14-Mar-2024 17:25:33.840 WARNING [main] org.apache.catalina.startup.HostConfig.deployDescriptor The path attribute with value [/02-demo02] in deployment descriptor [C:\Users\ADMIN\apache-tomcat-9.0.70\conf\Catalina\localhost\02-demo02.xml] has been ignored
14-Mar-2024 17:25:34.210 INFO [main] org.apache.jasper.servlet.TldScanner.scanJars At least one JAR was scanned for TLDs yet contained no TLDs. Enable debug logging for this logger for a complete list of JARs that were scanned but no TLDs were found in them. Skipping unneeded JARs during scanning can improve startup time and JSP compilation time.
14-Mar-2024 17:25:34.359 WARNING [main] org.apache.catalina.util.SessionIdGeneratorBase.createSecureRandom Creation of SecureRandom instance for session ID generation using [SHA1PRNG] took [122] milliseconds.
14-Mar-2024 17:25:34.376 INFO [main] org.apache.catalina.startup.HostConfig.deployDescriptor Deployment of deployment descriptor [C:\Users\ADMIN\apache-tomcat-9.0.70\conf\Catalina\localhost\02-demo02.xml] has finished in [560] ms
14-Mar-2024 17:25:34.376 INFO [main] org.apache.catalina.startup.HostConfig.deployDescriptor Deploying deployment descriptor [C:\Users\ADMIN\apache-tomcat-9.0.70\conf\Catalina\localhost\Airplane.xml]
14-Mar-2024 17:25:34.378 WARNING [main] org.apache.catalina.startup.HostConfig.deployDescriptor The path attribute with value [/Airplane] in deployment descriptor [C:\Users\ADMIN\apache-tomcat-9.0.70\conf\Catalina\localhost\Airplane.xml] has been ignored
14-Mar-2024 17:25:34.641 INFO [main] org.apache.jasper.servlet.TldScanner.scanJars At least one JAR was scanned for TLDs yet contained no TLDs. Enable debug logging for this logger for a complete list of JARs that were scanned but no TLDs were found in them. Skipping unneeded JARs during scanning can improve startup time and JSP compilation time.
14-Mar-2024 17:25:34.643 INFO [main] org.apache.catalina.startup.HostConfig.deployDescriptor Deployment of deployment descriptor [C:\Users\ADMIN\apache-tomcat-9.0.70\conf\Catalina\localhost\Airplane.xml] has finished in [267] ms
14-Mar-2024 17:25:34.643 INFO [main] org.apache.catalina.startup.HostConfig.deployDescriptor Deploying deployment descriptor [C:\Users\ADMIN\apache-tomcat-9.0.70\conf\Catalina\localhost\AirplanePE.xml]
14-Mar-2024 17:25:34.644 WARNING [main] org.apache.catalina.startup.HostConfig.deployDescriptor The path attribute with value [/AirplanePE] in deployment descriptor [C:\Users\ADMIN\apache-tomcat-9.0.70\conf\Catalina\localhost\AirplanePE.xml] has been ignored
14-Mar-2024 17:25:35.006 INFO [main] org.apache.jasper.servlet.TldScanner.scanJars At least one JAR was scanned for TLDs yet contained no TLDs. Enable debug logging for this logger for a complete list of JARs that were scanned but no TLDs were found in them. Skipping unneeded JARs during scanning can improve startup time and JSP compilation time.
14-Mar-2024 17:25:35.019 INFO [main] org.apache.catalina.startup.HostConfig.deployDescriptor Deployment of deployment descriptor [C:\Users\ADMIN\apache-tomcat-9.0.70\conf\Catalina\localhost\AirplanePE.xml] has finished in [376] ms
14-Mar-2024 17:25:35.019 INFO [main] org.apache.catalina.startup.HostConfig.deployDescriptor Deploying deployment descriptor [C:\Users\ADMIN\apache-tomcat-9.0.70\conf\Catalina\localhost\ASSIGNMENT.xml]
14-Mar-2024 17:25:35.021 WARNING [main] org.apache.catalina.startup.HostConfig.deployDescriptor The path attribute with value [/ASSIGNMENT] in deployment descriptor [C:\Users\ADMIN\apache-tomcat-9.0.70\conf\Catalina\localhost\ASSIGNMENT.xml] has been ignored
14-Mar-2024 17:25:35.290 INFO [main] org.apache.jasper.servlet.TldScanner.scanJars At least one JAR was scanned for TLDs yet contained no TLDs. Enable debug logging for this logger for a complete list of JARs that were scanned but no TLDs were found in them. Skipping unneeded JARs during scanning can improve startup time and JSP compilation time.
14-Mar-2024 17:25:35.299 INFO [main] org.apache.catalina.startup.HostConfig.deployDescriptor Deployment of deployment descriptor [C:\Users\ADMIN\apache-tomcat-9.0.70\conf\Catalina\localhost\ASSIGNMENT.xml] has finished in [280] ms
14-Mar-2024 17:25:35.300 INFO [main] org.apache.catalina.startup.HostConfig.deployDescriptor Deploying deployment descriptor [C:\Users\ADMIN\apache-tomcat-9.0.70\conf\Catalina\localhost\BookLibrary.xml]
14-Mar-2024 17:25:35.302 WARNING [main] org.apache.catalina.startup.HostConfig.deployDescriptor The path attribute with value [/BookLibrary] in deployment descriptor [C:\Users\ADMIN\apache-tomcat-9.0.70\conf\Catalina\localhost\BookLibrary.xml] has been ignored
14-Mar-2024 17:25:35.600 INFO [main] org.apache.jasper.servlet.TldScanner.scanJars At least one JAR was scanned for TLDs yet contained no TLDs. Enable debug logging for this logger for a complete list of JARs that were scanned but no TLDs were found in them. Skipping unneeded JARs during scanning can improve startup time and JSP compilation time.
14-Mar-2024 17:25:35.607 INFO [main] org.apache.catalina.startup.HostConfig.deployDescriptor Deployment of deployment descriptor [C:\Users\ADMIN\apache-tomcat-9.0.70\conf\Catalina\localhost\BookLibrary.xml] has finished in [306] ms
14-Mar-2024 17:25:35.607 INFO [main] org.apache.catalina.startup.HostConfig.deployDescriptor Deploying deployment descriptor [C:\Users\ADMIN\apache-tomcat-9.0.70\conf\Catalina\localhost\CakeCart.xml]
14-Mar-2024 17:25:35.609 WARNING [main] org.apache.catalina.startup.HostConfig.deployDescriptor The path attribute with value [/CakeCart] in deployment descriptor [C:\Users\ADMIN\apache-tomcat-9.0.70\conf\Catalina\localhost\CakeCart.xml] has been ignored
14-Mar-2024 17:25:35.882 INFO [main] org.apache.jasper.servlet.TldScanner.scanJars At least one JAR was scanned for TLDs yet contained no TLDs. Enable debug logging for this logger for a complete list of JARs that were scanned but no TLDs were found in them. Skipping unneeded JARs during scanning can improve startup time and JSP compilation time.
14-Mar-2024 17:25:35.889 INFO [main] org.apache.catalina.startup.HostConfig.deployDescriptor Deployment of deployment descriptor [C:\Users\ADMIN\apache-tomcat-9.0.70\conf\Catalina\localhost\CakeCart.xml] has finished in [281] ms
14-Mar-2024 17:25:35.889 INFO [main] org.apache.catalina.startup.HostConfig.deployDescriptor Deploying deployment descriptor [C:\Users\ADMIN\apache-tomcat-9.0.70\conf\Catalina\localhost\CakePE.xml]
14-Mar-2024 17:25:35.891 WARNING [main] org.apache.catalina.startup.HostConfig.deployDescriptor The path attribute with value [/CakePE] in deployment descriptor [C:\Users\ADMIN\apache-tomcat-9.0.70\conf\Catalina\localhost\CakePE.xml] has been ignored
14-Mar-2024 17:25:36.141 INFO [main] org.apache.jasper.servlet.TldScanner.scanJars At least one JAR was scanned for TLDs yet contained no TLDs. Enable debug logging for this logger for a complete list of JARs that were scanned but no TLDs were found in them. Skipping unneeded JARs during scanning can improve startup time and JSP compilation time.
14-Mar-2024 17:25:36.146 INFO [main] org.apache.catalina.startup.HostConfig.deployDescriptor Deployment of deployment descriptor [C:\Users\ADMIN\apache-tomcat-9.0.70\conf\Catalina\localhost\CakePE.xml] has finished in [257] ms
14-Mar-2024 17:25:36.146 INFO [main] org.apache.catalina.startup.HostConfig.deployDescriptor Deploying deployment descriptor [C:\Users\ADMIN\apache-tomcat-9.0.70\conf\Catalina\localhost\CakeShop.xml]
14-Mar-2024 17:25:36.148 WARNING [main] org.apache.catalina.startup.HostConfig.deployDescriptor The path attribute with value [/CakeShop] in deployment descriptor [C:\Users\ADMIN\apache-tomcat-9.0.70\conf\Catalina\localhost\CakeShop.xml] has been ignored
14-Mar-2024 17:25:36.433 INFO [main] org.apache.jasper.servlet.TldScanner.scanJars At least one JAR was scanned for TLDs yet contained no TLDs. Enable debug logging for this logger for a complete list of JARs that were scanned but no TLDs were found in them. Skipping unneeded JARs during scanning can improve startup time and JSP compilation time.
14-Mar-2024 17:25:36.439 INFO [main] org.apache.catalina.startup.HostConfig.deployDescriptor Deployment of deployment descriptor [C:\Users\ADMIN\apache-tomcat-9.0.70\conf\Catalina\localhost\CakeShop.xml] has finished in [292] ms
14-Mar-2024 17:25:36.439 INFO [main] org.apache.catalina.startup.HostConfig.deployDescriptor Deploying deployment descriptor [C:\Users\ADMIN\apache-tomcat-9.0.70\conf\Catalina\localhost\CompanyPE.xml]
14-Mar-2024 17:25:36.441 WARNING [main] org.apache.catalina.startup.HostConfig.deployDescriptor The path attribute with value [/CompanyPE] in deployment descriptor [C:\Users\ADMIN\apache-tomcat-9.0.70\conf\Catalina\localhost\CompanyPE.xml] has been ignored
14-Mar-2024 17:25:36.731 INFO [main] org.apache.jasper.servlet.TldScanner.scanJars At least one JAR was scanned for TLDs yet contained no TLDs. Enable debug logging for this logger for a complete list of JARs that were scanned but no TLDs were found in them. Skipping unneeded JARs during scanning can improve startup time and JSP compilation time.
14-Mar-2024 17:25:36.738 INFO [main] org.apache.catalina.startup.HostConfig.deployDescriptor Deployment of deployment descriptor [C:\Users\ADMIN\apache-tomcat-9.0.70\conf\Catalina\localhost\CompanyPE.xml] has finished in [299] ms
14-Mar-2024 17:25:36.738 INFO [main] org.apache.catalina.startup.HostConfig.deployDescriptor Deploying deployment descriptor [C:\Users\ADMIN\apache-tomcat-9.0.70\conf\Catalina\localhost\Demo1.xml]
14-Mar-2024 17:25:36.740 WARNING [main] org.apache.catalina.startup.HostConfig.deployDescriptor The path attribute with value [/Demo1] in deployment descriptor [C:\Users\ADMIN\apache-tomcat-9.0.70\conf\Catalina\localhost\Demo1.xml] has been ignored
14-Mar-2024 17:25:36.776 INFO [main] org.apache.catalina.startup.HostConfig.deployDescriptor Deployment of deployment descriptor [C:\Users\ADMIN\apache-tomcat-9.0.70\conf\Catalina\localhost\Demo1.xml] has finished in [37] ms
14-Mar-2024 17:25:36.776 INFO [main] org.apache.catalina.startup.HostConfig.deployDescriptor Deploying deployment descriptor [C:\Users\ADMIN\apache-tomcat-9.0.70\conf\Catalina\localhost\Demo2.xml]
14-Mar-2024 17:25:36.777 WARNING [main] org.apache.catalina.startup.HostConfig.deployDescriptor The path attribute with value [/Demo2] in deployment descriptor [C:\Users\ADMIN\apache-tomcat-9.0.70\conf\Catalina\localhost\Demo2.xml] has been ignored
14-Mar-2024 17:25:36.891 INFO [main] org.apache.jasper.servlet.TldScanner.scanJars At least one JAR was scanned for TLDs yet contained no TLDs. Enable debug logging for this logger for a complete list of JARs that were scanned but no TLDs were found in them. Skipping unneeded JARs during scanning can improve startup time and JSP compilation time.
14-Mar-2024 17:25:36.893 INFO [main] org.apache.catalina.startup.HostConfig.deployDescriptor Deployment of deployment descriptor [C:\Users\ADMIN\apache-tomcat-9.0.70\conf\Catalina\localhost\Demo2.xml] has finished in [117] ms
14-Mar-2024 17:25:36.894 INFO [main] org.apache.catalina.startup.HostConfig.deployDescriptor Deploying deployment descriptor [C:\Users\ADMIN\apache-tomcat-9.0.70\conf\Catalina\localhost\Demo3.xml]
14-Mar-2024 17:25:36.894 WARNING [main] org.apache.catalina.startup.HostConfig.deployDescriptor The path attribute with value [/Demo3] in deployment descriptor [C:\Users\ADMIN\apache-tomcat-9.0.70\conf\Catalina\localhost\Demo3.xml] has been ignored
14-Mar-2024 17:25:36.915 SEVERE [main] org.apache.catalina.startup.HostConfig.deployDescriptor Error deploying deployment descriptor [C:\Users\ADMIN\apache-tomcat-9.0.70\conf\Catalina\localhost\Demo3.xml]
	java.lang.IllegalStateException: Error starting child
		at org.apache.catalina.core.ContainerBase.addChildInternal(ContainerBase.java:729)
		at org.apache.catalina.core.ContainerBase.addChild(ContainerBase.java:698)
		at org.apache.catalina.core.StandardHost.addChild(StandardHost.java:696)
		at org.apache.catalina.startup.HostConfig.deployDescriptor(HostConfig.java:689)
		at org.apache.catalina.startup.HostConfig$DeployDescriptor.run(HostConfig.java:1888)
		at java.util.concurrent.Executors$RunnableAdapter.call(Executors.java:511)
		at java.util.concurrent.FutureTask.run(FutureTask.java:266)
		at org.apache.tomcat.util.threads.InlineExecutorService.execute(InlineExecutorService.java:75)
		at java.util.concurrent.AbstractExecutorService.submit(AbstractExecutorService.java:112)
		at org.apache.catalina.startup.HostConfig.deployDescriptors(HostConfig.java:582)
		at org.apache.catalina.startup.HostConfig.deployApps(HostConfig.java:472)
		at org.apache.catalina.startup.HostConfig.start(HostConfig.java:1617)
		at org.apache.catalina.startup.HostConfig.lifecycleEvent(HostConfig.java:318)
		at org.apache.catalina.util.LifecycleBase.fireLifecycleEvent(LifecycleBase.java:123)
		at org.apache.catalina.util.LifecycleBase.setStateInternal(LifecycleBase.java:423)
		at org.apache.catalina.util.LifecycleBase.setState(LifecycleBase.java:366)
		at org.apache.catalina.core.ContainerBase.startInternal(ContainerBase.java:943)
		at org.apache.catalina.core.StandardHost.startInternal(StandardHost.java:835)
		at org.apache.catalina.util.LifecycleBase.start(LifecycleBase.java:183)
		at org.apache.catalina.core.ContainerBase$StartChild.call(ContainerBase.java:1393)
		at org.apache.catalina.core.ContainerBase$StartChild.call(ContainerBase.java:1383)
		at java.util.concurrent.FutureTask.run(FutureTask.java:266)
		at org.apache.tomcat.util.threads.InlineExecutorService.execute(InlineExecutorService.java:75)
		at java.util.concurrent.AbstractExecutorService.submit(AbstractExecutorService.java:134)
		at org.apache.catalina.core.ContainerBase.startInternal(ContainerBase.java:916)
		at org.apache.catalina.core.StandardEngine.startInternal(StandardEngine.java:265)
		at org.apache.catalina.util.LifecycleBase.start(LifecycleBase.java:183)
		at org.apache.catalina.core.StandardService.startInternal(StandardService.java:430)
		at org.apache.catalina.util.LifecycleBase.start(LifecycleBase.java:183)
		at org.apache.catalina.core.StandardServer.startInternal(StandardServer.java:930)
		at org.apache.catalina.util.LifecycleBase.start(LifecycleBase.java:183)
		at org.apache.catalina.startup.Catalina.start(Catalina.java:772)
		at sun.reflect.NativeMethodAccessorImpl.invoke0(Native Method)
		at sun.reflect.NativeMethodAccessorImpl.invoke(NativeMethodAccessorImpl.java:62)
		at sun.reflect.DelegatingMethodAccessorImpl.invoke(DelegatingMethodAccessorImpl.java:43)
		at java.lang.reflect.Method.invoke(Method.java:497)
		at org.apache.catalina.startup.Bootstrap.start(Bootstrap.java:347)
		at org.apache.catalina.startup.Bootstrap.main(Bootstrap.java:478)
	Caused by: org.apache.catalina.LifecycleException: Failed to start component [StandardEngine[Catalina].StandardHost[localhost].StandardContext[/Demo3]]
		at org.apache.catalina.util.LifecycleBase.handleSubClassException(LifecycleBase.java:440)
		at org.apache.catalina.util.LifecycleBase.start(LifecycleBase.java:198)
		at org.apache.catalina.core.ContainerBase.addChildInternal(ContainerBase.java:726)
		... 37 more
	Caused by: java.lang.IllegalArgumentException: Servlet mapping specifies an unknown servlet name [Servlet4]
		at org.apache.catalina.core.StandardContext.addServletMappingDecoded(StandardContext.java:3229)
		at org.apache.catalina.Context.addServletMappingDecoded(Context.java:905)
		at org.apache.catalina.startup.ContextConfig.configureContext(ContextConfig.java:1563)
		at org.apache.catalina.startup.ContextConfig.webConfig(ContextConfig.java:1330)
		at org.apache.catalina.startup.ContextConfig.configureStart(ContextConfig.java:987)
		at org.apache.catalina.startup.ContextConfig.lifecycleEvent(ContextConfig.java:304)
		at org.apache.catalina.util.LifecycleBase.fireLifecycleEvent(LifecycleBase.java:123)
		at org.apache.catalina.core.StandardContext.startInternal(StandardContext.java:5127)
		at org.apache.catalina.util.LifecycleBase.start(LifecycleBase.java:183)
		... 38 more
14-Mar-2024 17:25:36.942 INFO [main] org.apache.catalina.startup.HostConfig.deployDescriptor Deployment of deployment descriptor [C:\Users\ADMIN\apache-tomcat-9.0.70\conf\Catalina\localhost\Demo3.xml] has finished in [48] ms
14-Mar-2024 17:25:36.942 INFO [main] org.apache.catalina.startup.HostConfig.deployDescriptor Deploying deployment descriptor [C:\Users\ADMIN\apache-tomcat-9.0.70\conf\Catalina\localhost\Demo4.xml]
14-Mar-2024 17:25:36.943 WARNING [main] org.apache.catalina.startup.HostConfig.deployDescriptor The path attribute with value [/Demo4] in deployment descriptor [C:\Users\ADMIN\apache-tomcat-9.0.70\conf\Catalina\localhost\Demo4.xml] has been ignored
14-Mar-2024 17:25:36.962 INFO [main] org.apache.catalina.startup.HostConfig.deployDescriptor Deployment of deployment descriptor [C:\Users\ADMIN\apache-tomcat-9.0.70\conf\Catalina\localhost\Demo4.xml] has finished in [20] ms
14-Mar-2024 17:25:36.962 INFO [main] org.apache.catalina.startup.HostConfig.deployDescriptor Deploying deployment descriptor [C:\Users\ADMIN\apache-tomcat-9.0.70\conf\Catalina\localhost\DemoFilter.xml]
14-Mar-2024 17:25:36.964 WARNING [main] org.apache.catalina.startup.HostConfig.deployDescriptor The path attribute with value [/DemoFilter] in deployment descriptor [C:\Users\ADMIN\apache-tomcat-9.0.70\conf\Catalina\localhost\DemoFilter.xml] has been ignored
14-Mar-2024 17:25:37.004 INFO [main] org.apache.catalina.startup.HostConfig.deployDescriptor Deployment of deployment descriptor [C:\Users\ADMIN\apache-tomcat-9.0.70\conf\Catalina\localhost\DemoFilter.xml] has finished in [42] ms
14-Mar-2024 17:25:37.004 INFO [main] org.apache.catalina.startup.HostConfig.deployDescriptor Deploying deployment descriptor [C:\Users\ADMIN\apache-tomcat-9.0.70\conf\Catalina\localhost\DemoMVC2.xml]
14-Mar-2024 17:25:37.005 WARNING [main] org.apache.catalina.startup.HostConfig.deployDescriptor The path attribute with value [/DemoMVC2] in deployment descriptor [C:\Users\ADMIN\apache-tomcat-9.0.70\conf\Catalina\localhost\DemoMVC2.xml] has been ignored
14-Mar-2024 17:25:37.039 INFO [main] org.apache.catalina.startup.HostConfig.deployDescriptor Deployment of deployment descriptor [C:\Users\ADMIN\apache-tomcat-9.0.70\conf\Catalina\localhost\DemoMVC2.xml] has finished in [34] ms
14-Mar-2024 17:25:37.039 INFO [main] org.apache.catalina.startup.HostConfig.deployDescriptor Deploying deployment descriptor [C:\Users\ADMIN\apache-tomcat-9.0.70\conf\Catalina\localhost\DemoTag.xml]
14-Mar-2024 17:25:37.040 WARNING [main] org.apache.catalina.startup.HostConfig.deployDescriptor The path attribute with value [/DemoTag] in deployment descriptor [C:\Users\ADMIN\apache-tomcat-9.0.70\conf\Catalina\localhost\DemoTag.xml] has been ignored
14-Mar-2024 17:25:37.085 INFO [main] org.apache.catalina.startup.HostConfig.deployDescriptor Deployment of deployment descriptor [C:\Users\ADMIN\apache-tomcat-9.0.70\conf\Catalina\localhost\DemoTag.xml] has finished in [45] ms
14-Mar-2024 17:25:37.085 INFO [main] org.apache.catalina.startup.HostConfig.deployDescriptor Deploying deployment descriptor [C:\Users\ADMIN\apache-tomcat-9.0.70\conf\Catalina\localhost\DemoTruong.xml]
14-Mar-2024 17:25:37.085 WARNING [main] org.apache.catalina.startup.HostConfig.deployDescriptor The path attribute with value [/DemoTruong] in deployment descriptor [C:\Users\ADMIN\apache-tomcat-9.0.70\conf\Catalina\localhost\DemoTruong.xml] has been ignored
14-Mar-2024 17:25:37.265 INFO [main] org.apache.jasper.servlet.TldScanner.scanJars At least one JAR was scanned for TLDs yet contained no TLDs. Enable debug logging for this logger for a complete list of JARs that were scanned but no TLDs were found in them. Skipping unneeded JARs during scanning can improve startup time and JSP compilation time.
14-Mar-2024 17:25:37.269 INFO [main] org.apache.catalina.startup.HostConfig.deployDescriptor Deployment of deployment descriptor [C:\Users\ADMIN\apache-tomcat-9.0.70\conf\Catalina\localhost\DemoTruong.xml] has finished in [184] ms
14-Mar-2024 17:25:37.269 INFO [main] org.apache.catalina.startup.HostConfig.deployDescriptor Deploying deployment descriptor [C:\Users\ADMIN\apache-tomcat-9.0.70\conf\Catalina\localhost\FlowerShop.xml]
14-Mar-2024 17:25:37.271 WARNING [main] org.apache.catalina.startup.HostConfig.deployDescriptor The path attribute with value [/FlowerShop] in deployment descriptor [C:\Users\ADMIN\apache-tomcat-9.0.70\conf\Catalina\localhost\FlowerShop.xml] has been ignored
14-Mar-2024 17:25:37.627 INFO [main] org.apache.jasper.servlet.TldScanner.scanJars At least one JAR was scanned for TLDs yet contained no TLDs. Enable debug logging for this logger for a complete list of JARs that were scanned but no TLDs were found in them. Skipping unneeded JARs during scanning can improve startup time and JSP compilation time.
14-Mar-2024 17:25:37.634 INFO [main] org.apache.catalina.startup.HostConfig.deployDescriptor Deployment of deployment descriptor [C:\Users\ADMIN\apache-tomcat-9.0.70\conf\Catalina\localhost\FlowerShop.xml] has finished in [365] ms
14-Mar-2024 17:25:37.634 INFO [main] org.apache.catalina.startup.HostConfig.deployDescriptor Deploying deployment descriptor [C:\Users\ADMIN\apache-tomcat-9.0.70\conf\Catalina\localhost\LearnCSS.xml]
14-Mar-2024 17:25:37.635 WARNING [main] org.apache.catalina.startup.HostConfig.deployDescriptor The path attribute with value [/LearnCSS] in deployment descriptor [C:\Users\ADMIN\apache-tomcat-9.0.70\conf\Catalina\localhost\LearnCSS.xml] has been ignored
14-Mar-2024 17:25:37.662 INFO [main] org.apache.catalina.startup.HostConfig.deployDescriptor Deployment of deployment descriptor [C:\Users\ADMIN\apache-tomcat-9.0.70\conf\Catalina\localhost\LearnCSS.xml] has finished in [28] ms
14-Mar-2024 17:25:37.662 INFO [main] org.apache.catalina.startup.HostConfig.deployDescriptor Deploying deployment descriptor [C:\Users\ADMIN\apache-tomcat-9.0.70\conf\Catalina\localhost\MusicManagement.xml]
14-Mar-2024 17:25:37.664 WARNING [main] org.apache.catalina.startup.HostConfig.deployDescriptor The path attribute with value [/MusicManagement] in deployment descriptor [C:\Users\ADMIN\apache-tomcat-9.0.70\conf\Catalina\localhost\MusicManagement.xml] has been ignored
14-Mar-2024 17:25:38.033 INFO [main] org.apache.jasper.servlet.TldScanner.scanJars At least one JAR was scanned for TLDs yet contained no TLDs. Enable debug logging for this logger for a complete list of JARs that were scanned but no TLDs were found in them. Skipping unneeded JARs during scanning can improve startup time and JSP compilation time.
14-Mar-2024 17:25:38.040 INFO [main] org.apache.catalina.startup.HostConfig.deployDescriptor Deployment of deployment descriptor [C:\Users\ADMIN\apache-tomcat-9.0.70\conf\Catalina\localhost\MusicManagement.xml] has finished in [378] ms
14-Mar-2024 17:25:38.040 INFO [main] org.apache.catalina.startup.HostConfig.deployDescriptor Deploying deployment descriptor [C:\Users\ADMIN\apache-tomcat-9.0.70\conf\Catalina\localhost\MVC2_JSP_Demo.xml]
14-Mar-2024 17:25:38.041 WARNING [main] org.apache.catalina.startup.HostConfig.deployDescriptor The path attribute with value [/MVC2_JSP_Demo] in deployment descriptor [C:\Users\ADMIN\apache-tomcat-9.0.70\conf\Catalina\localhost\MVC2_JSP_Demo.xml] has been ignored
14-Mar-2024 17:25:38.368 INFO [main] org.apache.jasper.servlet.TldScanner.scanJars At least one JAR was scanned for TLDs yet contained no TLDs. Enable debug logging for this logger for a complete list of JARs that were scanned but no TLDs were found in them. Skipping unneeded JARs during scanning can improve startup time and JSP compilation time.
14-Mar-2024 17:25:38.374 INFO [main] org.apache.catalina.startup.HostConfig.deployDescriptor Deployment of deployment descriptor [C:\Users\ADMIN\apache-tomcat-9.0.70\conf\Catalina\localhost\MVC2_JSP_Demo.xml] has finished in [334] ms
14-Mar-2024 17:25:38.374 INFO [main] org.apache.catalina.startup.HostConfig.deployDescriptor Deploying deployment descriptor [C:\Users\ADMIN\apache-tomcat-9.0.70\conf\Catalina\localhost\PE_PRJ301_SP23_THITHU.xml]
14-Mar-2024 17:25:38.376 WARNING [main] org.apache.catalina.startup.HostConfig.deployDescriptor The path attribute with value [/PE_PRJ301_SP23_THITHU] in deployment descriptor [C:\Users\ADMIN\apache-tomcat-9.0.70\conf\Catalina\localhost\PE_PRJ301_SP23_THITHU.xml] has been ignored
14-Mar-2024 17:25:38.380 SEVERE [main] org.apache.catalina.startup.HostConfig.deployDescriptor Error deploying deployment descriptor [C:\Users\ADMIN\apache-tomcat-9.0.70\conf\Catalina\localhost\PE_PRJ301_SP23_THITHU.xml]
	java.lang.IllegalStateException: Error starting child
		at org.apache.catalina.core.ContainerBase.addChildInternal(ContainerBase.java:729)
		at org.apache.catalina.core.ContainerBase.addChild(ContainerBase.java:698)
		at org.apache.catalina.core.StandardHost.addChild(StandardHost.java:696)
		at org.apache.catalina.startup.HostConfig.deployDescriptor(HostConfig.java:689)
		at org.apache.catalina.startup.HostConfig$DeployDescriptor.run(HostConfig.java:1888)
		at java.util.concurrent.Executors$RunnableAdapter.call(Executors.java:511)
		at java.util.concurrent.FutureTask.run(FutureTask.java:266)
		at org.apache.tomcat.util.threads.InlineExecutorService.execute(InlineExecutorService.java:75)
		at java.util.concurrent.AbstractExecutorService.submit(AbstractExecutorService.java:112)
		at org.apache.catalina.startup.HostConfig.deployDescriptors(HostConfig.java:582)
		at org.apache.catalina.startup.HostConfig.deployApps(HostConfig.java:472)
		at org.apache.catalina.startup.HostConfig.start(HostConfig.java:1617)
		at org.apache.catalina.startup.HostConfig.lifecycleEvent(HostConfig.java:318)
		at org.apache.catalina.util.LifecycleBase.fireLifecycleEvent(LifecycleBase.java:123)
		at org.apache.catalina.util.LifecycleBase.setStateInternal(LifecycleBase.java:423)
		at org.apache.catalina.util.LifecycleBase.setState(LifecycleBase.java:366)
		at org.apache.catalina.core.ContainerBase.startInternal(ContainerBase.java:943)
		at org.apache.catalina.core.StandardHost.startInternal(StandardHost.java:835)
		at org.apache.catalina.util.LifecycleBase.start(LifecycleBase.java:183)
		at org.apache.catalina.core.ContainerBase$StartChild.call(ContainerBase.java:1393)
		at org.apache.catalina.core.ContainerBase$StartChild.call(ContainerBase.java:1383)
		at java.util.concurrent.FutureTask.run(FutureTask.java:266)
		at org.apache.tomcat.util.threads.InlineExecutorService.execute(InlineExecutorService.java:75)
		at java.util.concurrent.AbstractExecutorService.submit(AbstractExecutorService.java:134)
		at org.apache.catalina.core.ContainerBase.startInternal(ContainerBase.java:916)
		at org.apache.catalina.core.StandardEngine.startInternal(StandardEngine.java:265)
		at org.apache.catalina.util.LifecycleBase.start(LifecycleBase.java:183)
		at org.apache.catalina.core.StandardService.startInternal(StandardService.java:430)
		at org.apache.catalina.util.LifecycleBase.start(LifecycleBase.java:183)
		at org.apache.catalina.core.StandardServer.startInternal(StandardServer.java:930)
		at org.apache.catalina.util.LifecycleBase.start(LifecycleBase.java:183)
		at org.apache.catalina.startup.Catalina.start(Catalina.java:772)
		at sun.reflect.NativeMethodAccessorImpl.invoke0(Native Method)
		at sun.reflect.NativeMethodAccessorImpl.invoke(NativeMethodAccessorImpl.java:62)
		at sun.reflect.DelegatingMethodAccessorImpl.invoke(DelegatingMethodAccessorImpl.java:43)
		at java.lang.reflect.Method.invoke(Method.java:497)
		at org.apache.catalina.startup.Bootstrap.start(Bootstrap.java:347)
		at org.apache.catalina.startup.Bootstrap.main(Bootstrap.java:478)
	Caused by: org.apache.catalina.LifecycleException: Failed to start component [org.apache.catalina.webresources.StandardRoot@1ddf42dd]
		at org.apache.catalina.util.LifecycleBase.handleSubClassException(LifecycleBase.java:440)
		at org.apache.catalina.util.LifecycleBase.start(LifecycleBase.java:198)
		at org.apache.catalina.core.StandardContext.resourcesStart(StandardContext.java:4881)
		at org.apache.catalina.core.StandardContext.startInternal(StandardContext.java:5014)
		at org.apache.catalina.util.LifecycleBase.start(LifecycleBase.java:183)
		at org.apache.catalina.core.ContainerBase.addChildInternal(ContainerBase.java:726)
		... 37 more
	Caused by: java.lang.IllegalArgumentException: The main resource set specified [D:\PE_PRJ301_FA22_YourStudentID\build\web] is not valid
		at org.apache.catalina.webresources.StandardRoot.createMainResourceSet(StandardRoot.java:777)
		at org.apache.catalina.webresources.StandardRoot.startInternal(StandardRoot.java:734)
		at org.apache.catalina.util.LifecycleBase.start(LifecycleBase.java:183)
		... 41 more
14-Mar-2024 17:25:38.414 INFO [main] org.apache.catalina.startup.HostConfig.deployDescriptor Deployment of deployment descriptor [C:\Users\ADMIN\apache-tomcat-9.0.70\conf\Catalina\localhost\PE_PRJ301_SP23_THITHU.xml] has finished in [40] ms
14-Mar-2024 17:25:38.414 INFO [main] org.apache.catalina.startup.HostConfig.deployDescriptor Deploying deployment descriptor [C:\Users\ADMIN\apache-tomcat-9.0.70\conf\Catalina\localhost\PE_PRJ301_SPRING23de4.xml]
14-Mar-2024 17:25:38.415 WARNING [main] org.apache.catalina.startup.HostConfig.deployDescriptor The path attribute with value [/PE_PRJ301_SPRING23de4] in deployment descriptor [C:\Users\ADMIN\apache-tomcat-9.0.70\conf\Catalina\localhost\PE_PRJ301_SPRING23de4.xml] has been ignored
14-Mar-2024 17:25:38.527 INFO [main] org.apache.jasper.servlet.TldScanner.scanJars At least one JAR was scanned for TLDs yet contained no TLDs. Enable debug logging for this logger for a complete list of JARs that were scanned but no TLDs were found in them. Skipping unneeded JARs during scanning can improve startup time and JSP compilation time.
14-Mar-2024 17:25:38.530 INFO [main] org.apache.catalina.startup.HostConfig.deployDescriptor Deployment of deployment descriptor [C:\Users\ADMIN\apache-tomcat-9.0.70\conf\Catalina\localhost\PE_PRJ301_SPRING23de4.xml] has finished in [115] ms
14-Mar-2024 17:25:38.530 INFO [main] org.apache.catalina.startup.HostConfig.deployDescriptor Deploying deployment descriptor [C:\Users\ADMIN\apache-tomcat-9.0.70\conf\Catalina\localhost\PRJ301_StudentID.xml]
14-Mar-2024 17:25:38.531 WARNING [main] org.apache.catalina.startup.HostConfig.deployDescriptor The path attribute with value [/PRJ301_StudentID] in deployment descriptor [C:\Users\ADMIN\apache-tomcat-9.0.70\conf\Catalina\localhost\PRJ301_StudentID.xml] has been ignored
14-Mar-2024 17:25:38.798 INFO [main] org.apache.jasper.servlet.TldScanner.scanJars At least one JAR was scanned for TLDs yet contained no TLDs. Enable debug logging for this logger for a complete list of JARs that were scanned but no TLDs were found in them. Skipping unneeded JARs during scanning can improve startup time and JSP compilation time.
14-Mar-2024 17:25:38.803 INFO [main] org.apache.catalina.startup.HostConfig.deployDescriptor Deployment of deployment descriptor [C:\Users\ADMIN\apache-tomcat-9.0.70\conf\Catalina\localhost\PRJ301_StudentID.xml] has finished in [273] ms
14-Mar-2024 17:25:38.803 INFO [main] org.apache.catalina.startup.HostConfig.deployDescriptor Deploying deployment descriptor [C:\Users\ADMIN\apache-tomcat-9.0.70\conf\Catalina\localhost\ProductPE.xml]
14-Mar-2024 17:25:38.804 WARNING [main] org.apache.catalina.startup.HostConfig.deployDescriptor The path attribute with value [/ProductPE] in deployment descriptor [C:\Users\ADMIN\apache-tomcat-9.0.70\conf\Catalina\localhost\ProductPE.xml] has been ignored
14-Mar-2024 17:25:39.058 INFO [main] org.apache.jasper.servlet.TldScanner.scanJars At least one JAR was scanned for TLDs yet contained no TLDs. Enable debug logging for this logger for a complete list of JARs that were scanned but no TLDs were found in them. Skipping unneeded JARs during scanning can improve startup time and JSP compilation time.
14-Mar-2024 17:25:39.063 INFO [main] org.apache.catalina.startup.HostConfig.deployDescriptor Deployment of deployment descriptor [C:\Users\ADMIN\apache-tomcat-9.0.70\conf\Catalina\localhost\ProductPE.xml] has finished in [260] ms
14-Mar-2024 17:25:39.064 INFO [main] org.apache.catalina.startup.HostConfig.deployDescriptor Deploying deployment descriptor [C:\Users\ADMIN\apache-tomcat-9.0.70\conf\Catalina\localhost\SneakerStore.xml]
14-Mar-2024 17:25:39.065 WARNING [main] org.apache.catalina.startup.HostConfig.deployDescriptor The path attribute with value [/SneakerStore] in deployment descriptor [C:\Users\ADMIN\apache-tomcat-9.0.70\conf\Catalina\localhost\SneakerStore.xml] has been ignored
14-Mar-2024 17:25:39.370 INFO [main] org.apache.jasper.servlet.TldScanner.scanJars At least one JAR was scanned for TLDs yet contained no TLDs. Enable debug logging for this logger for a complete list of JARs that were scanned but no TLDs were found in them. Skipping unneeded JARs during scanning can improve startup time and JSP compilation time.
14-Mar-2024 17:25:39.375 INFO [main] org.apache.catalina.startup.HostConfig.deployDescriptor Deployment of deployment descriptor [C:\Users\ADMIN\apache-tomcat-9.0.70\conf\Catalina\localhost\SneakerStore.xml] has finished in [311] ms
14-Mar-2024 17:25:39.375 INFO [main] org.apache.catalina.startup.HostConfig.deployDescriptor Deploying deployment descriptor [C:\Users\ADMIN\apache-tomcat-9.0.70\conf\Catalina\localhost\Spring.xml]
14-Mar-2024 17:25:39.376 WARNING [main] org.apache.catalina.startup.HostConfig.deployDescriptor The path attribute with value [/Spring] in deployment descriptor [C:\Users\ADMIN\apache-tomcat-9.0.70\conf\Catalina\localhost\Spring.xml] has been ignored
14-Mar-2024 17:25:40.553 INFO [main] org.apache.jasper.servlet.TldScanner.scanJars At least one JAR was scanned for TLDs yet contained no TLDs. Enable debug logging for this logger for a complete list of JARs that were scanned but no TLDs were found in them. Skipping unneeded JARs during scanning can improve startup time and JSP compilation time.
14-Mar-2024 17:25:40.584 INFO [main] org.springframework.web.context.ContextLoader.initWebApplicationContext Root WebApplicationContext: initialization started
14-Mar-2024 17:25:40.642 INFO [main] org.springframework.web.context.support.XmlWebApplicationContext.prepareRefresh Refreshing Root WebApplicationContext: startup date [Thu Mar 14 17:25:40 GMT 2024]; root of context hierarchy
14-Mar-2024 17:25:40.688 INFO [main] org.springframework.beans.factory.xml.XmlBeanDefinitionReader.loadBeanDefinitions Loading XML bean definitions from ServletContext resource [/WEB-INF/applicationContext.xml]
14-Mar-2024 17:25:40.891 INFO [main] org.springframework.web.context.ContextLoader.initWebApplicationContext Root WebApplicationContext: initialization completed in 307 ms
14-Mar-2024 17:25:40.895 INFO [main] org.springframework.web.servlet.DispatcherServlet.initServletBean FrameworkServlet 'dispatcher': initialization started
14-Mar-2024 17:25:40.904 INFO [main] org.springframework.web.context.support.XmlWebApplicationContext.prepareRefresh Refreshing WebApplicationContext for namespace 'dispatcher-servlet': startup date [Thu Mar 14 17:25:40 GMT 2024]; parent: Root WebApplicationContext
14-Mar-2024 17:25:40.905 INFO [main] org.springframework.beans.factory.xml.XmlBeanDefinitionReader.loadBeanDefinitions Loading XML bean definitions from ServletContext resource [/WEB-INF/dispatcher-servlet.xml]
14-Mar-2024 17:25:41.043 INFO [main] org.springframework.web.servlet.handler.SimpleUrlHandlerMapping.registerHandler Mapped URL path [/index.htm] onto handler 'indexController'
14-Mar-2024 17:25:41.115 INFO [main] org.springframework.web.servlet.DispatcherServlet.initServletBean FrameworkServlet 'dispatcher': initialization completed in 219 ms
14-Mar-2024 17:25:41.117 INFO [main] org.apache.catalina.startup.HostConfig.deployDescriptor Deployment of deployment descriptor [C:\Users\ADMIN\apache-tomcat-9.0.70\conf\Catalina\localhost\Spring.xml] has finished in [1,742] ms
14-Mar-2024 17:25:41.117 INFO [main] org.apache.catalina.startup.HostConfig.deployDescriptor Deploying deployment descriptor [C:\Users\ADMIN\apache-tomcat-9.0.70\conf\Catalina\localhost\Student.xml]
14-Mar-2024 17:25:41.118 WARNING [main] org.apache.catalina.startup.HostConfig.deployDescriptor The path attribute with value [/Student] in deployment descriptor [C:\Users\ADMIN\apache-tomcat-9.0.70\conf\Catalina\localhost\Student.xml] has been ignored
14-Mar-2024 17:25:41.506 INFO [main] org.apache.jasper.servlet.TldScanner.scanJars At least one JAR was scanned for TLDs yet contained no TLDs. Enable debug logging for this logger for a complete list of JARs that were scanned but no TLDs were found in them. Skipping unneeded JARs during scanning can improve startup time and JSP compilation time.
14-Mar-2024 17:25:41.513 INFO [main] org.apache.catalina.startup.HostConfig.deployDescriptor Deployment of deployment descriptor [C:\Users\ADMIN\apache-tomcat-9.0.70\conf\Catalina\localhost\Student.xml] has finished in [395] ms
14-Mar-2024 17:25:41.513 INFO [main] org.apache.catalina.startup.HostConfig.deployDescriptor Deploying deployment descriptor [C:\Users\ADMIN\apache-tomcat-9.0.70\conf\Catalina\localhost\WebApplication7.xml]
14-Mar-2024 17:25:41.514 WARNING [main] org.apache.catalina.startup.HostConfig.deployDescriptor The path attribute with value [/WebApplication7] in deployment descriptor [C:\Users\ADMIN\apache-tomcat-9.0.70\conf\Catalina\localhost\WebApplication7.xml] has been ignored
14-Mar-2024 17:25:41.519 SEVERE [main] org.apache.catalina.startup.HostConfig.deployDescriptor Error deploying deployment descriptor [C:\Users\ADMIN\apache-tomcat-9.0.70\conf\Catalina\localhost\WebApplication7.xml]
	java.lang.IllegalStateException: Error starting child
		at org.apache.catalina.core.ContainerBase.addChildInternal(ContainerBase.java:729)
		at org.apache.catalina.core.ContainerBase.addChild(ContainerBase.java:698)
		at org.apache.catalina.core.StandardHost.addChild(StandardHost.java:696)
		at org.apache.catalina.startup.HostConfig.deployDescriptor(HostConfig.java:689)
		at org.apache.catalina.startup.HostConfig$DeployDescriptor.run(HostConfig.java:1888)
		at java.util.concurrent.Executors$RunnableAdapter.call(Executors.java:511)
		at java.util.concurrent.FutureTask.run(FutureTask.java:266)
		at org.apache.tomcat.util.threads.InlineExecutorService.execute(InlineExecutorService.java:75)
		at java.util.concurrent.AbstractExecutorService.submit(AbstractExecutorService.java:112)
		at org.apache.catalina.startup.HostConfig.deployDescriptors(HostConfig.java:582)
		at org.apache.catalina.startup.HostConfig.deployApps(HostConfig.java:472)
		at org.apache.catalina.startup.HostConfig.start(HostConfig.java:1617)
		at org.apache.catalina.startup.HostConfig.lifecycleEvent(HostConfig.java:318)
		at org.apache.catalina.util.LifecycleBase.fireLifecycleEvent(LifecycleBase.java:123)
		at org.apache.catalina.util.LifecycleBase.setStateInternal(LifecycleBase.java:423)
		at org.apache.catalina.util.LifecycleBase.setState(LifecycleBase.java:366)
		at org.apache.catalina.core.ContainerBase.startInternal(ContainerBase.java:943)
		at org.apache.catalina.core.StandardHost.startInternal(StandardHost.java:835)
		at org.apache.catalina.util.LifecycleBase.start(LifecycleBase.java:183)
		at org.apache.catalina.core.ContainerBase$StartChild.call(ContainerBase.java:1393)
		at org.apache.catalina.core.ContainerBase$StartChild.call(ContainerBase.java:1383)
		at java.util.concurrent.FutureTask.run(FutureTask.java:266)
		at org.apache.tomcat.util.threads.InlineExecutorService.execute(InlineExecutorService.java:75)
		at java.util.concurrent.AbstractExecutorService.submit(AbstractExecutorService.java:134)
		at org.apache.catalina.core.ContainerBase.startInternal(ContainerBase.java:916)
		at org.apache.catalina.core.StandardEngine.startInternal(StandardEngine.java:265)
		at org.apache.catalina.util.LifecycleBase.start(LifecycleBase.java:183)
		at org.apache.catalina.core.StandardService.startInternal(StandardService.java:430)
		at org.apache.catalina.util.LifecycleBase.start(LifecycleBase.java:183)
		at org.apache.catalina.core.StandardServer.startInternal(StandardServer.java:930)
		at org.apache.catalina.util.LifecycleBase.start(LifecycleBase.java:183)
		at org.apache.catalina.startup.Catalina.start(Catalina.java:772)
		at sun.reflect.NativeMethodAccessorImpl.invoke0(Native Method)
		at sun.reflect.NativeMethodAccessorImpl.invoke(NativeMethodAccessorImpl.java:62)
		at sun.reflect.DelegatingMethodAccessorImpl.invoke(DelegatingMethodAccessorImpl.java:43)
		at java.lang.reflect.Method.invoke(Method.java:497)
		at org.apache.catalina.startup.Bootstrap.start(Bootstrap.java:347)
		at org.apache.catalina.startup.Bootstrap.main(Bootstrap.java:478)
	Caused by: org.apache.catalina.LifecycleException: Failed to start component [org.apache.catalina.webresources.StandardRoot@1c1bb1e7]
		at org.apache.catalina.util.LifecycleBase.handleSubClassException(LifecycleBase.java:440)
		at org.apache.catalina.util.LifecycleBase.start(LifecycleBase.java:198)
		at org.apache.catalina.core.StandardContext.resourcesStart(StandardContext.java:4881)
		at org.apache.catalina.core.StandardContext.startInternal(StandardContext.java:5014)
		at org.apache.catalina.util.LifecycleBase.start(LifecycleBase.java:183)
		at org.apache.catalina.core.ContainerBase.addChildInternal(ContainerBase.java:726)
		... 37 more
	Caused by: java.lang.IllegalArgumentException: The main resource set specified [D:\prj301\WebApplication7\build\web] is not valid
		at org.apache.catalina.webresources.StandardRoot.createMainResourceSet(StandardRoot.java:777)
		at org.apache.catalina.webresources.StandardRoot.startInternal(StandardRoot.java:734)
		at org.apache.catalina.util.LifecycleBase.start(LifecycleBase.java:183)
		... 41 more
14-Mar-2024 17:25:41.565 INFO [main] org.apache.catalina.startup.HostConfig.deployDescriptor Deployment of deployment descriptor [C:\Users\ADMIN\apache-tomcat-9.0.70\conf\Catalina\localhost\WebApplication7.xml] has finished in [52] ms
14-Mar-2024 17:25:41.565 INFO [main] org.apache.catalina.startup.HostConfig.deployDescriptor Deploying deployment descriptor [C:\Users\ADMIN\apache-tomcat-9.0.70\conf\Catalina\localhost\WebApplication8.xml]
14-Mar-2024 17:25:41.567 WARNING [main] org.apache.catalina.startup.HostConfig.deployDescriptor The path attribute with value [/WebApplication8] in deployment descriptor [C:\Users\ADMIN\apache-tomcat-9.0.70\conf\Catalina\localhost\WebApplication8.xml] has been ignored
14-Mar-2024 17:25:41.570 SEVERE [main] org.apache.catalina.startup.HostConfig.deployDescriptor Error deploying deployment descriptor [C:\Users\ADMIN\apache-tomcat-9.0.70\conf\Catalina\localhost\WebApplication8.xml]
	java.lang.IllegalStateException: Error starting child
		at org.apache.catalina.core.ContainerBase.addChildInternal(ContainerBase.java:729)
		at org.apache.catalina.core.ContainerBase.addChild(ContainerBase.java:698)
		at org.apache.catalina.core.StandardHost.addChild(StandardHost.java:696)
		at org.apache.catalina.startup.HostConfig.deployDescriptor(HostConfig.java:689)
		at org.apache.catalina.startup.HostConfig$DeployDescriptor.run(HostConfig.java:1888)
		at java.util.concurrent.Executors$RunnableAdapter.call(Executors.java:511)
		at java.util.concurrent.FutureTask.run(FutureTask.java:266)
		at org.apache.tomcat.util.threads.InlineExecutorService.execute(InlineExecutorService.java:75)
		at java.util.concurrent.AbstractExecutorService.submit(AbstractExecutorService.java:112)
		at org.apache.catalina.startup.HostConfig.deployDescriptors(HostConfig.java:582)
		at org.apache.catalina.startup.HostConfig.deployApps(HostConfig.java:472)
		at org.apache.catalina.startup.HostConfig.start(HostConfig.java:1617)
		at org.apache.catalina.startup.HostConfig.lifecycleEvent(HostConfig.java:318)
		at org.apache.catalina.util.LifecycleBase.fireLifecycleEvent(LifecycleBase.java:123)
		at org.apache.catalina.util.LifecycleBase.setStateInternal(LifecycleBase.java:423)
		at org.apache.catalina.util.LifecycleBase.setState(LifecycleBase.java:366)
		at org.apache.catalina.core.ContainerBase.startInternal(ContainerBase.java:943)
		at org.apache.catalina.core.StandardHost.startInternal(StandardHost.java:835)
		at org.apache.catalina.util.LifecycleBase.start(LifecycleBase.java:183)
		at org.apache.catalina.core.ContainerBase$StartChild.call(ContainerBase.java:1393)
		at org.apache.catalina.core.ContainerBase$StartChild.call(ContainerBase.java:1383)
		at java.util.concurrent.FutureTask.run(FutureTask.java:266)
		at org.apache.tomcat.util.threads.InlineExecutorService.execute(InlineExecutorService.java:75)
		at java.util.concurrent.AbstractExecutorService.submit(AbstractExecutorService.java:134)
		at org.apache.catalina.core.ContainerBase.startInternal(ContainerBase.java:916)
		at org.apache.catalina.core.StandardEngine.startInternal(StandardEngine.java:265)
		at org.apache.catalina.util.LifecycleBase.start(LifecycleBase.java:183)
		at org.apache.catalina.core.StandardService.startInternal(StandardService.java:430)
		at org.apache.catalina.util.LifecycleBase.start(LifecycleBase.java:183)
		at org.apache.catalina.core.StandardServer.startInternal(StandardServer.java:930)
		at org.apache.catalina.util.LifecycleBase.start(LifecycleBase.java:183)
		at org.apache.catalina.startup.Catalina.start(Catalina.java:772)
		at sun.reflect.NativeMethodAccessorImpl.invoke0(Native Method)
		at sun.reflect.NativeMethodAccessorImpl.invoke(NativeMethodAccessorImpl.java:62)
		at sun.reflect.DelegatingMethodAccessorImpl.invoke(DelegatingMethodAccessorImpl.java:43)
		at java.lang.reflect.Method.invoke(Method.java:497)
		at org.apache.catalina.startup.Bootstrap.start(Bootstrap.java:347)
		at org.apache.catalina.startup.Bootstrap.main(Bootstrap.java:478)
	Caused by: org.apache.catalina.LifecycleException: Failed to start component [org.apache.catalina.webresources.StandardRoot@5a7e2f07]
		at org.apache.catalina.util.LifecycleBase.handleSubClassException(LifecycleBase.java:440)
		at org.apache.catalina.util.LifecycleBase.start(LifecycleBase.java:198)
		at org.apache.catalina.core.StandardContext.resourcesStart(StandardContext.java:4881)
		at org.apache.catalina.core.StandardContext.startInternal(StandardContext.java:5014)
		at org.apache.catalina.util.LifecycleBase.start(LifecycleBase.java:183)
		at org.apache.catalina.core.ContainerBase.addChildInternal(ContainerBase.java:726)
		... 37 more
	Caused by: java.lang.IllegalArgumentException: The main resource set specified [D:\prj301\WebApplication8\build\web] is not valid
		at org.apache.catalina.webresources.StandardRoot.createMainResourceSet(StandardRoot.java:777)
		at org.apache.catalina.webresources.StandardRoot.startInternal(StandardRoot.java:734)
		at org.apache.catalina.util.LifecycleBase.start(LifecycleBase.java:183)
		... 41 more
14-Mar-2024 17:25:41.636 INFO [main] org.apache.catalina.startup.HostConfig.deployDescriptor Deployment of deployment descriptor [C:\Users\ADMIN\apache-tomcat-9.0.70\conf\Catalina\localhost\WebApplication8.xml] has finished in [71] ms
14-Mar-2024 17:25:41.637 INFO [main] org.apache.catalina.startup.HostConfig.deployDescriptor Deploying deployment descriptor [C:\Users\ADMIN\apache-tomcat-9.0.70\conf\Catalina\localhost\Workshop1.xml]
14-Mar-2024 17:25:41.638 WARNING [main] org.apache.catalina.startup.HostConfig.deployDescriptor The path attribute with value [/Workshop1] in deployment descriptor [C:\Users\ADMIN\apache-tomcat-9.0.70\conf\Catalina\localhost\Workshop1.xml] has been ignored
14-Mar-2024 17:25:41.967 INFO [main] org.apache.jasper.servlet.TldScanner.scanJars At least one JAR was scanned for TLDs yet contained no TLDs. Enable debug logging for this logger for a complete list of JARs that were scanned but no TLDs were found in them. Skipping unneeded JARs during scanning can improve startup time and JSP compilation time.
14-Mar-2024 17:25:41.971 INFO [main] org.apache.catalina.startup.HostConfig.deployDescriptor Deployment of deployment descriptor [C:\Users\ADMIN\apache-tomcat-9.0.70\conf\Catalina\localhost\Workshop1.xml] has finished in [335] ms
14-Mar-2024 17:25:41.972 INFO [main] org.apache.catalina.startup.HostConfig.deployDescriptor Deploying deployment descriptor [C:\Users\ADMIN\apache-tomcat-9.0.70\conf\Catalina\localhost\WS1.xml]
14-Mar-2024 17:25:41.973 WARNING [main] org.apache.catalina.startup.HostConfig.deployDescriptor The path attribute with value [/WS1] in deployment descriptor [C:\Users\ADMIN\apache-tomcat-9.0.70\conf\Catalina\localhost\WS1.xml] has been ignored
14-Mar-2024 17:25:42.062 INFO [main] org.apache.jasper.servlet.TldScanner.scanJars At least one JAR was scanned for TLDs yet contained no TLDs. Enable debug logging for this logger for a complete list of JARs that were scanned but no TLDs were found in them. Skipping unneeded JARs during scanning can improve startup time and JSP compilation time.
14-Mar-2024 17:25:42.063 INFO [main] org.apache.catalina.startup.HostConfig.deployDescriptor Deployment of deployment descriptor [C:\Users\ADMIN\apache-tomcat-9.0.70\conf\Catalina\localhost\WS1.xml] has finished in [91] ms
14-Mar-2024 17:25:42.063 INFO [main] org.apache.catalina.startup.HostConfig.deployDescriptor Deploying deployment descriptor [C:\Users\ADMIN\apache-tomcat-9.0.70\conf\Catalina\localhost\Ws1tr.xml]
14-Mar-2024 17:25:42.064 WARNING [main] org.apache.catalina.startup.HostConfig.deployDescriptor The path attribute with value [/Ws1tr] in deployment descriptor [C:\Users\ADMIN\apache-tomcat-9.0.70\conf\Catalina\localhost\Ws1tr.xml] has been ignored
14-Mar-2024 17:25:42.311 INFO [main] org.apache.jasper.servlet.TldScanner.scanJars At least one JAR was scanned for TLDs yet contained no TLDs. Enable debug logging for this logger for a complete list of JARs that were scanned but no TLDs were found in them. Skipping unneeded JARs during scanning can improve startup time and JSP compilation time.
14-Mar-2024 17:25:42.317 INFO [main] org.apache.catalina.startup.HostConfig.deployDescriptor Deployment of deployment descriptor [C:\Users\ADMIN\apache-tomcat-9.0.70\conf\Catalina\localhost\Ws1tr.xml] has finished in [253] ms
14-Mar-2024 17:25:42.317 INFO [main] org.apache.catalina.startup.HostConfig.deployDescriptor Deploying deployment descriptor [C:\Users\ADMIN\apache-tomcat-9.0.70\conf\Catalina\localhost\Ws2tr.xml]
14-Mar-2024 17:25:42.318 WARNING [main] org.apache.catalina.startup.HostConfig.deployDescriptor The path attribute with value [/Ws2tr] in deployment descriptor [C:\Users\ADMIN\apache-tomcat-9.0.70\conf\Catalina\localhost\Ws2tr.xml] has been ignored
14-Mar-2024 17:25:42.613 INFO [main] org.apache.jasper.servlet.TldScanner.scanJars At least one JAR was scanned for TLDs yet contained no TLDs. Enable debug logging for this logger for a complete list of JARs that were scanned but no TLDs were found in them. Skipping unneeded JARs during scanning can improve startup time and JSP compilation time.
14-Mar-2024 17:25:42.618 INFO [main] org.apache.catalina.startup.HostConfig.deployDescriptor Deployment of deployment descriptor [C:\Users\ADMIN\apache-tomcat-9.0.70\conf\Catalina\localhost\Ws2tr.xml] has finished in [300] ms
14-Mar-2024 17:25:42.619 INFO [main] org.apache.catalina.startup.HostConfig.deployDirectory Deploying web application directory [C:\Users\ADMIN\apache-tomcat-9.0.70\webapps\docs]
14-Mar-2024 17:25:42.636 INFO [main] org.apache.catalina.startup.HostConfig.deployDirectory Deployment of web application directory [C:\Users\ADMIN\apache-tomcat-9.0.70\webapps\docs] has finished in [18] ms
14-Mar-2024 17:25:42.637 INFO [main] org.apache.catalina.startup.HostConfig.deployDirectory Deploying web application directory [C:\Users\ADMIN\apache-tomcat-9.0.70\webapps\examples]
14-Mar-2024 17:25:42.881 INFO [main] org.apache.catalina.startup.HostConfig.deployDirectory Deployment of web application directory [C:\Users\ADMIN\apache-tomcat-9.0.70\webapps\examples] has finished in [244] ms
14-Mar-2024 17:25:42.881 INFO [main] org.apache.catalina.startup.HostConfig.deployDirectory Deploying web application directory [C:\Users\ADMIN\apache-tomcat-9.0.70\webapps\host-manager]
14-Mar-2024 17:25:42.901 INFO [main] org.apache.catalina.startup.HostConfig.deployDirectory Deployment of web application directory [C:\Users\ADMIN\apache-tomcat-9.0.70\webapps\host-manager] has finished in [20] ms
14-Mar-2024 17:25:42.902 INFO [main] org.apache.catalina.startup.HostConfig.deployDirectory Deploying web application directory [C:\Users\ADMIN\apache-tomcat-9.0.70\webapps\manager]
14-Mar-2024 17:25:42.921 INFO [main] org.apache.catalina.startup.HostConfig.deployDirectory Deployment of web application directory [C:\Users\ADMIN\apache-tomcat-9.0.70\webapps\manager] has finished in [18] ms
14-Mar-2024 17:25:42.921 INFO [main] org.apache.catalina.startup.HostConfig.deployDirectory Deploying web application directory [C:\Users\ADMIN\apache-tomcat-9.0.70\webapps\ROOT]
14-Mar-2024 17:25:42.933 INFO [main] org.apache.catalina.startup.HostConfig.deployDirectory Deployment of web application directory [C:\Users\ADMIN\apache-tomcat-9.0.70\webapps\ROOT] has finished in [12] ms
14-Mar-2024 17:25:42.936 INFO [main] org.apache.coyote.AbstractProtocol.start Starting ProtocolHandler ["http-nio-8080"]
14-Mar-2024 17:25:42.956 INFO [main] org.apache.catalina.startup.Catalina.start Server startup in [9194] milliseconds
