16-Apr-2024 13:36:19.717 INFO [main] org.apache.catalina.startup.VersionLoggerListener.log Server version name:   Apache Tomcat/9.0.70
16-Apr-2024 13:36:19.719 INFO [main] org.apache.catalina.startup.VersionLoggerListener.log Server built:          Dec 1 2022 14:05:47 UTC
16-Apr-2024 13:36:19.719 INFO [main] org.apache.catalina.startup.VersionLoggerListener.log Server version number: 9.0.70.0
16-Apr-2024 13:36:19.719 INFO [main] org.apache.catalina.startup.VersionLoggerListener.log OS Name:               Windows 10
16-Apr-2024 13:36:19.719 INFO [main] org.apache.catalina.startup.VersionLoggerListener.log OS Version:            10.0
16-Apr-2024 13:36:19.719 INFO [main] org.apache.catalina.startup.VersionLoggerListener.log Architecture:          amd64
16-Apr-2024 13:36:19.720 INFO [main] org.apache.catalina.startup.VersionLoggerListener.log Java Home:             C:\Program Files\Java\jdk-17.0.1
16-Apr-2024 13:36:19.720 INFO [main] org.apache.catalina.startup.VersionLoggerListener.log JVM Version:           17.0.1+12-LTS-39
16-Apr-2024 13:36:19.720 INFO [main] org.apache.catalina.startup.VersionLoggerListener.log JVM Vendor:            Oracle Corporation
16-Apr-2024 13:36:19.720 INFO [main] org.apache.catalina.startup.VersionLoggerListener.log CATALINA_BASE:         C:\Users\ADMIN\apache-tomcat-9.0.70
16-Apr-2024 13:36:19.720 INFO [main] org.apache.catalina.startup.VersionLoggerListener.log CATALINA_HOME:         C:\Users\ADMIN\apache-tomcat-9.0.70
16-Apr-2024 13:36:19.726 INFO [main] org.apache.catalina.startup.VersionLoggerListener.log Command line argument: --add-opens=java.base/java.lang=ALL-UNNAMED
16-Apr-2024 13:36:19.726 INFO [main] org.apache.catalina.startup.VersionLoggerListener.log Command line argument: --add-opens=java.base/java.io=ALL-UNNAMED
16-Apr-2024 13:36:19.726 INFO [main] org.apache.catalina.startup.VersionLoggerListener.log Command line argument: --add-opens=java.base/java.util=ALL-UNNAMED
16-Apr-2024 13:36:19.727 INFO [main] org.apache.catalina.startup.VersionLoggerListener.log Command line argument: --add-opens=java.base/java.util.concurrent=ALL-UNNAMED
16-Apr-2024 13:36:19.727 INFO [main] org.apache.catalina.startup.VersionLoggerListener.log Command line argument: --add-opens=java.rmi/sun.rmi.transport=ALL-UNNAMED
16-Apr-2024 13:36:19.727 INFO [main] org.apache.catalina.startup.VersionLoggerListener.log Command line argument: -Djava.util.logging.config.file=C:\Users\ADMIN\apache-tomcat-9.0.70\conf\logging.properties
16-Apr-2024 13:36:19.727 INFO [main] org.apache.catalina.startup.VersionLoggerListener.log Command line argument: -Djava.util.logging.manager=org.apache.juli.ClassLoaderLogManager
16-Apr-2024 13:36:19.727 INFO [main] org.apache.catalina.startup.VersionLoggerListener.log Command line argument: -Dhttp.nonProxyHosts=localhost|127.0.0.1|MSI
16-Apr-2024 13:36:19.727 INFO [main] org.apache.catalina.startup.VersionLoggerListener.log Command line argument: -Djdk.tls.ephemeralDHKeySize=2048
16-Apr-2024 13:36:19.727 INFO [main] org.apache.catalina.startup.VersionLoggerListener.log Command line argument: -Djava.protocol.handler.pkgs=org.apache.catalina.webresources
16-Apr-2024 13:36:19.727 INFO [main] org.apache.catalina.startup.VersionLoggerListener.log Command line argument: -Dignore.endorsed.dirs=
16-Apr-2024 13:36:19.727 INFO [main] org.apache.catalina.startup.VersionLoggerListener.log Command line argument: -Dcatalina.base=C:\Users\ADMIN\apache-tomcat-9.0.70
16-Apr-2024 13:36:19.728 INFO [main] org.apache.catalina.startup.VersionLoggerListener.log Command line argument: -Dcatalina.home=C:\Users\ADMIN\apache-tomcat-9.0.70
16-Apr-2024 13:36:19.728 INFO [main] org.apache.catalina.startup.VersionLoggerListener.log Command line argument: -Djava.io.tmpdir=C:\Users\ADMIN\apache-tomcat-9.0.70\temp
16-Apr-2024 13:36:19.733 INFO [main] org.apache.catalina.core.AprLifecycleListener.lifecycleEvent Loaded Apache Tomcat Native library [1.2.35] using APR version [1.7.0].
16-Apr-2024 13:36:19.733 INFO [main] org.apache.catalina.core.AprLifecycleListener.lifecycleEvent APR capabilities: IPv6 [true], sendfile [true], accept filters [false], random [true], UDS [true].
16-Apr-2024 13:36:19.758 INFO [main] org.apache.catalina.core.AprLifecycleListener.lifecycleEvent APR/OpenSSL configuration: useAprConnector [false], useOpenSSL [true]
16-Apr-2024 13:36:19.770 INFO [main] org.apache.catalina.core.AprLifecycleListener.initializeSSL OpenSSL successfully initialized [OpenSSL 1.1.1q  5 Jul 2022]
16-Apr-2024 13:36:19.943 INFO [main] org.apache.coyote.AbstractProtocol.init Initializing ProtocolHandler ["http-nio-8080"]
16-Apr-2024 13:36:19.961 INFO [main] org.apache.catalina.startup.Catalina.load Server initialization in [368] milliseconds
16-Apr-2024 13:36:20.002 INFO [main] org.apache.catalina.core.StandardService.startInternal Starting service [Catalina]
16-Apr-2024 13:36:20.002 INFO [main] org.apache.catalina.core.StandardEngine.startInternal Starting Servlet engine: [Apache Tomcat/9.0.70]
16-Apr-2024 13:36:20.009 INFO [main] org.apache.catalina.startup.HostConfig.deployDescriptor Deploying deployment descriptor [C:\Users\ADMIN\apache-tomcat-9.0.70\conf\Catalina\localhost\02-demo02.xml]
16-Apr-2024 13:36:20.018 WARNING [main] org.apache.catalina.startup.HostConfig.deployDescriptor The path attribute with value [/02-demo02] in deployment descriptor [C:\Users\ADMIN\apache-tomcat-9.0.70\conf\Catalina\localhost\02-demo02.xml] has been ignored
16-Apr-2024 13:36:20.337 INFO [main] org.apache.jasper.servlet.TldScanner.scanJars At least one JAR was scanned for TLDs yet contained no TLDs. Enable debug logging for this logger for a complete list of JARs that were scanned but no TLDs were found in them. Skipping unneeded JARs during scanning can improve startup time and JSP compilation time.
16-Apr-2024 13:36:20.392 INFO [main] org.apache.catalina.startup.HostConfig.deployDescriptor Deployment of deployment descriptor [C:\Users\ADMIN\apache-tomcat-9.0.70\conf\Catalina\localhost\02-demo02.xml] has finished in [383] ms
16-Apr-2024 13:36:20.392 INFO [main] org.apache.catalina.startup.HostConfig.deployDescriptor Deploying deployment descriptor [C:\Users\ADMIN\apache-tomcat-9.0.70\conf\Catalina\localhost\Airplane.xml]
16-Apr-2024 13:36:20.393 WARNING [main] org.apache.catalina.startup.HostConfig.deployDescriptor The path attribute with value [/Airplane] in deployment descriptor [C:\Users\ADMIN\apache-tomcat-9.0.70\conf\Catalina\localhost\Airplane.xml] has been ignored
16-Apr-2024 13:36:20.589 INFO [main] org.apache.jasper.servlet.TldScanner.scanJars At least one JAR was scanned for TLDs yet contained no TLDs. Enable debug logging for this logger for a complete list of JARs that were scanned but no TLDs were found in them. Skipping unneeded JARs during scanning can improve startup time and JSP compilation time.
16-Apr-2024 13:36:20.591 INFO [main] org.apache.catalina.startup.HostConfig.deployDescriptor Deployment of deployment descriptor [C:\Users\ADMIN\apache-tomcat-9.0.70\conf\Catalina\localhost\Airplane.xml] has finished in [199] ms
16-Apr-2024 13:36:20.591 INFO [main] org.apache.catalina.startup.HostConfig.deployDescriptor Deploying deployment descriptor [C:\Users\ADMIN\apache-tomcat-9.0.70\conf\Catalina\localhost\AirplanePE.xml]
16-Apr-2024 13:36:20.592 WARNING [main] org.apache.catalina.startup.HostConfig.deployDescriptor The path attribute with value [/AirplanePE] in deployment descriptor [C:\Users\ADMIN\apache-tomcat-9.0.70\conf\Catalina\localhost\AirplanePE.xml] has been ignored
16-Apr-2024 13:36:20.825 INFO [main] org.apache.jasper.servlet.TldScanner.scanJars At least one JAR was scanned for TLDs yet contained no TLDs. Enable debug logging for this logger for a complete list of JARs that were scanned but no TLDs were found in them. Skipping unneeded JARs during scanning can improve startup time and JSP compilation time.
16-Apr-2024 13:36:20.841 INFO [main] org.apache.catalina.startup.HostConfig.deployDescriptor Deployment of deployment descriptor [C:\Users\ADMIN\apache-tomcat-9.0.70\conf\Catalina\localhost\AirplanePE.xml] has finished in [250] ms
16-Apr-2024 13:36:20.841 INFO [main] org.apache.catalina.startup.HostConfig.deployDescriptor Deploying deployment descriptor [C:\Users\ADMIN\apache-tomcat-9.0.70\conf\Catalina\localhost\ASSIGNMENT.xml]
16-Apr-2024 13:36:20.842 WARNING [main] org.apache.catalina.startup.HostConfig.deployDescriptor The path attribute with value [/ASSIGNMENT] in deployment descriptor [C:\Users\ADMIN\apache-tomcat-9.0.70\conf\Catalina\localhost\ASSIGNMENT.xml] has been ignored
16-Apr-2024 13:36:21.066 INFO [main] org.apache.jasper.servlet.TldScanner.scanJars At least one JAR was scanned for TLDs yet contained no TLDs. Enable debug logging for this logger for a complete list of JARs that were scanned but no TLDs were found in them. Skipping unneeded JARs during scanning can improve startup time and JSP compilation time.
16-Apr-2024 13:36:21.077 INFO [main] org.apache.catalina.startup.HostConfig.deployDescriptor Deployment of deployment descriptor [C:\Users\ADMIN\apache-tomcat-9.0.70\conf\Catalina\localhost\ASSIGNMENT.xml] has finished in [235] ms
16-Apr-2024 13:36:21.077 INFO [main] org.apache.catalina.startup.HostConfig.deployDescriptor Deploying deployment descriptor [C:\Users\ADMIN\apache-tomcat-9.0.70\conf\Catalina\localhost\AssignmentTruong.xml]
16-Apr-2024 13:36:21.078 WARNING [main] org.apache.catalina.startup.HostConfig.deployDescriptor The path attribute with value [/AssignmentTruong] in deployment descriptor [C:\Users\ADMIN\apache-tomcat-9.0.70\conf\Catalina\localhost\AssignmentTruong.xml] has been ignored
16-Apr-2024 13:36:21.309 INFO [main] org.apache.jasper.servlet.TldScanner.scanJars At least one JAR was scanned for TLDs yet contained no TLDs. Enable debug logging for this logger for a complete list of JARs that were scanned but no TLDs were found in them. Skipping unneeded JARs during scanning can improve startup time and JSP compilation time.
16-Apr-2024 13:36:21.319 INFO [main] org.apache.catalina.startup.HostConfig.deployDescriptor Deployment of deployment descriptor [C:\Users\ADMIN\apache-tomcat-9.0.70\conf\Catalina\localhost\AssignmentTruong.xml] has finished in [242] ms
16-Apr-2024 13:36:21.319 INFO [main] org.apache.catalina.startup.HostConfig.deployDescriptor Deploying deployment descriptor [C:\Users\ADMIN\apache-tomcat-9.0.70\conf\Catalina\localhost\BookLibrary.xml]
16-Apr-2024 13:36:21.320 WARNING [main] org.apache.catalina.startup.HostConfig.deployDescriptor The path attribute with value [/BookLibrary] in deployment descriptor [C:\Users\ADMIN\apache-tomcat-9.0.70\conf\Catalina\localhost\BookLibrary.xml] has been ignored
16-Apr-2024 13:36:21.522 INFO [main] org.apache.jasper.servlet.TldScanner.scanJars At least one JAR was scanned for TLDs yet contained no TLDs. Enable debug logging for this logger for a complete list of JARs that were scanned but no TLDs were found in them. Skipping unneeded JARs during scanning can improve startup time and JSP compilation time.
16-Apr-2024 13:36:21.531 INFO [main] org.apache.catalina.startup.HostConfig.deployDescriptor Deployment of deployment descriptor [C:\Users\ADMIN\apache-tomcat-9.0.70\conf\Catalina\localhost\BookLibrary.xml] has finished in [212] ms
16-Apr-2024 13:36:21.531 INFO [main] org.apache.catalina.startup.HostConfig.deployDescriptor Deploying deployment descriptor [C:\Users\ADMIN\apache-tomcat-9.0.70\conf\Catalina\localhost\CakeCart.xml]
16-Apr-2024 13:36:21.532 WARNING [main] org.apache.catalina.startup.HostConfig.deployDescriptor The path attribute with value [/CakeCart] in deployment descriptor [C:\Users\ADMIN\apache-tomcat-9.0.70\conf\Catalina\localhost\CakeCart.xml] has been ignored
16-Apr-2024 13:36:21.748 INFO [main] org.apache.jasper.servlet.TldScanner.scanJars At least one JAR was scanned for TLDs yet contained no TLDs. Enable debug logging for this logger for a complete list of JARs that were scanned but no TLDs were found in them. Skipping unneeded JARs during scanning can improve startup time and JSP compilation time.
16-Apr-2024 13:36:21.754 INFO [main] org.apache.catalina.startup.HostConfig.deployDescriptor Deployment of deployment descriptor [C:\Users\ADMIN\apache-tomcat-9.0.70\conf\Catalina\localhost\CakeCart.xml] has finished in [223] ms
16-Apr-2024 13:36:21.755 INFO [main] org.apache.catalina.startup.HostConfig.deployDescriptor Deploying deployment descriptor [C:\Users\ADMIN\apache-tomcat-9.0.70\conf\Catalina\localhost\CakePE.xml]
16-Apr-2024 13:36:21.755 WARNING [main] org.apache.catalina.startup.HostConfig.deployDescriptor The path attribute with value [/CakePE] in deployment descriptor [C:\Users\ADMIN\apache-tomcat-9.0.70\conf\Catalina\localhost\CakePE.xml] has been ignored
16-Apr-2024 13:36:21.959 INFO [main] org.apache.jasper.servlet.TldScanner.scanJars At least one JAR was scanned for TLDs yet contained no TLDs. Enable debug logging for this logger for a complete list of JARs that were scanned but no TLDs were found in them. Skipping unneeded JARs during scanning can improve startup time and JSP compilation time.
16-Apr-2024 13:36:21.967 INFO [main] org.apache.catalina.startup.HostConfig.deployDescriptor Deployment of deployment descriptor [C:\Users\ADMIN\apache-tomcat-9.0.70\conf\Catalina\localhost\CakePE.xml] has finished in [213] ms
16-Apr-2024 13:36:21.967 INFO [main] org.apache.catalina.startup.HostConfig.deployDescriptor Deploying deployment descriptor [C:\Users\ADMIN\apache-tomcat-9.0.70\conf\Catalina\localhost\CakeShop.xml]
16-Apr-2024 13:36:21.968 WARNING [main] org.apache.catalina.startup.HostConfig.deployDescriptor The path attribute with value [/CakeShop] in deployment descriptor [C:\Users\ADMIN\apache-tomcat-9.0.70\conf\Catalina\localhost\CakeShop.xml] has been ignored
16-Apr-2024 13:36:22.178 INFO [main] org.apache.jasper.servlet.TldScanner.scanJars At least one JAR was scanned for TLDs yet contained no TLDs. Enable debug logging for this logger for a complete list of JARs that were scanned but no TLDs were found in them. Skipping unneeded JARs during scanning can improve startup time and JSP compilation time.
16-Apr-2024 13:36:22.185 INFO [main] org.apache.catalina.startup.HostConfig.deployDescriptor Deployment of deployment descriptor [C:\Users\ADMIN\apache-tomcat-9.0.70\conf\Catalina\localhost\CakeShop.xml] has finished in [218] ms
16-Apr-2024 13:36:22.185 INFO [main] org.apache.catalina.startup.HostConfig.deployDescriptor Deploying deployment descriptor [C:\Users\ADMIN\apache-tomcat-9.0.70\conf\Catalina\localhost\CompanyPE.xml]
16-Apr-2024 13:36:22.186 WARNING [main] org.apache.catalina.startup.HostConfig.deployDescriptor The path attribute with value [/CompanyPE] in deployment descriptor [C:\Users\ADMIN\apache-tomcat-9.0.70\conf\Catalina\localhost\CompanyPE.xml] has been ignored
16-Apr-2024 13:36:22.383 INFO [main] org.apache.jasper.servlet.TldScanner.scanJars At least one JAR was scanned for TLDs yet contained no TLDs. Enable debug logging for this logger for a complete list of JARs that were scanned but no TLDs were found in them. Skipping unneeded JARs during scanning can improve startup time and JSP compilation time.
16-Apr-2024 13:36:22.390 INFO [main] org.apache.catalina.startup.HostConfig.deployDescriptor Deployment of deployment descriptor [C:\Users\ADMIN\apache-tomcat-9.0.70\conf\Catalina\localhost\CompanyPE.xml] has finished in [205] ms
16-Apr-2024 13:36:22.390 INFO [main] org.apache.catalina.startup.HostConfig.deployDescriptor Deploying deployment descriptor [C:\Users\ADMIN\apache-tomcat-9.0.70\conf\Catalina\localhost\Demo1.xml]
16-Apr-2024 13:36:22.391 WARNING [main] org.apache.catalina.startup.HostConfig.deployDescriptor The path attribute with value [/Demo1] in deployment descriptor [C:\Users\ADMIN\apache-tomcat-9.0.70\conf\Catalina\localhost\Demo1.xml] has been ignored
16-Apr-2024 13:36:22.412 INFO [main] org.apache.catalina.startup.HostConfig.deployDescriptor Deployment of deployment descriptor [C:\Users\ADMIN\apache-tomcat-9.0.70\conf\Catalina\localhost\Demo1.xml] has finished in [22] ms
16-Apr-2024 13:36:22.412 INFO [main] org.apache.catalina.startup.HostConfig.deployDescriptor Deploying deployment descriptor [C:\Users\ADMIN\apache-tomcat-9.0.70\conf\Catalina\localhost\Demo2.xml]
16-Apr-2024 13:36:22.413 WARNING [main] org.apache.catalina.startup.HostConfig.deployDescriptor The path attribute with value [/Demo2] in deployment descriptor [C:\Users\ADMIN\apache-tomcat-9.0.70\conf\Catalina\localhost\Demo2.xml] has been ignored
16-Apr-2024 13:36:22.491 INFO [main] org.apache.jasper.servlet.TldScanner.scanJars At least one JAR was scanned for TLDs yet contained no TLDs. Enable debug logging for this logger for a complete list of JARs that were scanned but no TLDs were found in them. Skipping unneeded JARs during scanning can improve startup time and JSP compilation time.
16-Apr-2024 13:36:22.493 INFO [main] org.apache.catalina.startup.HostConfig.deployDescriptor Deployment of deployment descriptor [C:\Users\ADMIN\apache-tomcat-9.0.70\conf\Catalina\localhost\Demo2.xml] has finished in [81] ms
16-Apr-2024 13:36:22.493 INFO [main] org.apache.catalina.startup.HostConfig.deployDescriptor Deploying deployment descriptor [C:\Users\ADMIN\apache-tomcat-9.0.70\conf\Catalina\localhost\Demo3.xml]
16-Apr-2024 13:36:22.494 WARNING [main] org.apache.catalina.startup.HostConfig.deployDescriptor The path attribute with value [/Demo3] in deployment descriptor [C:\Users\ADMIN\apache-tomcat-9.0.70\conf\Catalina\localhost\Demo3.xml] has been ignored
16-Apr-2024 13:36:22.514 SEVERE [main] org.apache.catalina.startup.HostConfig.deployDescriptor Error deploying deployment descriptor [C:\Users\ADMIN\apache-tomcat-9.0.70\conf\Catalina\localhost\Demo3.xml]
	java.lang.IllegalStateException: Error starting child
		at org.apache.catalina.core.ContainerBase.addChildInternal(ContainerBase.java:729)
		at org.apache.catalina.core.ContainerBase.addChild(ContainerBase.java:698)
		at org.apache.catalina.core.StandardHost.addChild(StandardHost.java:696)
		at org.apache.catalina.startup.HostConfig.deployDescriptor(HostConfig.java:689)
		at org.apache.catalina.startup.HostConfig$DeployDescriptor.run(HostConfig.java:1888)
		at java.base/java.util.concurrent.Executors$RunnableAdapter.call(Executors.java:539)
		at java.base/java.util.concurrent.FutureTask.run(FutureTask.java:264)
		at org.apache.tomcat.util.threads.InlineExecutorService.execute(InlineExecutorService.java:75)
		at java.base/java.util.concurrent.AbstractExecutorService.submit(AbstractExecutorService.java:123)
		at org.apache.catalina.startup.HostConfig.deployDescriptors(HostConfig.java:582)
		at org.apache.catalina.startup.HostConfig.deployApps(HostConfig.java:472)
		at org.apache.catalina.startup.HostConfig.start(HostConfig.java:1617)
		at org.apache.catalina.startup.HostConfig.lifecycleEvent(HostConfig.java:318)
		at org.apache.catalina.util.LifecycleBase.fireLifecycleEvent(LifecycleBase.java:123)
		at org.apache.catalina.util.LifecycleBase.setStateInternal(LifecycleBase.java:423)
		at org.apache.catalina.util.LifecycleBase.setState(LifecycleBase.java:366)
		at org.apache.catalina.core.ContainerBase.startInternal(ContainerBase.java:943)
		at org.apache.catalina.core.StandardHost.startInternal(StandardHost.java:835)
		at org.apache.catalina.util.LifecycleBase.start(LifecycleBase.java:183)
		at org.apache.catalina.core.ContainerBase$StartChild.call(ContainerBase.java:1393)
		at org.apache.catalina.core.ContainerBase$StartChild.call(ContainerBase.java:1383)
		at java.base/java.util.concurrent.FutureTask.run(FutureTask.java:264)
		at org.apache.tomcat.util.threads.InlineExecutorService.execute(InlineExecutorService.java:75)
		at java.base/java.util.concurrent.AbstractExecutorService.submit(AbstractExecutorService.java:145)
		at org.apache.catalina.core.ContainerBase.startInternal(ContainerBase.java:916)
		at org.apache.catalina.core.StandardEngine.startInternal(StandardEngine.java:265)
		at org.apache.catalina.util.LifecycleBase.start(LifecycleBase.java:183)
		at org.apache.catalina.core.StandardService.startInternal(StandardService.java:430)
		at org.apache.catalina.util.LifecycleBase.start(LifecycleBase.java:183)
		at org.apache.catalina.core.StandardServer.startInternal(StandardServer.java:930)
		at org.apache.catalina.util.LifecycleBase.start(LifecycleBase.java:183)
		at org.apache.catalina.startup.Catalina.start(Catalina.java:772)
		at java.base/jdk.internal.reflect.NativeMethodAccessorImpl.invoke0(Native Method)
		at java.base/jdk.internal.reflect.NativeMethodAccessorImpl.invoke(NativeMethodAccessorImpl.java:77)
		at java.base/jdk.internal.reflect.DelegatingMethodAccessorImpl.invoke(DelegatingMethodAccessorImpl.java:43)
		at java.base/java.lang.reflect.Method.invoke(Method.java:568)
		at org.apache.catalina.startup.Bootstrap.start(Bootstrap.java:347)
		at org.apache.catalina.startup.Bootstrap.main(Bootstrap.java:478)
	Caused by: org.apache.catalina.LifecycleException: Failed to start component [StandardEngine[Catalina].StandardHost[localhost].StandardContext[/Demo3]]
		at org.apache.catalina.util.LifecycleBase.handleSubClassException(LifecycleBase.java:440)
		at org.apache.catalina.util.LifecycleBase.start(LifecycleBase.java:198)
		at org.apache.catalina.core.ContainerBase.addChildInternal(ContainerBase.java:726)
		... 37 more
	Caused by: java.lang.IllegalArgumentException: Servlet mapping specifies an unknown servlet name [Servlet4]
		at org.apache.catalina.core.StandardContext.addServletMappingDecoded(StandardContext.java:3229)
		at org.apache.catalina.Context.addServletMappingDecoded(Context.java:905)
		at org.apache.catalina.startup.ContextConfig.configureContext(ContextConfig.java:1563)
		at org.apache.catalina.startup.ContextConfig.webConfig(ContextConfig.java:1330)
		at org.apache.catalina.startup.ContextConfig.configureStart(ContextConfig.java:987)
		at org.apache.catalina.startup.ContextConfig.lifecycleEvent(ContextConfig.java:304)
		at org.apache.catalina.util.LifecycleBase.fireLifecycleEvent(LifecycleBase.java:123)
		at org.apache.catalina.core.StandardContext.startInternal(StandardContext.java:5127)
		at org.apache.catalina.util.LifecycleBase.start(LifecycleBase.java:183)
		... 38 more
16-Apr-2024 13:36:22.517 INFO [main] org.apache.catalina.startup.HostConfig.deployDescriptor Deployment of deployment descriptor [C:\Users\ADMIN\apache-tomcat-9.0.70\conf\Catalina\localhost\Demo3.xml] has finished in [24] ms
16-Apr-2024 13:36:22.517 INFO [main] org.apache.catalina.startup.HostConfig.deployDescriptor Deploying deployment descriptor [C:\Users\ADMIN\apache-tomcat-9.0.70\conf\Catalina\localhost\Demo4.xml]
16-Apr-2024 13:36:22.518 WARNING [main] org.apache.catalina.startup.HostConfig.deployDescriptor The path attribute with value [/Demo4] in deployment descriptor [C:\Users\ADMIN\apache-tomcat-9.0.70\conf\Catalina\localhost\Demo4.xml] has been ignored
16-Apr-2024 13:36:22.535 INFO [main] org.apache.catalina.startup.HostConfig.deployDescriptor Deployment of deployment descriptor [C:\Users\ADMIN\apache-tomcat-9.0.70\conf\Catalina\localhost\Demo4.xml] has finished in [18] ms
16-Apr-2024 13:36:22.535 INFO [main] org.apache.catalina.startup.HostConfig.deployDescriptor Deploying deployment descriptor [C:\Users\ADMIN\apache-tomcat-9.0.70\conf\Catalina\localhost\DemoFilter.xml]
16-Apr-2024 13:36:22.536 WARNING [main] org.apache.catalina.startup.HostConfig.deployDescriptor The path attribute with value [/DemoFilter] in deployment descriptor [C:\Users\ADMIN\apache-tomcat-9.0.70\conf\Catalina\localhost\DemoFilter.xml] has been ignored
16-Apr-2024 13:36:22.567 INFO [main] org.apache.catalina.startup.HostConfig.deployDescriptor Deployment of deployment descriptor [C:\Users\ADMIN\apache-tomcat-9.0.70\conf\Catalina\localhost\DemoFilter.xml] has finished in [31] ms
16-Apr-2024 13:36:22.567 INFO [main] org.apache.catalina.startup.HostConfig.deployDescriptor Deploying deployment descriptor [C:\Users\ADMIN\apache-tomcat-9.0.70\conf\Catalina\localhost\DemoMVC2.xml]
16-Apr-2024 13:36:22.568 WARNING [main] org.apache.catalina.startup.HostConfig.deployDescriptor The path attribute with value [/DemoMVC2] in deployment descriptor [C:\Users\ADMIN\apache-tomcat-9.0.70\conf\Catalina\localhost\DemoMVC2.xml] has been ignored
16-Apr-2024 13:36:22.592 INFO [main] org.apache.catalina.startup.HostConfig.deployDescriptor Deployment of deployment descriptor [C:\Users\ADMIN\apache-tomcat-9.0.70\conf\Catalina\localhost\DemoMVC2.xml] has finished in [25] ms
16-Apr-2024 13:36:22.593 INFO [main] org.apache.catalina.startup.HostConfig.deployDescriptor Deploying deployment descriptor [C:\Users\ADMIN\apache-tomcat-9.0.70\conf\Catalina\localhost\DemoTag.xml]
16-Apr-2024 13:36:22.593 WARNING [main] org.apache.catalina.startup.HostConfig.deployDescriptor The path attribute with value [/DemoTag] in deployment descriptor [C:\Users\ADMIN\apache-tomcat-9.0.70\conf\Catalina\localhost\DemoTag.xml] has been ignored
16-Apr-2024 13:36:22.620 INFO [main] org.apache.catalina.startup.HostConfig.deployDescriptor Deployment of deployment descriptor [C:\Users\ADMIN\apache-tomcat-9.0.70\conf\Catalina\localhost\DemoTag.xml] has finished in [28] ms
16-Apr-2024 13:36:22.620 INFO [main] org.apache.catalina.startup.HostConfig.deployDescriptor Deploying deployment descriptor [C:\Users\ADMIN\apache-tomcat-9.0.70\conf\Catalina\localhost\DemoTruong.xml]
16-Apr-2024 13:36:22.621 WARNING [main] org.apache.catalina.startup.HostConfig.deployDescriptor The path attribute with value [/DemoTruong] in deployment descriptor [C:\Users\ADMIN\apache-tomcat-9.0.70\conf\Catalina\localhost\DemoTruong.xml] has been ignored
16-Apr-2024 13:36:22.690 INFO [main] org.apache.jasper.servlet.TldScanner.scanJars At least one JAR was scanned for TLDs yet contained no TLDs. Enable debug logging for this logger for a complete list of JARs that were scanned but no TLDs were found in them. Skipping unneeded JARs during scanning can improve startup time and JSP compilation time.
16-Apr-2024 13:36:22.692 INFO [main] org.apache.catalina.startup.HostConfig.deployDescriptor Deployment of deployment descriptor [C:\Users\ADMIN\apache-tomcat-9.0.70\conf\Catalina\localhost\DemoTruong.xml] has finished in [72] ms
16-Apr-2024 13:36:22.692 INFO [main] org.apache.catalina.startup.HostConfig.deployDescriptor Deploying deployment descriptor [C:\Users\ADMIN\apache-tomcat-9.0.70\conf\Catalina\localhost\FlowerShop.xml]
16-Apr-2024 13:36:22.701 WARNING [main] org.apache.catalina.startup.HostConfig.deployDescriptor The path attribute with value [/FlowerShop] in deployment descriptor [C:\Users\ADMIN\apache-tomcat-9.0.70\conf\Catalina\localhost\FlowerShop.xml] has been ignored
16-Apr-2024 13:36:22.925 INFO [main] org.apache.jasper.servlet.TldScanner.scanJars At least one JAR was scanned for TLDs yet contained no TLDs. Enable debug logging for this logger for a complete list of JARs that were scanned but no TLDs were found in them. Skipping unneeded JARs during scanning can improve startup time and JSP compilation time.
16-Apr-2024 13:36:22.933 INFO [main] org.apache.catalina.startup.HostConfig.deployDescriptor Deployment of deployment descriptor [C:\Users\ADMIN\apache-tomcat-9.0.70\conf\Catalina\localhost\FlowerShop.xml] has finished in [240] ms
16-Apr-2024 13:36:22.933 INFO [main] org.apache.catalina.startup.HostConfig.deployDescriptor Deploying deployment descriptor [C:\Users\ADMIN\apache-tomcat-9.0.70\conf\Catalina\localhost\LearnCSS.xml]
16-Apr-2024 13:36:22.933 WARNING [main] org.apache.catalina.startup.HostConfig.deployDescriptor The path attribute with value [/LearnCSS] in deployment descriptor [C:\Users\ADMIN\apache-tomcat-9.0.70\conf\Catalina\localhost\LearnCSS.xml] has been ignored
16-Apr-2024 13:36:22.955 INFO [main] org.apache.catalina.startup.HostConfig.deployDescriptor Deployment of deployment descriptor [C:\Users\ADMIN\apache-tomcat-9.0.70\conf\Catalina\localhost\LearnCSS.xml] has finished in [22] ms
16-Apr-2024 13:36:22.955 INFO [main] org.apache.catalina.startup.HostConfig.deployDescriptor Deploying deployment descriptor [C:\Users\ADMIN\apache-tomcat-9.0.70\conf\Catalina\localhost\MusicManagement.xml]
16-Apr-2024 13:36:22.956 WARNING [main] org.apache.catalina.startup.HostConfig.deployDescriptor The path attribute with value [/MusicManagement] in deployment descriptor [C:\Users\ADMIN\apache-tomcat-9.0.70\conf\Catalina\localhost\MusicManagement.xml] has been ignored
16-Apr-2024 13:36:23.167 INFO [main] org.apache.jasper.servlet.TldScanner.scanJars At least one JAR was scanned for TLDs yet contained no TLDs. Enable debug logging for this logger for a complete list of JARs that were scanned but no TLDs were found in them. Skipping unneeded JARs during scanning can improve startup time and JSP compilation time.
16-Apr-2024 13:36:23.174 INFO [main] org.apache.catalina.startup.HostConfig.deployDescriptor Deployment of deployment descriptor [C:\Users\ADMIN\apache-tomcat-9.0.70\conf\Catalina\localhost\MusicManagement.xml] has finished in [219] ms
16-Apr-2024 13:36:23.174 INFO [main] org.apache.catalina.startup.HostConfig.deployDescriptor Deploying deployment descriptor [C:\Users\ADMIN\apache-tomcat-9.0.70\conf\Catalina\localhost\MVC2_JSP_Demo.xml]
16-Apr-2024 13:36:23.175 WARNING [main] org.apache.catalina.startup.HostConfig.deployDescriptor The path attribute with value [/MVC2_JSP_Demo] in deployment descriptor [C:\Users\ADMIN\apache-tomcat-9.0.70\conf\Catalina\localhost\MVC2_JSP_Demo.xml] has been ignored
16-Apr-2024 13:36:23.358 INFO [main] org.apache.jasper.servlet.TldScanner.scanJars At least one JAR was scanned for TLDs yet contained no TLDs. Enable debug logging for this logger for a complete list of JARs that were scanned but no TLDs were found in them. Skipping unneeded JARs during scanning can improve startup time and JSP compilation time.
16-Apr-2024 13:36:23.364 INFO [main] org.apache.catalina.startup.HostConfig.deployDescriptor Deployment of deployment descriptor [C:\Users\ADMIN\apache-tomcat-9.0.70\conf\Catalina\localhost\MVC2_JSP_Demo.xml] has finished in [190] ms
16-Apr-2024 13:36:23.364 INFO [main] org.apache.catalina.startup.HostConfig.deployDescriptor Deploying deployment descriptor [C:\Users\ADMIN\apache-tomcat-9.0.70\conf\Catalina\localhost\PE_PRJ301_SP23_THITHU.xml]
16-Apr-2024 13:36:23.365 WARNING [main] org.apache.catalina.startup.HostConfig.deployDescriptor The path attribute with value [/PE_PRJ301_SP23_THITHU] in deployment descriptor [C:\Users\ADMIN\apache-tomcat-9.0.70\conf\Catalina\localhost\PE_PRJ301_SP23_THITHU.xml] has been ignored
16-Apr-2024 13:36:23.367 SEVERE [main] org.apache.catalina.startup.HostConfig.deployDescriptor Error deploying deployment descriptor [C:\Users\ADMIN\apache-tomcat-9.0.70\conf\Catalina\localhost\PE_PRJ301_SP23_THITHU.xml]
	java.lang.IllegalStateException: Error starting child
		at org.apache.catalina.core.ContainerBase.addChildInternal(ContainerBase.java:729)
		at org.apache.catalina.core.ContainerBase.addChild(ContainerBase.java:698)
		at org.apache.catalina.core.StandardHost.addChild(StandardHost.java:696)
		at org.apache.catalina.startup.HostConfig.deployDescriptor(HostConfig.java:689)
		at org.apache.catalina.startup.HostConfig$DeployDescriptor.run(HostConfig.java:1888)
		at java.base/java.util.concurrent.Executors$RunnableAdapter.call(Executors.java:539)
		at java.base/java.util.concurrent.FutureTask.run(FutureTask.java:264)
		at org.apache.tomcat.util.threads.InlineExecutorService.execute(InlineExecutorService.java:75)
		at java.base/java.util.concurrent.AbstractExecutorService.submit(AbstractExecutorService.java:123)
		at org.apache.catalina.startup.HostConfig.deployDescriptors(HostConfig.java:582)
		at org.apache.catalina.startup.HostConfig.deployApps(HostConfig.java:472)
		at org.apache.catalina.startup.HostConfig.start(HostConfig.java:1617)
		at org.apache.catalina.startup.HostConfig.lifecycleEvent(HostConfig.java:318)
		at org.apache.catalina.util.LifecycleBase.fireLifecycleEvent(LifecycleBase.java:123)
		at org.apache.catalina.util.LifecycleBase.setStateInternal(LifecycleBase.java:423)
		at org.apache.catalina.util.LifecycleBase.setState(LifecycleBase.java:366)
		at org.apache.catalina.core.ContainerBase.startInternal(ContainerBase.java:943)
		at org.apache.catalina.core.StandardHost.startInternal(StandardHost.java:835)
		at org.apache.catalina.util.LifecycleBase.start(LifecycleBase.java:183)
		at org.apache.catalina.core.ContainerBase$StartChild.call(ContainerBase.java:1393)
		at org.apache.catalina.core.ContainerBase$StartChild.call(ContainerBase.java:1383)
		at java.base/java.util.concurrent.FutureTask.run(FutureTask.java:264)
		at org.apache.tomcat.util.threads.InlineExecutorService.execute(InlineExecutorService.java:75)
		at java.base/java.util.concurrent.AbstractExecutorService.submit(AbstractExecutorService.java:145)
		at org.apache.catalina.core.ContainerBase.startInternal(ContainerBase.java:916)
		at org.apache.catalina.core.StandardEngine.startInternal(StandardEngine.java:265)
		at org.apache.catalina.util.LifecycleBase.start(LifecycleBase.java:183)
		at org.apache.catalina.core.StandardService.startInternal(StandardService.java:430)
		at org.apache.catalina.util.LifecycleBase.start(LifecycleBase.java:183)
		at org.apache.catalina.core.StandardServer.startInternal(StandardServer.java:930)
		at org.apache.catalina.util.LifecycleBase.start(LifecycleBase.java:183)
		at org.apache.catalina.startup.Catalina.start(Catalina.java:772)
		at java.base/jdk.internal.reflect.NativeMethodAccessorImpl.invoke0(Native Method)
		at java.base/jdk.internal.reflect.NativeMethodAccessorImpl.invoke(NativeMethodAccessorImpl.java:77)
		at java.base/jdk.internal.reflect.DelegatingMethodAccessorImpl.invoke(DelegatingMethodAccessorImpl.java:43)
		at java.base/java.lang.reflect.Method.invoke(Method.java:568)
		at org.apache.catalina.startup.Bootstrap.start(Bootstrap.java:347)
		at org.apache.catalina.startup.Bootstrap.main(Bootstrap.java:478)
	Caused by: org.apache.catalina.LifecycleException: Failed to start component [org.apache.catalina.webresources.StandardRoot@283ecb4b]
		at org.apache.catalina.util.LifecycleBase.handleSubClassException(LifecycleBase.java:440)
		at org.apache.catalina.util.LifecycleBase.start(LifecycleBase.java:198)
		at org.apache.catalina.core.StandardContext.resourcesStart(StandardContext.java:4881)
		at org.apache.catalina.core.StandardContext.startInternal(StandardContext.java:5014)
		at org.apache.catalina.util.LifecycleBase.start(LifecycleBase.java:183)
		at org.apache.catalina.core.ContainerBase.addChildInternal(ContainerBase.java:726)
		... 37 more
	Caused by: java.lang.IllegalArgumentException: The main resource set specified [D:\PE_PRJ301_FA22_YourStudentID\build\web] is not valid
		at org.apache.catalina.webresources.StandardRoot.createMainResourceSet(StandardRoot.java:777)
		at org.apache.catalina.webresources.StandardRoot.startInternal(StandardRoot.java:734)
		at org.apache.catalina.util.LifecycleBase.start(LifecycleBase.java:183)
		... 41 more
16-Apr-2024 13:36:23.418 INFO [main] org.apache.catalina.startup.HostConfig.deployDescriptor Deployment of deployment descriptor [C:\Users\ADMIN\apache-tomcat-9.0.70\conf\Catalina\localhost\PE_PRJ301_SP23_THITHU.xml] has finished in [54] ms
16-Apr-2024 13:36:23.419 INFO [main] org.apache.catalina.startup.HostConfig.deployDescriptor Deploying deployment descriptor [C:\Users\ADMIN\apache-tomcat-9.0.70\conf\Catalina\localhost\PE_PRJ301_SPRING23de4.xml]
16-Apr-2024 13:36:23.420 WARNING [main] org.apache.catalina.startup.HostConfig.deployDescriptor The path attribute with value [/PE_PRJ301_SPRING23de4] in deployment descriptor [C:\Users\ADMIN\apache-tomcat-9.0.70\conf\Catalina\localhost\PE_PRJ301_SPRING23de4.xml] has been ignored
16-Apr-2024 13:36:23.501 INFO [main] org.apache.jasper.servlet.TldScanner.scanJars At least one JAR was scanned for TLDs yet contained no TLDs. Enable debug logging for this logger for a complete list of JARs that were scanned but no TLDs were found in them. Skipping unneeded JARs during scanning can improve startup time and JSP compilation time.
16-Apr-2024 13:36:23.502 INFO [main] org.apache.catalina.startup.HostConfig.deployDescriptor Deployment of deployment descriptor [C:\Users\ADMIN\apache-tomcat-9.0.70\conf\Catalina\localhost\PE_PRJ301_SPRING23de4.xml] has finished in [83] ms
16-Apr-2024 13:36:23.503 INFO [main] org.apache.catalina.startup.HostConfig.deployDescriptor Deploying deployment descriptor [C:\Users\ADMIN\apache-tomcat-9.0.70\conf\Catalina\localhost\PRJ301_StudentID.xml]
16-Apr-2024 13:36:23.503 WARNING [main] org.apache.catalina.startup.HostConfig.deployDescriptor The path attribute with value [/PRJ301_StudentID] in deployment descriptor [C:\Users\ADMIN\apache-tomcat-9.0.70\conf\Catalina\localhost\PRJ301_StudentID.xml] has been ignored
16-Apr-2024 13:36:23.707 INFO [main] org.apache.jasper.servlet.TldScanner.scanJars At least one JAR was scanned for TLDs yet contained no TLDs. Enable debug logging for this logger for a complete list of JARs that were scanned but no TLDs were found in them. Skipping unneeded JARs during scanning can improve startup time and JSP compilation time.
16-Apr-2024 13:36:23.714 INFO [main] org.apache.catalina.startup.HostConfig.deployDescriptor Deployment of deployment descriptor [C:\Users\ADMIN\apache-tomcat-9.0.70\conf\Catalina\localhost\PRJ301_StudentID.xml] has finished in [212] ms
16-Apr-2024 13:36:23.714 INFO [main] org.apache.catalina.startup.HostConfig.deployDescriptor Deploying deployment descriptor [C:\Users\ADMIN\apache-tomcat-9.0.70\conf\Catalina\localhost\ProductPE.xml]
16-Apr-2024 13:36:23.715 WARNING [main] org.apache.catalina.startup.HostConfig.deployDescriptor The path attribute with value [/ProductPE] in deployment descriptor [C:\Users\ADMIN\apache-tomcat-9.0.70\conf\Catalina\localhost\ProductPE.xml] has been ignored
16-Apr-2024 13:36:23.931 INFO [main] org.apache.jasper.servlet.TldScanner.scanJars At least one JAR was scanned for TLDs yet contained no TLDs. Enable debug logging for this logger for a complete list of JARs that were scanned but no TLDs were found in them. Skipping unneeded JARs during scanning can improve startup time and JSP compilation time.
16-Apr-2024 13:36:23.938 INFO [main] org.apache.catalina.startup.HostConfig.deployDescriptor Deployment of deployment descriptor [C:\Users\ADMIN\apache-tomcat-9.0.70\conf\Catalina\localhost\ProductPE.xml] has finished in [224] ms
16-Apr-2024 13:36:23.938 INFO [main] org.apache.catalina.startup.HostConfig.deployDescriptor Deploying deployment descriptor [C:\Users\ADMIN\apache-tomcat-9.0.70\conf\Catalina\localhost\SneakerStore.xml]
16-Apr-2024 13:36:23.939 WARNING [main] org.apache.catalina.startup.HostConfig.deployDescriptor The path attribute with value [/SneakerStore] in deployment descriptor [C:\Users\ADMIN\apache-tomcat-9.0.70\conf\Catalina\localhost\SneakerStore.xml] has been ignored
16-Apr-2024 13:36:24.172 INFO [main] org.apache.jasper.servlet.TldScanner.scanJars At least one JAR was scanned for TLDs yet contained no TLDs. Enable debug logging for this logger for a complete list of JARs that were scanned but no TLDs were found in them. Skipping unneeded JARs during scanning can improve startup time and JSP compilation time.
16-Apr-2024 13:36:24.179 INFO [main] org.apache.catalina.startup.HostConfig.deployDescriptor Deployment of deployment descriptor [C:\Users\ADMIN\apache-tomcat-9.0.70\conf\Catalina\localhost\SneakerStore.xml] has finished in [241] ms
16-Apr-2024 13:36:24.179 INFO [main] org.apache.catalina.startup.HostConfig.deployDescriptor Deploying deployment descriptor [C:\Users\ADMIN\apache-tomcat-9.0.70\conf\Catalina\localhost\Spring.xml]
16-Apr-2024 13:36:24.180 WARNING [main] org.apache.catalina.startup.HostConfig.deployDescriptor The path attribute with value [/Spring] in deployment descriptor [C:\Users\ADMIN\apache-tomcat-9.0.70\conf\Catalina\localhost\Spring.xml] has been ignored
16-Apr-2024 13:36:25.014 INFO [main] org.apache.jasper.servlet.TldScanner.scanJars At least one JAR was scanned for TLDs yet contained no TLDs. Enable debug logging for this logger for a complete list of JARs that were scanned but no TLDs were found in them. Skipping unneeded JARs during scanning can improve startup time and JSP compilation time.
16-Apr-2024 13:36:25.035 INFO [main] org.springframework.web.context.ContextLoader.initWebApplicationContext Root WebApplicationContext: initialization started
16-Apr-2024 13:36:25.075 INFO [main] org.springframework.web.context.support.XmlWebApplicationContext.prepareRefresh Refreshing Root WebApplicationContext: startup date [Tue Apr 16 13:36:25 GMT+07:00 2024]; root of context hierarchy
16-Apr-2024 13:36:25.107 INFO [main] org.springframework.beans.factory.xml.XmlBeanDefinitionReader.loadBeanDefinitions Loading XML bean definitions from ServletContext resource [/WEB-INF/applicationContext.xml]
16-Apr-2024 13:36:25.182 INFO [main] org.springframework.web.context.ContextLoader.initWebApplicationContext Root WebApplicationContext: initialization completed in 146 ms
16-Apr-2024 13:36:25.185 INFO [main] org.springframework.web.servlet.DispatcherServlet.initServletBean FrameworkServlet 'dispatcher': initialization started
16-Apr-2024 13:36:25.191 INFO [main] org.springframework.web.context.support.XmlWebApplicationContext.prepareRefresh Refreshing WebApplicationContext for namespace 'dispatcher-servlet': startup date [Tue Apr 16 13:36:25 GMT+07:00 2024]; parent: Root WebApplicationContext
16-Apr-2024 13:36:25.191 INFO [main] org.springframework.beans.factory.xml.XmlBeanDefinitionReader.loadBeanDefinitions Loading XML bean definitions from ServletContext resource [/WEB-INF/dispatcher-servlet.xml]
16-Apr-2024 13:36:25.275 INFO [main] org.springframework.web.servlet.handler.SimpleUrlHandlerMapping.registerHandler Mapped URL path [/index.htm] onto handler 'indexController'
16-Apr-2024 13:36:25.318 INFO [main] org.springframework.web.servlet.DispatcherServlet.initServletBean FrameworkServlet 'dispatcher': initialization completed in 133 ms
16-Apr-2024 13:36:25.320 INFO [main] org.apache.catalina.startup.HostConfig.deployDescriptor Deployment of deployment descriptor [C:\Users\ADMIN\apache-tomcat-9.0.70\conf\Catalina\localhost\Spring.xml] has finished in [1,141] ms
16-Apr-2024 13:36:25.320 INFO [main] org.apache.catalina.startup.HostConfig.deployDescriptor Deploying deployment descriptor [C:\Users\ADMIN\apache-tomcat-9.0.70\conf\Catalina\localhost\Student.xml]
16-Apr-2024 13:36:25.321 WARNING [main] org.apache.catalina.startup.HostConfig.deployDescriptor The path attribute with value [/Student] in deployment descriptor [C:\Users\ADMIN\apache-tomcat-9.0.70\conf\Catalina\localhost\Student.xml] has been ignored
16-Apr-2024 13:36:25.593 INFO [main] org.apache.jasper.servlet.TldScanner.scanJars At least one JAR was scanned for TLDs yet contained no TLDs. Enable debug logging for this logger for a complete list of JARs that were scanned but no TLDs were found in them. Skipping unneeded JARs during scanning can improve startup time and JSP compilation time.
16-Apr-2024 13:36:25.602 INFO [main] org.apache.catalina.startup.HostConfig.deployDescriptor Deployment of deployment descriptor [C:\Users\ADMIN\apache-tomcat-9.0.70\conf\Catalina\localhost\Student.xml] has finished in [282] ms
16-Apr-2024 13:36:25.602 INFO [main] org.apache.catalina.startup.HostConfig.deployDescriptor Deploying deployment descriptor [C:\Users\ADMIN\apache-tomcat-9.0.70\conf\Catalina\localhost\WebApplication7.xml]
16-Apr-2024 13:36:25.603 WARNING [main] org.apache.catalina.startup.HostConfig.deployDescriptor The path attribute with value [/WebApplication7] in deployment descriptor [C:\Users\ADMIN\apache-tomcat-9.0.70\conf\Catalina\localhost\WebApplication7.xml] has been ignored
16-Apr-2024 13:36:25.607 SEVERE [main] org.apache.catalina.startup.HostConfig.deployDescriptor Error deploying deployment descriptor [C:\Users\ADMIN\apache-tomcat-9.0.70\conf\Catalina\localhost\WebApplication7.xml]
	java.lang.IllegalStateException: Error starting child
		at org.apache.catalina.core.ContainerBase.addChildInternal(ContainerBase.java:729)
		at org.apache.catalina.core.ContainerBase.addChild(ContainerBase.java:698)
		at org.apache.catalina.core.StandardHost.addChild(StandardHost.java:696)
		at org.apache.catalina.startup.HostConfig.deployDescriptor(HostConfig.java:689)
		at org.apache.catalina.startup.HostConfig$DeployDescriptor.run(HostConfig.java:1888)
		at java.base/java.util.concurrent.Executors$RunnableAdapter.call(Executors.java:539)
		at java.base/java.util.concurrent.FutureTask.run(FutureTask.java:264)
		at org.apache.tomcat.util.threads.InlineExecutorService.execute(InlineExecutorService.java:75)
		at java.base/java.util.concurrent.AbstractExecutorService.submit(AbstractExecutorService.java:123)
		at org.apache.catalina.startup.HostConfig.deployDescriptors(HostConfig.java:582)
		at org.apache.catalina.startup.HostConfig.deployApps(HostConfig.java:472)
		at org.apache.catalina.startup.HostConfig.start(HostConfig.java:1617)
		at org.apache.catalina.startup.HostConfig.lifecycleEvent(HostConfig.java:318)
		at org.apache.catalina.util.LifecycleBase.fireLifecycleEvent(LifecycleBase.java:123)
		at org.apache.catalina.util.LifecycleBase.setStateInternal(LifecycleBase.java:423)
		at org.apache.catalina.util.LifecycleBase.setState(LifecycleBase.java:366)
		at org.apache.catalina.core.ContainerBase.startInternal(ContainerBase.java:943)
		at org.apache.catalina.core.StandardHost.startInternal(StandardHost.java:835)
		at org.apache.catalina.util.LifecycleBase.start(LifecycleBase.java:183)
		at org.apache.catalina.core.ContainerBase$StartChild.call(ContainerBase.java:1393)
		at org.apache.catalina.core.ContainerBase$StartChild.call(ContainerBase.java:1383)
		at java.base/java.util.concurrent.FutureTask.run(FutureTask.java:264)
		at org.apache.tomcat.util.threads.InlineExecutorService.execute(InlineExecutorService.java:75)
		at java.base/java.util.concurrent.AbstractExecutorService.submit(AbstractExecutorService.java:145)
		at org.apache.catalina.core.ContainerBase.startInternal(ContainerBase.java:916)
		at org.apache.catalina.core.StandardEngine.startInternal(StandardEngine.java:265)
		at org.apache.catalina.util.LifecycleBase.start(LifecycleBase.java:183)
		at org.apache.catalina.core.StandardService.startInternal(StandardService.java:430)
		at org.apache.catalina.util.LifecycleBase.start(LifecycleBase.java:183)
		at org.apache.catalina.core.StandardServer.startInternal(StandardServer.java:930)
		at org.apache.catalina.util.LifecycleBase.start(LifecycleBase.java:183)
		at org.apache.catalina.startup.Catalina.start(Catalina.java:772)
		at java.base/jdk.internal.reflect.NativeMethodAccessorImpl.invoke0(Native Method)
		at java.base/jdk.internal.reflect.NativeMethodAccessorImpl.invoke(NativeMethodAccessorImpl.java:77)
		at java.base/jdk.internal.reflect.DelegatingMethodAccessorImpl.invoke(DelegatingMethodAccessorImpl.java:43)
		at java.base/java.lang.reflect.Method.invoke(Method.java:568)
		at org.apache.catalina.startup.Bootstrap.start(Bootstrap.java:347)
		at org.apache.catalina.startup.Bootstrap.main(Bootstrap.java:478)
	Caused by: org.apache.catalina.LifecycleException: Failed to start component [org.apache.catalina.webresources.StandardRoot@5d98216c]
		at org.apache.catalina.util.LifecycleBase.handleSubClassException(LifecycleBase.java:440)
		at org.apache.catalina.util.LifecycleBase.start(LifecycleBase.java:198)
		at org.apache.catalina.core.StandardContext.resourcesStart(StandardContext.java:4881)
		at org.apache.catalina.core.StandardContext.startInternal(StandardContext.java:5014)
		at org.apache.catalina.util.LifecycleBase.start(LifecycleBase.java:183)
		at org.apache.catalina.core.ContainerBase.addChildInternal(ContainerBase.java:726)
		... 37 more
	Caused by: java.lang.IllegalArgumentException: The main resource set specified [D:\prj301\WebApplication7\build\web] is not valid
		at org.apache.catalina.webresources.StandardRoot.createMainResourceSet(StandardRoot.java:777)
		at org.apache.catalina.webresources.StandardRoot.startInternal(StandardRoot.java:734)
		at org.apache.catalina.util.LifecycleBase.start(LifecycleBase.java:183)
		... 41 more
16-Apr-2024 13:36:25.642 INFO [main] org.apache.catalina.startup.HostConfig.deployDescriptor Deployment of deployment descriptor [C:\Users\ADMIN\apache-tomcat-9.0.70\conf\Catalina\localhost\WebApplication7.xml] has finished in [39] ms
16-Apr-2024 13:36:25.642 INFO [main] org.apache.catalina.startup.HostConfig.deployDescriptor Deploying deployment descriptor [C:\Users\ADMIN\apache-tomcat-9.0.70\conf\Catalina\localhost\WebApplication8.xml]
16-Apr-2024 13:36:25.644 WARNING [main] org.apache.catalina.startup.HostConfig.deployDescriptor The path attribute with value [/WebApplication8] in deployment descriptor [C:\Users\ADMIN\apache-tomcat-9.0.70\conf\Catalina\localhost\WebApplication8.xml] has been ignored
16-Apr-2024 13:36:25.648 SEVERE [main] org.apache.catalina.startup.HostConfig.deployDescriptor Error deploying deployment descriptor [C:\Users\ADMIN\apache-tomcat-9.0.70\conf\Catalina\localhost\WebApplication8.xml]
	java.lang.IllegalStateException: Error starting child
		at org.apache.catalina.core.ContainerBase.addChildInternal(ContainerBase.java:729)
		at org.apache.catalina.core.ContainerBase.addChild(ContainerBase.java:698)
		at org.apache.catalina.core.StandardHost.addChild(StandardHost.java:696)
		at org.apache.catalina.startup.HostConfig.deployDescriptor(HostConfig.java:689)
		at org.apache.catalina.startup.HostConfig$DeployDescriptor.run(HostConfig.java:1888)
		at java.base/java.util.concurrent.Executors$RunnableAdapter.call(Executors.java:539)
		at java.base/java.util.concurrent.FutureTask.run(FutureTask.java:264)
		at org.apache.tomcat.util.threads.InlineExecutorService.execute(InlineExecutorService.java:75)
		at java.base/java.util.concurrent.AbstractExecutorService.submit(AbstractExecutorService.java:123)
		at org.apache.catalina.startup.HostConfig.deployDescriptors(HostConfig.java:582)
		at org.apache.catalina.startup.HostConfig.deployApps(HostConfig.java:472)
		at org.apache.catalina.startup.HostConfig.start(HostConfig.java:1617)
		at org.apache.catalina.startup.HostConfig.lifecycleEvent(HostConfig.java:318)
		at org.apache.catalina.util.LifecycleBase.fireLifecycleEvent(LifecycleBase.java:123)
		at org.apache.catalina.util.LifecycleBase.setStateInternal(LifecycleBase.java:423)
		at org.apache.catalina.util.LifecycleBase.setState(LifecycleBase.java:366)
		at org.apache.catalina.core.ContainerBase.startInternal(ContainerBase.java:943)
		at org.apache.catalina.core.StandardHost.startInternal(StandardHost.java:835)
		at org.apache.catalina.util.LifecycleBase.start(LifecycleBase.java:183)
		at org.apache.catalina.core.ContainerBase$StartChild.call(ContainerBase.java:1393)
		at org.apache.catalina.core.ContainerBase$StartChild.call(ContainerBase.java:1383)
		at java.base/java.util.concurrent.FutureTask.run(FutureTask.java:264)
		at org.apache.tomcat.util.threads.InlineExecutorService.execute(InlineExecutorService.java:75)
		at java.base/java.util.concurrent.AbstractExecutorService.submit(AbstractExecutorService.java:145)
		at org.apache.catalina.core.ContainerBase.startInternal(ContainerBase.java:916)
		at org.apache.catalina.core.StandardEngine.startInternal(StandardEngine.java:265)
		at org.apache.catalina.util.LifecycleBase.start(LifecycleBase.java:183)
		at org.apache.catalina.core.StandardService.startInternal(StandardService.java:430)
		at org.apache.catalina.util.LifecycleBase.start(LifecycleBase.java:183)
		at org.apache.catalina.core.StandardServer.startInternal(StandardServer.java:930)
		at org.apache.catalina.util.LifecycleBase.start(LifecycleBase.java:183)
		at org.apache.catalina.startup.Catalina.start(Catalina.java:772)
		at java.base/jdk.internal.reflect.NativeMethodAccessorImpl.invoke0(Native Method)
		at java.base/jdk.internal.reflect.NativeMethodAccessorImpl.invoke(NativeMethodAccessorImpl.java:77)
		at java.base/jdk.internal.reflect.DelegatingMethodAccessorImpl.invoke(DelegatingMethodAccessorImpl.java:43)
		at java.base/java.lang.reflect.Method.invoke(Method.java:568)
		at org.apache.catalina.startup.Bootstrap.start(Bootstrap.java:347)
		at org.apache.catalina.startup.Bootstrap.main(Bootstrap.java:478)
	Caused by: org.apache.catalina.LifecycleException: Failed to start component [org.apache.catalina.webresources.StandardRoot@788b0c96]
		at org.apache.catalina.util.LifecycleBase.handleSubClassException(LifecycleBase.java:440)
		at org.apache.catalina.util.LifecycleBase.start(LifecycleBase.java:198)
		at org.apache.catalina.core.StandardContext.resourcesStart(StandardContext.java:4881)
		at org.apache.catalina.core.StandardContext.startInternal(StandardContext.java:5014)
		at org.apache.catalina.util.LifecycleBase.start(LifecycleBase.java:183)
		at org.apache.catalina.core.ContainerBase.addChildInternal(ContainerBase.java:726)
		... 37 more
	Caused by: java.lang.IllegalArgumentException: The main resource set specified [D:\prj301\WebApplication8\build\web] is not valid
		at org.apache.catalina.webresources.StandardRoot.createMainResourceSet(StandardRoot.java:777)
		at org.apache.catalina.webresources.StandardRoot.startInternal(StandardRoot.java:734)
		at org.apache.catalina.util.LifecycleBase.start(LifecycleBase.java:183)
		... 41 more
16-Apr-2024 13:36:25.723 INFO [main] org.apache.catalina.startup.HostConfig.deployDescriptor Deployment of deployment descriptor [C:\Users\ADMIN\apache-tomcat-9.0.70\conf\Catalina\localhost\WebApplication8.xml] has finished in [81] ms
16-Apr-2024 13:36:25.724 INFO [main] org.apache.catalina.startup.HostConfig.deployDescriptor Deploying deployment descriptor [C:\Users\ADMIN\apache-tomcat-9.0.70\conf\Catalina\localhost\Workshop1.xml]
16-Apr-2024 13:36:25.725 WARNING [main] org.apache.catalina.startup.HostConfig.deployDescriptor The path attribute with value [/Workshop1] in deployment descriptor [C:\Users\ADMIN\apache-tomcat-9.0.70\conf\Catalina\localhost\Workshop1.xml] has been ignored
16-Apr-2024 13:36:25.969 INFO [main] org.apache.jasper.servlet.TldScanner.scanJars At least one JAR was scanned for TLDs yet contained no TLDs. Enable debug logging for this logger for a complete list of JARs that were scanned but no TLDs were found in them. Skipping unneeded JARs during scanning can improve startup time and JSP compilation time.
16-Apr-2024 13:36:25.976 INFO [main] org.apache.catalina.startup.HostConfig.deployDescriptor Deployment of deployment descriptor [C:\Users\ADMIN\apache-tomcat-9.0.70\conf\Catalina\localhost\Workshop1.xml] has finished in [252] ms
16-Apr-2024 13:36:25.976 INFO [main] org.apache.catalina.startup.HostConfig.deployDescriptor Deploying deployment descriptor [C:\Users\ADMIN\apache-tomcat-9.0.70\conf\Catalina\localhost\WS1.xml]
16-Apr-2024 13:36:25.977 WARNING [main] org.apache.catalina.startup.HostConfig.deployDescriptor The path attribute with value [/WS1] in deployment descriptor [C:\Users\ADMIN\apache-tomcat-9.0.70\conf\Catalina\localhost\WS1.xml] has been ignored
16-Apr-2024 13:36:26.047 INFO [main] org.apache.jasper.servlet.TldScanner.scanJars At least one JAR was scanned for TLDs yet contained no TLDs. Enable debug logging for this logger for a complete list of JARs that were scanned but no TLDs were found in them. Skipping unneeded JARs during scanning can improve startup time and JSP compilation time.
16-Apr-2024 13:36:26.049 INFO [main] org.apache.catalina.startup.HostConfig.deployDescriptor Deployment of deployment descriptor [C:\Users\ADMIN\apache-tomcat-9.0.70\conf\Catalina\localhost\WS1.xml] has finished in [73] ms
16-Apr-2024 13:36:26.049 INFO [main] org.apache.catalina.startup.HostConfig.deployDescriptor Deploying deployment descriptor [C:\Users\ADMIN\apache-tomcat-9.0.70\conf\Catalina\localhost\Ws1tr.xml]
16-Apr-2024 13:36:26.050 WARNING [main] org.apache.catalina.startup.HostConfig.deployDescriptor The path attribute with value [/Ws1tr] in deployment descriptor [C:\Users\ADMIN\apache-tomcat-9.0.70\conf\Catalina\localhost\Ws1tr.xml] has been ignored
16-Apr-2024 13:36:26.262 INFO [main] org.apache.jasper.servlet.TldScanner.scanJars At least one JAR was scanned for TLDs yet contained no TLDs. Enable debug logging for this logger for a complete list of JARs that were scanned but no TLDs were found in them. Skipping unneeded JARs during scanning can improve startup time and JSP compilation time.
16-Apr-2024 13:36:26.271 INFO [main] org.apache.catalina.startup.HostConfig.deployDescriptor Deployment of deployment descriptor [C:\Users\ADMIN\apache-tomcat-9.0.70\conf\Catalina\localhost\Ws1tr.xml] has finished in [221] ms
16-Apr-2024 13:36:26.272 INFO [main] org.apache.catalina.startup.HostConfig.deployDescriptor Deploying deployment descriptor [C:\Users\ADMIN\apache-tomcat-9.0.70\conf\Catalina\localhost\Ws2tr.xml]
16-Apr-2024 13:36:26.273 WARNING [main] org.apache.catalina.startup.HostConfig.deployDescriptor The path attribute with value [/Ws2tr] in deployment descriptor [C:\Users\ADMIN\apache-tomcat-9.0.70\conf\Catalina\localhost\Ws2tr.xml] has been ignored
16-Apr-2024 13:36:26.499 INFO [main] org.apache.jasper.servlet.TldScanner.scanJars At least one JAR was scanned for TLDs yet contained no TLDs. Enable debug logging for this logger for a complete list of JARs that were scanned but no TLDs were found in them. Skipping unneeded JARs during scanning can improve startup time and JSP compilation time.
16-Apr-2024 13:36:26.507 INFO [main] org.apache.catalina.startup.HostConfig.deployDescriptor Deployment of deployment descriptor [C:\Users\ADMIN\apache-tomcat-9.0.70\conf\Catalina\localhost\Ws2tr.xml] has finished in [235] ms
16-Apr-2024 13:36:26.508 INFO [main] org.apache.catalina.startup.HostConfig.deployDirectory Deploying web application directory [C:\Users\ADMIN\apache-tomcat-9.0.70\webapps\docs]
16-Apr-2024 13:36:26.523 INFO [main] org.apache.catalina.startup.HostConfig.deployDirectory Deployment of web application directory [C:\Users\ADMIN\apache-tomcat-9.0.70\webapps\docs] has finished in [15] ms
16-Apr-2024 13:36:26.523 INFO [main] org.apache.catalina.startup.HostConfig.deployDirectory Deploying web application directory [C:\Users\ADMIN\apache-tomcat-9.0.70\webapps\examples]
16-Apr-2024 13:36:26.734 INFO [main] org.apache.catalina.startup.HostConfig.deployDirectory Deployment of web application directory [C:\Users\ADMIN\apache-tomcat-9.0.70\webapps\examples] has finished in [211] ms
16-Apr-2024 13:36:26.734 INFO [main] org.apache.catalina.startup.HostConfig.deployDirectory Deploying web application directory [C:\Users\ADMIN\apache-tomcat-9.0.70\webapps\host-manager]
16-Apr-2024 13:36:26.752 INFO [main] org.apache.catalina.startup.HostConfig.deployDirectory Deployment of web application directory [C:\Users\ADMIN\apache-tomcat-9.0.70\webapps\host-manager] has finished in [18] ms
16-Apr-2024 13:36:26.752 INFO [main] org.apache.catalina.startup.HostConfig.deployDirectory Deploying web application directory [C:\Users\ADMIN\apache-tomcat-9.0.70\webapps\manager]
16-Apr-2024 13:36:26.775 INFO [main] org.apache.catalina.startup.HostConfig.deployDirectory Deployment of web application directory [C:\Users\ADMIN\apache-tomcat-9.0.70\webapps\manager] has finished in [23] ms
16-Apr-2024 13:36:26.775 INFO [main] org.apache.catalina.startup.HostConfig.deployDirectory Deploying web application directory [C:\Users\ADMIN\apache-tomcat-9.0.70\webapps\ROOT]
16-Apr-2024 13:36:26.788 INFO [main] org.apache.catalina.startup.HostConfig.deployDirectory Deployment of web application directory [C:\Users\ADMIN\apache-tomcat-9.0.70\webapps\ROOT] has finished in [13] ms
16-Apr-2024 13:36:26.790 INFO [main] org.apache.coyote.AbstractProtocol.start Starting ProtocolHandler ["http-nio-8080"]
16-Apr-2024 13:36:26.826 INFO [main] org.apache.catalina.startup.Catalina.start Server startup in [6864] milliseconds
16-Apr-2024 13:36:28.112 INFO [http-nio-8080-exec-2] org.apache.catalina.startup.HostConfig.deployDescriptor Deploying deployment descriptor [C:\Users\ADMIN\apache-tomcat-9.0.70\conf\Catalina\localhost\BookStoreKhaiTam.xml]
16-Apr-2024 13:36:28.113 WARNING [http-nio-8080-exec-2] org.apache.catalina.startup.HostConfig.deployDescriptor The path attribute with value [/BookStoreKhaiTam] in deployment descriptor [C:\Users\ADMIN\apache-tomcat-9.0.70\conf\Catalina\localhost\BookStoreKhaiTam.xml] has been ignored
16-Apr-2024 13:36:28.134 INFO [http-nio-8080-exec-2] org.apache.catalina.startup.HostConfig.deployDescriptor Deployment of deployment descriptor [C:\Users\ADMIN\apache-tomcat-9.0.70\conf\Catalina\localhost\BookStoreKhaiTam.xml] has finished in [22] ms
16-Apr-2024 13:36:28.139 INFO [http-nio-8080-exec-4] org.apache.catalina.util.LifecycleBase.start The start() method was called on component [StandardEngine[Catalina].StandardHost[localhost].StandardContext[/BookStoreKhaiTam]] after start() had already been called. The second call will be ignored.
