15-Mar-2024 05:09:30.445 INFO [http-nio-8080-exec-5] org.apache.catalina.core.ApplicationContext.log Manager: init: Associated with Deployer 'Catalina:type=Deployer,host=localhost'
15-Mar-2024 05:09:30.445 INFO [http-nio-8080-exec-5] org.apache.catalina.core.ApplicationContext.log Manager: init: Global resources are available
15-Mar-2024 05:09:30.709 INFO [http-nio-8080-exec-10] org.apache.catalina.core.ApplicationContext.log Manager: list: Listing contexts for virtual host 'localhost'
15-Mar-2024 05:09:30.733 INFO [http-nio-8080-exec-1] org.apache.catalina.core.ApplicationContext.log Manager: list: Listing contexts for virtual host 'localhost'
15-Mar-2024 05:09:30.746 INFO [http-nio-8080-exec-5] org.apache.catalina.core.ApplicationContext.log Manager: install: Installing context configuration at 'file:/C:/Users/ADMIN/AppData/Local/Temp/context1275715421922279683.xml'
15-Mar-2024 05:09:30.775 INFO [http-nio-8080-exec-6] org.apache.catalina.core.ApplicationContext.log Manager: start: Starting web application '/AssignmentTruong'
15-Mar-2024 05:10:39.497 INFO [http-nio-8080-exec-3] org.apache.catalina.core.ApplicationContext.log Manager: init: Associated with Deployer 'Catalina:type=Deployer,host=localhost'
15-Mar-2024 05:10:39.498 INFO [http-nio-8080-exec-3] org.apache.catalina.core.ApplicationContext.log Manager: init: Global resources are available
15-Mar-2024 05:10:40.197 INFO [http-nio-8080-exec-1] org.apache.catalina.core.ApplicationContext.log Manager: list: Listing contexts for virtual host 'localhost'
15-Mar-2024 05:10:40.202 INFO [http-nio-8080-exec-5] org.apache.catalina.core.ApplicationContext.log Manager: list: Listing contexts for virtual host 'localhost'
15-Mar-2024 05:10:40.227 INFO [http-nio-8080-exec-8] org.apache.catalina.core.ApplicationContext.log Manager: undeploy: Undeploying web application at '/AssignmentTruong'
15-Mar-2024 05:10:40.748 INFO [http-nio-8080-exec-6] org.apache.catalina.core.ApplicationContext.log Manager: install: Installing context configuration at 'file:/C:/Users/ADMIN/AppData/Local/Temp/context6312652278327819919.xml'
15-Mar-2024 05:10:40.773 INFO [http-nio-8080-exec-4] org.apache.catalina.core.ApplicationContext.log Manager: start: Starting web application '/AssignmentTruong'
15-Mar-2024 05:11:15.865 INFO [http-nio-8080-exec-4] org.apache.catalina.core.ApplicationContext.log Manager: list: Listing contexts for virtual host 'localhost'
15-Mar-2024 05:11:15.869 INFO [http-nio-8080-exec-11] org.apache.catalina.core.ApplicationContext.log Manager: list: Listing contexts for virtual host 'localhost'
15-Mar-2024 05:11:15.891 INFO [http-nio-8080-exec-1] org.apache.catalina.core.ApplicationContext.log Manager: undeploy: Undeploying web application at '/AssignmentTruong'
15-Mar-2024 05:11:16.415 INFO [http-nio-8080-exec-12] org.apache.catalina.core.ApplicationContext.log Manager: install: Installing context configuration at 'file:/C:/Users/ADMIN/AppData/Local/Temp/context6528603683826355404.xml'
15-Mar-2024 05:11:16.437 INFO [http-nio-8080-exec-7] org.apache.catalina.core.ApplicationContext.log Manager: start: Starting web application '/AssignmentTruong'
15-Mar-2024 05:13:11.856 INFO [http-nio-8080-exec-20] org.apache.catalina.core.ApplicationContext.log Manager: list: Listing contexts for virtual host 'localhost'
15-Mar-2024 05:13:11.865 INFO [http-nio-8080-exec-18] org.apache.catalina.core.ApplicationContext.log Manager: restart: Reloading web application '/AssignmentTruong'
15-Mar-2024 05:13:14.834 INFO [http-nio-8080-exec-14] org.apache.catalina.core.ApplicationContext.log Manager: list: Listing contexts for virtual host 'localhost'
15-Mar-2024 05:13:14.837 INFO [http-nio-8080-exec-21] org.apache.catalina.core.ApplicationContext.log Manager: list: Listing contexts for virtual host 'localhost'
15-Mar-2024 05:13:14.859 INFO [http-nio-8080-exec-10] org.apache.catalina.core.ApplicationContext.log Manager: restart: Reloading web application '/AssignmentTruong'
15-Mar-2024 05:13:26.281 INFO [http-nio-8080-exec-12] org.apache.catalina.core.ApplicationContext.log Manager: list: Listing contexts for virtual host 'localhost'
15-Mar-2024 05:13:26.283 INFO [http-nio-8080-exec-20] org.apache.catalina.core.ApplicationContext.log Manager: list: Listing contexts for virtual host 'localhost'
15-Mar-2024 05:13:26.301 INFO [http-nio-8080-exec-23] org.apache.catalina.core.ApplicationContext.log Manager: undeploy: Undeploying web application at '/AssignmentTruong'
15-Mar-2024 05:13:26.822 INFO [http-nio-8080-exec-14] org.apache.catalina.core.ApplicationContext.log Manager: install: Installing context configuration at 'file:/C:/Users/ADMIN/AppData/Local/Temp/context6842789343022230407.xml'
15-Mar-2024 05:13:26.842 INFO [http-nio-8080-exec-12] org.apache.catalina.core.ApplicationContext.log Manager: start: Starting web application '/AssignmentTruong'
15-Mar-2024 05:14:05.288 INFO [http-nio-8080-exec-10] org.apache.catalina.core.ApplicationContext.log Manager: list: Listing contexts for virtual host 'localhost'
15-Mar-2024 05:14:05.290 INFO [http-nio-8080-exec-22] org.apache.catalina.core.ApplicationContext.log Manager: list: Listing contexts for virtual host 'localhost'
15-Mar-2024 05:14:05.308 INFO [http-nio-8080-exec-21] org.apache.catalina.core.ApplicationContext.log Manager: undeploy: Undeploying web application at '/AssignmentTruong'
15-Mar-2024 05:14:05.834 INFO [http-nio-8080-exec-26] org.apache.catalina.core.ApplicationContext.log Manager: install: Installing context configuration at 'file:/C:/Users/ADMIN/AppData/Local/Temp/context3509756877711625264.xml'
15-Mar-2024 05:14:05.854 INFO [http-nio-8080-exec-27] org.apache.catalina.core.ApplicationContext.log Manager: start: Starting web application '/AssignmentTruong'
15-Mar-2024 05:14:47.012 INFO [http-nio-8080-exec-27] org.apache.catalina.core.ApplicationContext.log Manager: list: Listing contexts for virtual host 'localhost'
15-Mar-2024 05:14:47.014 INFO [http-nio-8080-exec-30] org.apache.catalina.core.ApplicationContext.log Manager: list: Listing contexts for virtual host 'localhost'
15-Mar-2024 05:14:47.031 INFO [http-nio-8080-exec-22] org.apache.catalina.core.ApplicationContext.log Manager: undeploy: Undeploying web application at '/AssignmentTruong'
15-Mar-2024 05:14:47.550 INFO [http-nio-8080-exec-32] org.apache.catalina.core.ApplicationContext.log Manager: install: Installing context configuration at 'file:/C:/Users/ADMIN/AppData/Local/Temp/context5431233408944404981.xml'
15-Mar-2024 05:14:47.605 INFO [http-nio-8080-exec-25] org.apache.catalina.core.ApplicationContext.log Manager: start: Starting web application '/AssignmentTruong'
15-Mar-2024 05:17:09.662 INFO [http-nio-8080-exec-40] org.apache.catalina.core.ApplicationContext.log Manager: list: Listing contexts for virtual host 'localhost'
15-Mar-2024 05:17:09.664 INFO [http-nio-8080-exec-33] org.apache.catalina.core.ApplicationContext.log Manager: list: Listing contexts for virtual host 'localhost'
15-Mar-2024 05:17:09.680 INFO [http-nio-8080-exec-38] org.apache.catalina.core.ApplicationContext.log Manager: undeploy: Undeploying web application at '/AssignmentTruong'
15-Mar-2024 05:17:10.209 INFO [http-nio-8080-exec-39] org.apache.catalina.core.ApplicationContext.log Manager: install: Installing context configuration at 'file:/C:/Users/ADMIN/AppData/Local/Temp/context3219285914831114098.xml'
15-Mar-2024 05:17:27.148 INFO [http-nio-8080-exec-35] org.apache.catalina.core.ApplicationContext.log Manager: list: Listing contexts for virtual host 'localhost'
15-Mar-2024 05:17:27.150 INFO [http-nio-8080-exec-25] org.apache.catalina.core.ApplicationContext.log Manager: list: Listing contexts for virtual host 'localhost'
15-Mar-2024 05:17:27.168 INFO [http-nio-8080-exec-42] org.apache.catalina.core.ApplicationContext.log Manager: install: Installing context configuration at 'file:/C:/Users/ADMIN/AppData/Local/Temp/context5378680775426989592.xml'
15-Mar-2024 05:17:27.237 INFO [http-nio-8080-exec-43] org.apache.catalina.core.ApplicationContext.log Manager: start: Starting web application '/AssignmentTruong'
15-Mar-2024 05:21:42.246 INFO [http-nio-8080-exec-48] org.apache.catalina.core.ApplicationContext.log Manager: list: Listing contexts for virtual host 'localhost'
15-Mar-2024 05:21:42.249 INFO [http-nio-8080-exec-42] org.apache.catalina.core.ApplicationContext.log Manager: list: Listing contexts for virtual host 'localhost'
15-Mar-2024 05:21:42.266 INFO [http-nio-8080-exec-44] org.apache.catalina.core.ApplicationContext.log Manager: undeploy: Undeploying web application at '/AssignmentTruong'
15-Mar-2024 05:21:42.788 INFO [http-nio-8080-exec-42] org.apache.catalina.core.ApplicationContext.log Manager: install: Installing context configuration at 'file:/C:/Users/ADMIN/AppData/Local/Temp/context1024737373567311136.xml'
15-Mar-2024 05:21:42.841 INFO [http-nio-8080-exec-47] org.apache.catalina.core.ApplicationContext.log Manager: start: Starting web application '/AssignmentTruong'
15-Mar-2024 05:21:42.851 INFO [http-nio-8080-exec-41] org.apache.catalina.core.ApplicationContext.log Manager: list: Listing contexts for virtual host 'localhost'
15-Mar-2024 05:21:42.857 INFO [http-nio-8080-exec-46] org.apache.catalina.core.ApplicationContext.log Manager: restart: Reloading web application '/AssignmentTruong'
15-Mar-2024 05:22:27.175 INFO [http-nio-8080-exec-49] org.apache.catalina.core.ApplicationContext.log Manager: list: Listing contexts for virtual host 'localhost'
15-Mar-2024 05:22:27.181 INFO [http-nio-8080-exec-43] org.apache.catalina.core.ApplicationContext.log Manager: restart: Reloading web application '/AssignmentTruong'
15-Mar-2024 05:22:36.924 INFO [http-nio-8080-exec-42] org.apache.catalina.core.ApplicationContext.log Manager: list: Listing contexts for virtual host 'localhost'
15-Mar-2024 05:22:36.928 INFO [http-nio-8080-exec-51] org.apache.catalina.core.ApplicationContext.log Manager: restart: Reloading web application '/AssignmentTruong'
15-Mar-2024 05:22:54.865 INFO [http-nio-8080-exec-52] org.apache.catalina.core.ApplicationContext.log Manager: list: Listing contexts for virtual host 'localhost'
15-Mar-2024 05:22:54.869 INFO [http-nio-8080-exec-43] org.apache.catalina.core.ApplicationContext.log Manager: restart: Reloading web application '/AssignmentTruong'
15-Mar-2024 05:25:19.213 INFO [http-nio-8080-exec-56] org.apache.catalina.core.ApplicationContext.log Manager: list: Listing contexts for virtual host 'localhost'
15-Mar-2024 05:25:19.217 INFO [http-nio-8080-exec-43] org.apache.catalina.core.ApplicationContext.log Manager: restart: Reloading web application '/AssignmentTruong'
15-Mar-2024 05:25:47.560 INFO [http-nio-8080-exec-57] org.apache.catalina.core.ApplicationContext.log Manager: list: Listing contexts for virtual host 'localhost'
15-Mar-2024 05:25:47.564 INFO [http-nio-8080-exec-45] org.apache.catalina.core.ApplicationContext.log Manager: restart: Reloading web application '/AssignmentTruong'
15-Mar-2024 05:25:48.702 INFO [http-nio-8080-exec-52] org.apache.catalina.core.ApplicationContext.log Manager: list: Listing contexts for virtual host 'localhost'
15-Mar-2024 05:26:20.559 INFO [http-nio-8080-exec-58] org.apache.catalina.core.ApplicationContext.log Manager: list: Listing contexts for virtual host 'localhost'
15-Mar-2024 05:26:20.562 INFO [http-nio-8080-exec-59] org.apache.catalina.core.ApplicationContext.log Manager: restart: Reloading web application '/AssignmentTruong'
15-Mar-2024 05:27:17.308 INFO [http-nio-8080-exec-55] org.apache.catalina.core.ApplicationContext.log Manager: list: Listing contexts for virtual host 'localhost'
15-Mar-2024 05:27:17.313 INFO [http-nio-8080-exec-54] org.apache.catalina.core.ApplicationContext.log Manager: restart: Reloading web application '/AssignmentTruong'
15-Mar-2024 05:27:22.399 INFO [http-nio-8080-exec-50] org.apache.catalina.core.ApplicationContext.log Manager: list: Listing contexts for virtual host 'localhost'
15-Mar-2024 05:27:22.403 INFO [http-nio-8080-exec-59] org.apache.catalina.core.ApplicationContext.log Manager: restart: Reloading web application '/AssignmentTruong'
15-Mar-2024 05:34:22.913 INFO [http-nio-8080-exec-59] org.apache.catalina.core.ApplicationContext.log Manager: list: Listing contexts for virtual host 'localhost'
15-Mar-2024 05:34:22.916 INFO [http-nio-8080-exec-63] org.apache.catalina.core.ApplicationContext.log Manager: list: Listing contexts for virtual host 'localhost'
15-Mar-2024 05:34:23.132 INFO [http-nio-8080-exec-67] org.apache.catalina.core.ApplicationContext.log Manager: stop: Stopping web application '/AssignmentTruong'
15-Mar-2024 05:34:23.139 INFO [http-nio-8080-exec-66] org.apache.catalina.core.ApplicationContext.log Manager: start: Starting web application '/AssignmentTruong'
15-Mar-2024 05:34:59.462 INFO [http-nio-8080-exec-70] org.apache.catalina.core.ApplicationContext.log Manager: list: Listing contexts for virtual host 'localhost'
15-Mar-2024 05:34:59.469 INFO [http-nio-8080-exec-72] org.apache.catalina.core.ApplicationContext.log Manager: restart: Reloading web application '/AssignmentTruong'
15-Mar-2024 05:35:02.617 INFO [http-nio-8080-exec-70] org.apache.catalina.core.ApplicationContext.log Manager: list: Listing contexts for virtual host 'localhost'
15-Mar-2024 05:35:02.622 INFO [http-nio-8080-exec-73] org.apache.catalina.core.ApplicationContext.log Manager: restart: Reloading web application '/AssignmentTruong'
15-Mar-2024 05:35:05.287 INFO [http-nio-8080-exec-45] org.apache.catalina.core.ApplicationContext.log Manager: list: Listing contexts for virtual host 'localhost'
15-Mar-2024 05:35:05.289 INFO [http-nio-8080-exec-77] org.apache.catalina.core.ApplicationContext.log Manager: list: Listing contexts for virtual host 'localhost'
15-Mar-2024 05:35:05.307 INFO [http-nio-8080-exec-59] org.apache.catalina.core.ApplicationContext.log Manager: restart: Reloading web application '/AssignmentTruong'
15-Mar-2024 05:35:59.178 INFO [http-nio-8080-exec-77] org.apache.catalina.core.ApplicationContext.log Manager: list: Listing contexts for virtual host 'localhost'
15-Mar-2024 05:35:59.184 INFO [http-nio-8080-exec-79] org.apache.catalina.core.ApplicationContext.log Manager: restart: Reloading web application '/AssignmentTruong'
15-Mar-2024 05:36:17.995 INFO [http-nio-8080-exec-72] org.apache.catalina.core.ApplicationContext.log Manager: list: Listing contexts for virtual host 'localhost'
15-Mar-2024 05:36:17.998 INFO [http-nio-8080-exec-77] org.apache.catalina.core.ApplicationContext.log Manager: restart: Reloading web application '/AssignmentTruong'
15-Mar-2024 05:37:30.227 INFO [http-nio-8080-exec-86] org.apache.catalina.core.ApplicationContext.log Manager: list: Listing contexts for virtual host 'localhost'
15-Mar-2024 05:37:33.941 INFO [http-nio-8080-exec-77] org.apache.catalina.core.ApplicationContext.log Manager: list: Listing contexts for virtual host 'localhost'
15-Mar-2024 05:37:33.943 INFO [http-nio-8080-exec-88] org.apache.catalina.core.ApplicationContext.log Manager: list: Listing contexts for virtual host 'localhost'
15-Mar-2024 05:37:33.962 INFO [http-nio-8080-exec-87] org.apache.catalina.core.ApplicationContext.log Manager: restart: Reloading web application '/AssignmentTruong'
15-Mar-2024 05:37:55.023 INFO [http-nio-8080-exec-87] org.apache.catalina.core.ApplicationContext.log Manager: list: Listing contexts for virtual host 'localhost'
15-Mar-2024 05:40:06.073 INFO [http-nio-8080-exec-94] org.apache.catalina.core.ApplicationContext.log Manager: list: Listing contexts for virtual host 'localhost'
15-Mar-2024 05:40:15.486 INFO [http-nio-8080-exec-77] org.apache.catalina.core.ApplicationContext.log Manager: list: Listing contexts for virtual host 'localhost'
15-Mar-2024 05:40:15.488 INFO [http-nio-8080-exec-95] org.apache.catalina.core.ApplicationContext.log Manager: list: Listing contexts for virtual host 'localhost'
15-Mar-2024 05:40:44.363 INFO [http-nio-8080-exec-93] org.apache.catalina.core.ApplicationContext.log Manager: list: Listing contexts for virtual host 'localhost'
15-Mar-2024 05:41:05.488 INFO [http-nio-8080-exec-91] org.apache.catalina.core.ApplicationContext.log Manager: list: Listing contexts for virtual host 'localhost'
15-Mar-2024 05:41:23.470 INFO [http-nio-8080-exec-95] org.apache.catalina.core.ApplicationContext.log Manager: list: Listing contexts for virtual host 'localhost'
15-Mar-2024 05:41:23.479 INFO [http-nio-8080-exec-96] org.apache.catalina.core.ApplicationContext.log Manager: stop: Stopping web application '/AssignmentTruong'
15-Mar-2024 05:41:23.495 INFO [http-nio-8080-exec-98] org.apache.catalina.core.ApplicationContext.log Manager: start: Starting web application '/AssignmentTruong'
15-Mar-2024 05:41:23.938 INFO [http-nio-8080-exec-90] org.apache.catalina.core.ApplicationContext.log Manager: list: Listing contexts for virtual host 'localhost'
15-Mar-2024 05:41:23.943 INFO [http-nio-8080-exec-93] org.apache.catalina.core.ApplicationContext.log Manager: restart: Reloading web application '/AssignmentTruong'
15-Mar-2024 05:43:06.923 INFO [http-nio-8080-exec-93] org.apache.catalina.core.ApplicationContext.log Manager: list: Listing contexts for virtual host 'localhost'
15-Mar-2024 05:43:06.928 INFO [http-nio-8080-exec-98] org.apache.catalina.core.ApplicationContext.log Manager: restart: Reloading web application '/AssignmentTruong'
15-Mar-2024 05:43:07.027 INFO [http-nio-8080-exec-93] org.apache.catalina.core.ApplicationContext.log Manager: list: Listing contexts for virtual host 'localhost'
15-Mar-2024 05:43:07.030 INFO [http-nio-8080-exec-90] org.apache.catalina.core.ApplicationContext.log Manager: restart: Reloading web application '/AssignmentTruong'
15-Mar-2024 05:47:52.281 INFO [http-nio-8080-exec-105] org.apache.catalina.core.ApplicationContext.log Manager: list: Listing contexts for virtual host 'localhost'
15-Mar-2024 05:47:52.285 INFO [http-nio-8080-exec-94] org.apache.catalina.core.ApplicationContext.log Manager: restart: Reloading web application '/AssignmentTruong'
15-Mar-2024 05:48:09.368 INFO [http-nio-8080-exec-104] org.apache.catalina.core.ApplicationContext.log Manager: list: Listing contexts for virtual host 'localhost'
15-Mar-2024 05:48:09.372 INFO [http-nio-8080-exec-92] org.apache.catalina.core.ApplicationContext.log Manager: restart: Reloading web application '/AssignmentTruong'
15-Mar-2024 05:48:19.732 INFO [http-nio-8080-exec-106] org.apache.catalina.core.ApplicationContext.log Manager: list: Listing contexts for virtual host 'localhost'
15-Mar-2024 05:48:19.737 INFO [http-nio-8080-exec-94] org.apache.catalina.core.ApplicationContext.log Manager: restart: Reloading web application '/AssignmentTruong'
15-Mar-2024 05:49:21.603 INFO [http-nio-8080-exec-109] org.apache.catalina.core.ApplicationContext.log Manager: list: Listing contexts for virtual host 'localhost'
15-Mar-2024 05:49:21.608 INFO [http-nio-8080-exec-101] org.apache.catalina.core.ApplicationContext.log Manager: restart: Reloading web application '/AssignmentTruong'
15-Mar-2024 05:49:33.324 INFO [http-nio-8080-exec-102] org.apache.catalina.core.ApplicationContext.log Manager: list: Listing contexts for virtual host 'localhost'
15-Mar-2024 05:49:33.329 INFO [http-nio-8080-exec-90] org.apache.catalina.core.ApplicationContext.log Manager: restart: Reloading web application '/AssignmentTruong'
15-Mar-2024 05:49:41.467 INFO [http-nio-8080-exec-111] org.apache.catalina.core.ApplicationContext.log Manager: list: Listing contexts for virtual host 'localhost'
15-Mar-2024 05:49:41.471 INFO [http-nio-8080-exec-94] org.apache.catalina.core.ApplicationContext.log Manager: restart: Reloading web application '/AssignmentTruong'
15-Mar-2024 05:51:47.851 INFO [http-nio-8080-exec-114] org.apache.catalina.core.ApplicationContext.log Manager: list: Listing contexts for virtual host 'localhost'
15-Mar-2024 05:51:47.854 INFO [http-nio-8080-exec-90] org.apache.catalina.core.ApplicationContext.log Manager: restart: Reloading web application '/AssignmentTruong'
15-Mar-2024 05:54:31.162 INFO [http-nio-8080-exec-117] org.apache.catalina.core.ApplicationContext.log Manager: list: Listing contexts for virtual host 'localhost'
15-Mar-2024 05:56:45.901 INFO [http-nio-8080-exec-121] org.apache.catalina.core.ApplicationContext.log Manager: list: Listing contexts for virtual host 'localhost'
15-Mar-2024 05:57:22.962 INFO [http-nio-8080-exec-119] org.apache.catalina.core.ApplicationContext.log Manager: list: Listing contexts for virtual host 'localhost'
15-Mar-2024 05:57:22.966 INFO [http-nio-8080-exec-122] org.apache.catalina.core.ApplicationContext.log Manager: restart: Reloading web application '/AssignmentTruong'
15-Mar-2024 05:57:26.088 INFO [http-nio-8080-exec-117] org.apache.catalina.core.ApplicationContext.log Manager: list: Listing contexts for virtual host 'localhost'
15-Mar-2024 05:57:26.090 INFO [http-nio-8080-exec-123] org.apache.catalina.core.ApplicationContext.log Manager: list: Listing contexts for virtual host 'localhost'
15-Mar-2024 05:57:26.108 INFO [http-nio-8080-exec-119] org.apache.catalina.core.ApplicationContext.log Manager: stop: Stopping web application '/AssignmentTruong'
15-Mar-2024 05:57:26.115 INFO [http-nio-8080-exec-122] org.apache.catalina.core.ApplicationContext.log Manager: start: Starting web application '/AssignmentTruong'
15-Mar-2024 05:58:26.166 INFO [http-nio-8080-exec-125] org.apache.catalina.core.ApplicationContext.log Manager: list: Listing contexts for virtual host 'localhost'
15-Mar-2024 05:58:26.170 INFO [http-nio-8080-exec-128] org.apache.catalina.core.ApplicationContext.log Manager: restart: Reloading web application '/AssignmentTruong'
15-Mar-2024 05:58:51.058 INFO [http-nio-8080-exec-122] org.apache.catalina.core.ApplicationContext.log Manager: list: Listing contexts for virtual host 'localhost'
15-Mar-2024 05:58:51.062 INFO [http-nio-8080-exec-127] org.apache.catalina.core.ApplicationContext.log Manager: restart: Reloading web application '/AssignmentTruong'
15-Mar-2024 05:58:54.739 INFO [http-nio-8080-exec-125] org.apache.catalina.core.ApplicationContext.log Manager: list: Listing contexts for virtual host 'localhost'
15-Mar-2024 05:58:54.741 INFO [http-nio-8080-exec-131] org.apache.catalina.core.ApplicationContext.log Manager: list: Listing contexts for virtual host 'localhost'
15-Mar-2024 05:58:54.763 INFO [http-nio-8080-exec-127] org.apache.catalina.core.ApplicationContext.log Manager: restart: Reloading web application '/AssignmentTruong'
15-Mar-2024 06:00:46.741 INFO [http-nio-8080-exec-138] org.apache.catalina.core.ApplicationContext.log Manager: list: Listing contexts for virtual host 'localhost'
15-Mar-2024 06:01:41.204 INFO [http-nio-8080-exec-132] org.apache.catalina.core.ApplicationContext.log Manager: list: Listing contexts for virtual host 'localhost'
15-Mar-2024 06:04:08.168 INFO [http-nio-8080-exec-141] org.apache.catalina.core.ApplicationContext.log Manager: list: Listing contexts for virtual host 'localhost'
15-Mar-2024 06:04:08.172 INFO [http-nio-8080-exec-134] org.apache.catalina.core.ApplicationContext.log Manager: restart: Reloading web application '/AssignmentTruong'
15-Mar-2024 06:04:19.209 INFO [http-nio-8080-exec-141] org.apache.catalina.core.ApplicationContext.log Manager: list: Listing contexts for virtual host 'localhost'
15-Mar-2024 06:04:19.211 INFO [http-nio-8080-exec-143] org.apache.catalina.core.ApplicationContext.log Manager: list: Listing contexts for virtual host 'localhost'
15-Mar-2024 06:04:19.229 INFO [http-nio-8080-exec-142] org.apache.catalina.core.ApplicationContext.log Manager: restart: Reloading web application '/AssignmentTruong'
15-Mar-2024 06:04:44.036 INFO [http-nio-8080-exec-140] org.apache.catalina.core.ApplicationContext.log Manager: list: Listing contexts for virtual host 'localhost'
15-Mar-2024 06:04:44.038 INFO [http-nio-8080-exec-135] org.apache.catalina.core.ApplicationContext.log Manager: list: Listing contexts for virtual host 'localhost'
15-Mar-2024 06:04:44.059 INFO [http-nio-8080-exec-133] org.apache.catalina.core.ApplicationContext.log Manager: undeploy: Undeploying web application at '/AssignmentTruong'
15-Mar-2024 06:04:44.579 INFO [http-nio-8080-exec-141] org.apache.catalina.core.ApplicationContext.log Manager: install: Installing context configuration at 'file:/C:/Users/ADMIN/AppData/Local/Temp/context3618759729723372772.xml'
15-Mar-2024 06:04:44.664 INFO [http-nio-8080-exec-144] org.apache.catalina.core.ApplicationContext.log Manager: start: Starting web application '/AssignmentTruong'
15-Mar-2024 06:05:31.979 INFO [http-nio-8080-exec-145] org.apache.catalina.core.ApplicationContext.log Manager: list: Listing contexts for virtual host 'localhost'
15-Mar-2024 06:05:31.983 INFO [http-nio-8080-exec-146] org.apache.catalina.core.ApplicationContext.log Manager: restart: Reloading web application '/AssignmentTruong'
15-Mar-2024 06:05:37.362 INFO [http-nio-8080-exec-143] org.apache.catalina.core.ApplicationContext.log Manager: list: Listing contexts for virtual host 'localhost'
15-Mar-2024 06:05:37.364 INFO [http-nio-8080-exec-140] org.apache.catalina.core.ApplicationContext.log Manager: list: Listing contexts for virtual host 'localhost'
15-Mar-2024 06:05:37.383 INFO [http-nio-8080-exec-146] org.apache.catalina.core.ApplicationContext.log Manager: restart: Reloading web application '/AssignmentTruong'
15-Mar-2024 06:06:20.787 INFO [http-nio-8080-exec-155] org.apache.catalina.core.ApplicationContext.log Manager: list: Listing contexts for virtual host 'localhost'
15-Mar-2024 06:06:20.789 INFO [http-nio-8080-exec-156] org.apache.catalina.core.ApplicationContext.log Manager: list: Listing contexts for virtual host 'localhost'
15-Mar-2024 06:06:20.804 INFO [http-nio-8080-exec-146] org.apache.catalina.core.ApplicationContext.log Manager: undeploy: Undeploying web application at '/AssignmentTruong'
15-Mar-2024 06:06:21.324 INFO [http-nio-8080-exec-155] org.apache.catalina.core.ApplicationContext.log Manager: install: Installing context configuration at 'file:/C:/Users/ADMIN/AppData/Local/Temp/context7577836750556115753.xml'
15-Mar-2024 06:06:21.404 INFO [http-nio-8080-exec-154] org.apache.catalina.core.ApplicationContext.log Manager: start: Starting web application '/AssignmentTruong'
15-Mar-2024 06:09:29.146 INFO [http-nio-8080-exec-165] org.apache.catalina.core.ApplicationContext.log Manager: list: Listing contexts for virtual host 'localhost'
15-Mar-2024 06:09:29.149 INFO [http-nio-8080-exec-166] org.apache.catalina.core.ApplicationContext.log Manager: list: Listing contexts for virtual host 'localhost'
15-Mar-2024 06:09:29.164 INFO [http-nio-8080-exec-163] org.apache.catalina.core.ApplicationContext.log Manager: undeploy: Undeploying web application at '/AssignmentTruong'
15-Mar-2024 06:09:29.684 INFO [http-nio-8080-exec-159] org.apache.catalina.core.ApplicationContext.log Manager: install: Installing context configuration at 'file:/C:/Users/ADMIN/AppData/Local/Temp/context1963403120189213424.xml'
15-Mar-2024 06:09:29.786 INFO [http-nio-8080-exec-160] org.apache.catalina.core.ApplicationContext.log Manager: start: Starting web application '/AssignmentTruong'
15-Mar-2024 06:11:11.493 INFO [http-nio-8080-exec-162] org.apache.catalina.core.ApplicationContext.log Manager: list: Listing contexts for virtual host 'localhost'
15-Mar-2024 06:11:11.496 INFO [http-nio-8080-exec-168] org.apache.catalina.core.ApplicationContext.log Manager: list: Listing contexts for virtual host 'localhost'
15-Mar-2024 06:11:11.517 INFO [http-nio-8080-exec-171] org.apache.catalina.core.ApplicationContext.log Manager: restart: Reloading web application '/AssignmentTruong'
15-Mar-2024 06:11:23.890 INFO [http-nio-8080-exec-162] org.apache.catalina.core.ApplicationContext.log Manager: list: Listing contexts for virtual host 'localhost'
15-Mar-2024 06:11:23.891 INFO [http-nio-8080-exec-176] org.apache.catalina.core.ApplicationContext.log Manager: list: Listing contexts for virtual host 'localhost'
15-Mar-2024 06:11:23.905 INFO [http-nio-8080-exec-170] org.apache.catalina.core.ApplicationContext.log Manager: undeploy: Undeploying web application at '/AssignmentTruong'
15-Mar-2024 06:11:24.432 INFO [http-nio-8080-exec-169] org.apache.catalina.core.ApplicationContext.log Manager: install: Installing context configuration at 'file:/C:/Users/ADMIN/AppData/Local/Temp/context4771296796138927416.xml'
15-Mar-2024 06:11:24.509 INFO [http-nio-8080-exec-177] org.apache.catalina.core.ApplicationContext.log Manager: start: Starting web application '/AssignmentTruong'
15-Mar-2024 06:11:54.296 INFO [http-nio-8080-exec-179] org.apache.catalina.core.ApplicationContext.log Manager: list: Listing contexts for virtual host 'localhost'
15-Mar-2024 06:11:54.297 INFO [http-nio-8080-exec-168] org.apache.catalina.core.ApplicationContext.log Manager: list: Listing contexts for virtual host 'localhost'
15-Mar-2024 06:11:54.319 INFO [http-nio-8080-exec-172] org.apache.catalina.core.ApplicationContext.log Manager: restart: Reloading web application '/AssignmentTruong'
15-Mar-2024 06:12:11.131 INFO [http-nio-8080-exec-181] org.apache.catalina.core.ApplicationContext.log Manager: list: Listing contexts for virtual host 'localhost'
15-Mar-2024 06:12:11.133 INFO [http-nio-8080-exec-177] org.apache.catalina.core.ApplicationContext.log Manager: list: Listing contexts for virtual host 'localhost'
15-Mar-2024 06:12:11.158 INFO [http-nio-8080-exec-182] org.apache.catalina.core.ApplicationContext.log Manager: undeploy: Undeploying web application at '/AssignmentTruong'
15-Mar-2024 06:12:11.671 INFO [http-nio-8080-exec-179] org.apache.catalina.core.ApplicationContext.log Manager: install: Installing context configuration at 'file:/C:/Users/ADMIN/AppData/Local/Temp/context857216934450439142.xml'
15-Mar-2024 06:12:11.751 INFO [http-nio-8080-exec-181] org.apache.catalina.core.ApplicationContext.log Manager: start: Starting web application '/AssignmentTruong'
15-Mar-2024 06:14:38.705 INFO [http-nio-8080-exec-170] org.apache.catalina.core.ApplicationContext.log Manager: list: Listing contexts for virtual host 'localhost'
15-Mar-2024 06:14:38.707 INFO [http-nio-8080-exec-185] org.apache.catalina.core.ApplicationContext.log Manager: list: Listing contexts for virtual host 'localhost'
15-Mar-2024 06:14:38.725 INFO [http-nio-8080-exec-189] org.apache.catalina.core.ApplicationContext.log Manager: restart: Reloading web application '/AssignmentTruong'
15-Mar-2024 06:15:08.970 INFO [http-nio-8080-exec-192] org.apache.catalina.core.ApplicationContext.log Manager: list: Listing contexts for virtual host 'localhost'
15-Mar-2024 06:15:08.975 INFO [http-nio-8080-exec-194] org.apache.catalina.core.ApplicationContext.log Manager: restart: Reloading web application '/AssignmentTruong'
15-Mar-2024 06:19:33.624 INFO [http-nio-8080-exec-205] org.apache.catalina.core.ApplicationContext.log Manager: list: Listing contexts for virtual host 'localhost'
15-Mar-2024 06:19:33.626 INFO [http-nio-8080-exec-207] org.apache.catalina.core.ApplicationContext.log Manager: list: Listing contexts for virtual host 'localhost'
15-Mar-2024 06:19:33.641 INFO [http-nio-8080-exec-199] org.apache.catalina.core.ApplicationContext.log Manager: undeploy: Undeploying web application at '/AssignmentTruong'
15-Mar-2024 06:19:34.164 INFO [http-nio-8080-exec-208] org.apache.catalina.core.ApplicationContext.log Manager: install: Installing context configuration at 'file:/C:/Users/ADMIN/AppData/Local/Temp/context6918601950914533291.xml'
15-Mar-2024 06:19:34.240 INFO [http-nio-8080-exec-205] org.apache.catalina.core.ApplicationContext.log Manager: start: Starting web application '/AssignmentTruong'
15-Mar-2024 06:21:13.428 INFO [http-nio-8080-exec-215] org.apache.catalina.core.ApplicationContext.log Manager: list: Listing contexts for virtual host 'localhost'
15-Mar-2024 06:21:13.430 INFO [http-nio-8080-exec-206] org.apache.catalina.core.ApplicationContext.log Manager: list: Listing contexts for virtual host 'localhost'
15-Mar-2024 06:21:13.444 INFO [http-nio-8080-exec-210] org.apache.catalina.core.ApplicationContext.log Manager: undeploy: Undeploying web application at '/AssignmentTruong'
15-Mar-2024 06:21:13.960 INFO [http-nio-8080-exec-211] org.apache.catalina.core.ApplicationContext.log Manager: install: Installing context configuration at 'file:/C:/Users/ADMIN/AppData/Local/Temp/context6269383542579542094.xml'
15-Mar-2024 06:21:14.041 INFO [http-nio-8080-exec-215] org.apache.catalina.core.ApplicationContext.log Manager: start: Starting web application '/AssignmentTruong'
15-Mar-2024 06:24:40.290 INFO [http-nio-8080-exec-226] org.apache.catalina.core.ApplicationContext.log Manager: list: Listing contexts for virtual host 'localhost'
15-Mar-2024 06:24:40.294 INFO [http-nio-8080-exec-220] org.apache.catalina.core.ApplicationContext.log Manager: list: Listing contexts for virtual host 'localhost'
15-Mar-2024 06:24:40.318 INFO [http-nio-8080-exec-227] org.apache.catalina.core.ApplicationContext.log Manager: restart: Reloading web application '/AssignmentTruong'
15-Mar-2024 06:25:12.468 INFO [http-nio-8080-exec-219] org.apache.catalina.core.ApplicationContext.log Manager: list: Listing contexts for virtual host 'localhost'
15-Mar-2024 06:25:12.472 INFO [http-nio-8080-exec-230] org.apache.catalina.core.ApplicationContext.log Manager: list: Listing contexts for virtual host 'localhost'
15-Mar-2024 06:25:12.494 INFO [http-nio-8080-exec-224] org.apache.catalina.core.ApplicationContext.log Manager: undeploy: Undeploying web application at '/AssignmentTruong'
15-Mar-2024 06:25:13.014 INFO [http-nio-8080-exec-226] org.apache.catalina.core.ApplicationContext.log Manager: install: Installing context configuration at 'file:/C:/Users/ADMIN/AppData/Local/Temp/context7054471469423176796.xml'
15-Mar-2024 06:25:13.111 INFO [http-nio-8080-exec-231] org.apache.catalina.core.ApplicationContext.log Manager: start: Starting web application '/AssignmentTruong'
15-Mar-2024 07:27:27.198 INFO [http-nio-8080-exec-236] org.apache.catalina.core.ApplicationContext.log Manager: list: Listing contexts for virtual host 'localhost'
15-Mar-2024 07:27:31.624 INFO [http-nio-8080-exec-239] org.apache.catalina.core.ApplicationContext.log Manager: list: Listing contexts for virtual host 'localhost'
15-Mar-2024 07:27:31.625 INFO [http-nio-8080-exec-233] org.apache.catalina.core.ApplicationContext.log Manager: list: Listing contexts for virtual host 'localhost'
15-Mar-2024 07:27:54.214 INFO [http-nio-8080-exec-237] org.apache.catalina.core.ApplicationContext.log Manager: list: Listing contexts for virtual host 'localhost'
15-Mar-2024 07:27:54.216 INFO [http-nio-8080-exec-238] org.apache.catalina.core.ApplicationContext.log Manager: list: Listing contexts for virtual host 'localhost'
15-Mar-2024 07:28:20.686 INFO [http-nio-8080-exec-240] org.apache.catalina.core.ApplicationContext.log Manager: list: Listing contexts for virtual host 'localhost'
15-Mar-2024 07:28:20.690 INFO [http-nio-8080-exec-234] org.apache.catalina.core.ApplicationContext.log Manager: restart: Reloading web application '/AssignmentTruong'
15-Mar-2024 07:29:06.015 INFO [http-nio-8080-exec-235] org.apache.catalina.core.ApplicationContext.log Manager: list: Listing contexts for virtual host 'localhost'
15-Mar-2024 07:29:06.018 INFO [http-nio-8080-exec-233] org.apache.catalina.core.ApplicationContext.log Manager: list: Listing contexts for virtual host 'localhost'
15-Mar-2024 07:29:06.036 INFO [http-nio-8080-exec-242] org.apache.catalina.core.ApplicationContext.log Manager: restart: Reloading web application '/AssignmentTruong'
15-Mar-2024 07:30:15.187 INFO [http-nio-8080-exec-248] org.apache.catalina.core.ApplicationContext.log Manager: list: Listing contexts for virtual host 'localhost'
15-Mar-2024 07:30:15.191 INFO [http-nio-8080-exec-251] org.apache.catalina.core.ApplicationContext.log Manager: restart: Reloading web application '/AssignmentTruong'
15-Mar-2024 07:30:22.614 INFO [http-nio-8080-exec-244] org.apache.catalina.core.ApplicationContext.log Manager: list: Listing contexts for virtual host 'localhost'
15-Mar-2024 07:30:36.590 INFO [http-nio-8080-exec-249] org.apache.catalina.core.ApplicationContext.log Manager: list: Listing contexts for virtual host 'localhost'
15-Mar-2024 07:30:36.595 INFO [http-nio-8080-exec-247] org.apache.catalina.core.ApplicationContext.log Manager: stop: Stopping web application '/AssignmentTruong'
15-Mar-2024 07:30:36.603 INFO [http-nio-8080-exec-246] org.apache.catalina.core.ApplicationContext.log Manager: start: Starting web application '/AssignmentTruong'
15-Mar-2024 07:31:44.305 INFO [http-nio-8080-exec-253] org.apache.catalina.core.ApplicationContext.log Manager: list: Listing contexts for virtual host 'localhost'
15-Mar-2024 07:32:21.504 INFO [http-nio-8080-exec-249] org.apache.catalina.core.ApplicationContext.log Manager: list: Listing contexts for virtual host 'localhost'
15-Mar-2024 07:32:21.508 INFO [http-nio-8080-exec-250] org.apache.catalina.core.ApplicationContext.log Manager: restart: Reloading web application '/AssignmentTruong'
15-Mar-2024 07:33:54.547 INFO [http-nio-8080-exec-256] org.apache.catalina.core.ApplicationContext.log Manager: list: Listing contexts for virtual host 'localhost'
15-Mar-2024 07:33:54.551 INFO [http-nio-8080-exec-244] org.apache.catalina.core.ApplicationContext.log Manager: restart: Reloading web application '/AssignmentTruong'
15-Mar-2024 07:34:17.076 INFO [http-nio-8080-exec-254] org.apache.catalina.core.ApplicationContext.log Manager: list: Listing contexts for virtual host 'localhost'
15-Mar-2024 07:34:17.080 INFO [http-nio-8080-exec-256] org.apache.catalina.core.ApplicationContext.log Manager: restart: Reloading web application '/AssignmentTruong'
15-Mar-2024 07:35:33.191 INFO [http-nio-8080-exec-259] org.apache.catalina.core.ApplicationContext.log Manager: list: Listing contexts for virtual host 'localhost'
15-Mar-2024 07:35:35.028 INFO [http-nio-8080-exec-261] org.apache.catalina.core.ApplicationContext.log Manager: list: Listing contexts for virtual host 'localhost'
15-Mar-2024 07:35:35.031 INFO [http-nio-8080-exec-254] org.apache.catalina.core.ApplicationContext.log Manager: restart: Reloading web application '/AssignmentTruong'
15-Mar-2024 07:36:19.565 INFO [http-nio-8080-exec-259] org.apache.catalina.core.ApplicationContext.log Manager: list: Listing contexts for virtual host 'localhost'
15-Mar-2024 07:36:19.569 INFO [http-nio-8080-exec-258] org.apache.catalina.core.ApplicationContext.log Manager: restart: Reloading web application '/AssignmentTruong'
15-Mar-2024 07:36:49.784 INFO [http-nio-8080-exec-260] org.apache.catalina.core.ApplicationContext.log Manager: list: Listing contexts for virtual host 'localhost'
15-Mar-2024 07:36:49.788 INFO [http-nio-8080-exec-256] org.apache.catalina.core.ApplicationContext.log Manager: restart: Reloading web application '/AssignmentTruong'
15-Mar-2024 07:37:20.125 INFO [http-nio-8080-exec-262] org.apache.catalina.core.ApplicationContext.log Manager: list: Listing contexts for virtual host 'localhost'
15-Mar-2024 07:37:20.129 INFO [http-nio-8080-exec-247] org.apache.catalina.core.ApplicationContext.log Manager: restart: Reloading web application '/AssignmentTruong'
15-Mar-2024 07:38:44.218 INFO [http-nio-8080-exec-265] org.apache.catalina.core.ApplicationContext.log Manager: list: Listing contexts for virtual host 'localhost'
15-Mar-2024 07:38:44.222 INFO [http-nio-8080-exec-259] org.apache.catalina.core.ApplicationContext.log Manager: restart: Reloading web application '/AssignmentTruong'
15-Mar-2024 07:39:54.342 INFO [http-nio-8080-exec-267] org.apache.catalina.core.ApplicationContext.log Manager: list: Listing contexts for virtual host 'localhost'
15-Mar-2024 07:39:57.493 INFO [http-nio-8080-exec-263] org.apache.catalina.core.ApplicationContext.log Manager: list: Listing contexts for virtual host 'localhost'
15-Mar-2024 07:39:57.496 INFO [http-nio-8080-exec-258] org.apache.catalina.core.ApplicationContext.log Manager: list: Listing contexts for virtual host 'localhost'
15-Mar-2024 07:39:57.513 INFO [http-nio-8080-exec-267] org.apache.catalina.core.ApplicationContext.log Manager: stop: Stopping web application '/AssignmentTruong'
15-Mar-2024 07:39:57.519 INFO [http-nio-8080-exec-268] org.apache.catalina.core.ApplicationContext.log Manager: start: Starting web application '/AssignmentTruong'
15-Mar-2024 07:42:49.705 INFO [http-nio-8080-exec-257] org.apache.catalina.core.ApplicationContext.log Manager: list: Listing contexts for virtual host 'localhost'
15-Mar-2024 07:42:49.707 INFO [http-nio-8080-exec-274] org.apache.catalina.core.ApplicationContext.log Manager: list: Listing contexts for virtual host 'localhost'
15-Mar-2024 07:42:49.721 INFO [http-nio-8080-exec-275] org.apache.catalina.core.ApplicationContext.log Manager: undeploy: Undeploying web application at '/AssignmentTruong'
15-Mar-2024 07:42:50.245 INFO [http-nio-8080-exec-269] org.apache.catalina.core.ApplicationContext.log Manager: install: Installing context configuration at 'file:/C:/Users/ADMIN/AppData/Local/Temp/context8588832318676184076.xml'
15-Mar-2024 07:42:50.325 INFO [http-nio-8080-exec-274] org.apache.catalina.core.ApplicationContext.log Manager: start: Starting web application '/AssignmentTruong'
15-Mar-2024 07:44:27.842 INFO [http-nio-8080-exec-284] org.apache.catalina.core.ApplicationContext.log Manager: list: Listing contexts for virtual host 'localhost'
15-Mar-2024 07:44:27.846 INFO [http-nio-8080-exec-282] org.apache.catalina.core.ApplicationContext.log Manager: restart: Reloading web application '/AssignmentTruong'
15-Mar-2024 07:44:33.173 INFO [http-nio-8080-exec-280] org.apache.catalina.core.ApplicationContext.log Manager: list: Listing contexts for virtual host 'localhost'
15-Mar-2024 07:44:33.175 INFO [http-nio-8080-exec-283] org.apache.catalina.core.ApplicationContext.log Manager: list: Listing contexts for virtual host 'localhost'
15-Mar-2024 07:44:33.192 INFO [http-nio-8080-exec-278] org.apache.catalina.core.ApplicationContext.log Manager: restart: Reloading web application '/AssignmentTruong'
15-Mar-2024 07:45:21.290 INFO [http-nio-8080-exec-286] org.apache.catalina.core.ApplicationContext.log Manager: list: Listing contexts for virtual host 'localhost'
15-Mar-2024 07:45:21.294 INFO [http-nio-8080-exec-288] org.apache.catalina.core.ApplicationContext.log Manager: restart: Reloading web application '/AssignmentTruong'
15-Mar-2024 07:45:24.903 INFO [http-nio-8080-exec-291] org.apache.catalina.core.ApplicationContext.log Manager: list: Listing contexts for virtual host 'localhost'
15-Mar-2024 07:45:24.906 INFO [http-nio-8080-exec-292] org.apache.catalina.core.ApplicationContext.log Manager: list: Listing contexts for virtual host 'localhost'
15-Mar-2024 07:45:24.925 INFO [http-nio-8080-exec-276] org.apache.catalina.core.ApplicationContext.log Manager: restart: Reloading web application '/AssignmentTruong'
15-Mar-2024 08:07:30.443 INFO [http-nio-8080-exec-301] org.apache.catalina.core.ApplicationContext.log Manager: list: Listing contexts for virtual host 'localhost'
15-Mar-2024 08:07:30.444 INFO [http-nio-8080-exec-293] org.apache.catalina.core.ApplicationContext.log Manager: list: Listing contexts for virtual host 'localhost'
15-Mar-2024 08:08:52.775 INFO [http-nio-8080-exec-299] org.apache.catalina.core.ApplicationContext.log Manager: list: Listing contexts for virtual host 'localhost'
15-Mar-2024 08:08:52.778 INFO [http-nio-8080-exec-302] org.apache.catalina.core.ApplicationContext.log Manager: restart: Reloading web application '/AssignmentTruong'
15-Mar-2024 08:08:56.781 INFO [http-nio-8080-exec-294] org.apache.catalina.core.ApplicationContext.log Manager: list: Listing contexts for virtual host 'localhost'
15-Mar-2024 08:08:56.783 INFO [http-nio-8080-exec-296] org.apache.catalina.core.ApplicationContext.log Manager: list: Listing contexts for virtual host 'localhost'
15-Mar-2024 08:08:56.800 INFO [http-nio-8080-exec-300] org.apache.catalina.core.ApplicationContext.log Manager: restart: Reloading web application '/AssignmentTruong'
15-Mar-2024 08:11:05.221 INFO [http-nio-8080-exec-309] org.apache.catalina.core.ApplicationContext.log Manager: list: Listing contexts for virtual host 'localhost'
15-Mar-2024 08:11:05.226 INFO [http-nio-8080-exec-311] org.apache.catalina.core.ApplicationContext.log Manager: stop: Stopping web application '/AssignmentTruong'
15-Mar-2024 08:11:05.232 INFO [http-nio-8080-exec-307] org.apache.catalina.core.ApplicationContext.log Manager: start: Starting web application '/AssignmentTruong'
15-Mar-2024 08:11:05.317 INFO [http-nio-8080-exec-300] org.apache.catalina.core.ApplicationContext.log Manager: list: Listing contexts for virtual host 'localhost'
15-Mar-2024 08:11:05.322 INFO [http-nio-8080-exec-306] org.apache.catalina.core.ApplicationContext.log Manager: restart: Reloading web application '/AssignmentTruong'
15-Mar-2024 08:11:33.003 INFO [http-nio-8080-exec-300] org.apache.catalina.core.ApplicationContext.log Manager: list: Listing contexts for virtual host 'localhost'
15-Mar-2024 08:11:33.006 INFO [http-nio-8080-exec-299] org.apache.catalina.core.ApplicationContext.log Manager: restart: Reloading web application '/AssignmentTruong'
15-Mar-2024 08:12:04.928 INFO [http-nio-8080-exec-306] org.apache.catalina.core.ApplicationContext.log Manager: list: Listing contexts for virtual host 'localhost'
15-Mar-2024 08:12:04.932 INFO [http-nio-8080-exec-310] org.apache.catalina.core.ApplicationContext.log Manager: restart: Reloading web application '/AssignmentTruong'
15-Mar-2024 08:12:53.878 INFO [http-nio-8080-exec-312] org.apache.catalina.core.ApplicationContext.log Manager: list: Listing contexts for virtual host 'localhost'
15-Mar-2024 08:12:53.882 INFO [http-nio-8080-exec-305] org.apache.catalina.core.ApplicationContext.log Manager: restart: Reloading web application '/AssignmentTruong'
15-Mar-2024 08:13:31.768 INFO [http-nio-8080-exec-312] org.apache.catalina.core.ApplicationContext.log Manager: list: Listing contexts for virtual host 'localhost'
15-Mar-2024 08:13:31.772 INFO [http-nio-8080-exec-306] org.apache.catalina.core.ApplicationContext.log Manager: restart: Reloading web application '/AssignmentTruong'
15-Mar-2024 08:13:51.087 INFO [http-nio-8080-exec-298] org.apache.catalina.core.ApplicationContext.log Manager: list: Listing contexts for virtual host 'localhost'
15-Mar-2024 08:13:53.349 INFO [http-nio-8080-exec-314] org.apache.catalina.core.ApplicationContext.log Manager: list: Listing contexts for virtual host 'localhost'
15-Mar-2024 08:13:53.353 INFO [http-nio-8080-exec-306] org.apache.catalina.core.ApplicationContext.log Manager: restart: Reloading web application '/AssignmentTruong'
15-Mar-2024 08:16:34.472 INFO [http-nio-8080-exec-319] org.apache.catalina.core.ApplicationContext.log Manager: list: Listing contexts for virtual host 'localhost'
15-Mar-2024 08:17:50.503 INFO [http-nio-8080-exec-306] org.apache.catalina.core.ApplicationContext.log Manager: list: Listing contexts for virtual host 'localhost'
15-Mar-2024 08:18:06.895 INFO [http-nio-8080-exec-322] org.apache.catalina.core.ApplicationContext.log Manager: list: Listing contexts for virtual host 'localhost'
15-Mar-2024 08:18:15.482 INFO [http-nio-8080-exec-317] org.apache.catalina.core.ApplicationContext.log Manager: list: Listing contexts for virtual host 'localhost'
15-Mar-2024 08:18:15.484 INFO [http-nio-8080-exec-324] org.apache.catalina.core.ApplicationContext.log Manager: list: Listing contexts for virtual host 'localhost'
15-Mar-2024 08:18:15.501 INFO [http-nio-8080-exec-320] org.apache.catalina.core.ApplicationContext.log Manager: stop: Stopping web application '/AssignmentTruong'
15-Mar-2024 08:18:15.515 INFO [http-nio-8080-exec-319] org.apache.catalina.core.ApplicationContext.log Manager: start: Starting web application '/AssignmentTruong'
15-Mar-2024 08:21:04.200 INFO [http-nio-8080-exec-328] org.apache.catalina.core.ApplicationContext.log Manager: list: Listing contexts for virtual host 'localhost'
15-Mar-2024 08:21:04.209 INFO [http-nio-8080-exec-331] org.apache.catalina.core.ApplicationContext.log Manager: stop: Stopping web application '/AssignmentTruong'
15-Mar-2024 08:21:04.215 INFO [http-nio-8080-exec-333] org.apache.catalina.core.ApplicationContext.log Manager: start: Starting web application '/AssignmentTruong'
15-Mar-2024 08:21:04.639 INFO [http-nio-8080-exec-326] org.apache.catalina.core.ApplicationContext.log Manager: list: Listing contexts for virtual host 'localhost'
15-Mar-2024 08:21:04.643 INFO [http-nio-8080-exec-327] org.apache.catalina.core.ApplicationContext.log Manager: restart: Reloading web application '/AssignmentTruong'
15-Mar-2024 08:23:06.569 INFO [http-nio-8080-exec-327] org.apache.catalina.core.ApplicationContext.log Manager: list: Listing contexts for virtual host 'localhost'
15-Mar-2024 08:23:06.573 INFO [http-nio-8080-exec-332] org.apache.catalina.core.ApplicationContext.log Manager: restart: Reloading web application '/AssignmentTruong'
15-Mar-2024 08:23:59.170 INFO [http-nio-8080-exec-328] org.apache.catalina.core.ApplicationContext.log Manager: list: Listing contexts for virtual host 'localhost'
15-Mar-2024 08:23:59.176 INFO [http-nio-8080-exec-318] org.apache.catalina.core.ApplicationContext.log Manager: restart: Reloading web application '/AssignmentTruong'
15-Mar-2024 08:24:04.243 INFO [http-nio-8080-exec-328] org.apache.catalina.core.ApplicationContext.log Manager: list: Listing contexts for virtual host 'localhost'
15-Mar-2024 08:24:04.247 INFO [http-nio-8080-exec-335] org.apache.catalina.core.ApplicationContext.log Manager: restart: Reloading web application '/AssignmentTruong'
15-Mar-2024 08:25:58.108 INFO [http-nio-8080-exec-338] org.apache.catalina.core.ApplicationContext.log Manager: list: Listing contexts for virtual host 'localhost'
15-Mar-2024 08:25:58.112 INFO [http-nio-8080-exec-332] org.apache.catalina.core.ApplicationContext.log Manager: restart: Reloading web application '/AssignmentTruong'
15-Mar-2024 08:26:10.363 INFO [http-nio-8080-exec-338] org.apache.catalina.core.ApplicationContext.log Manager: list: Listing contexts for virtual host 'localhost'
15-Mar-2024 08:26:10.368 INFO [http-nio-8080-exec-336] org.apache.catalina.core.ApplicationContext.log Manager: restart: Reloading web application '/AssignmentTruong'
15-Mar-2024 08:26:45.394 INFO [http-nio-8080-exec-332] org.apache.catalina.core.ApplicationContext.log Manager: list: Listing contexts for virtual host 'localhost'
15-Mar-2024 08:26:45.398 INFO [http-nio-8080-exec-337] org.apache.catalina.core.ApplicationContext.log Manager: restart: Reloading web application '/AssignmentTruong'
